mode: set
github.com/m11ano/avito-shop/internal/app/error.go:14.37,15.24 1 0
github.com/m11ano/avito-shop/internal/app/error.go:15.24,17.3 1 0
github.com/m11ano/avito-shop/internal/app/error.go:18.2,18.18 1 0
github.com/m11ano/avito-shop/internal/app/error.go:21.33,24.2 2 0
github.com/m11ano/avito-shop/internal/app/error.go:26.71,32.2 1 0
github.com/m11ano/avito-shop/internal/app/error.go:34.54,41.2 2 0
github.com/m11ano/avito-shop/internal/app/error.go:43.50,44.16 1 0
github.com/m11ano/avito-shop/internal/app/error.go:44.16,46.3 1 0
github.com/m11ano/avito-shop/internal/app/error.go:48.2,49.10 2 0
github.com/m11ano/avito-shop/internal/app/error.go:52.39,54.2 1 0
github.com/m11ano/avito-shop/internal/app/error.go:56.41,57.14 1 0
github.com/m11ano/avito-shop/internal/app/error.go:57.14,59.3 1 0
github.com/m11ano/avito-shop/internal/app/error.go:60.2,60.33 1 0
github.com/m11ano/avito-shop/internal/app/error.go:60.33,61.18 1 0
github.com/m11ano/avito-shop/internal/app/error.go:61.18,63.4 1 0
github.com/m11ano/avito-shop/internal/app/error.go:65.2,65.14 1 0
github.com/m11ano/avito-shop/internal/app/error.go:68.41,71.2 2 0
github.com/m11ano/avito-shop/internal/app/error.go:73.33,75.2 1 0
github.com/m11ano/avito-shop/internal/app/error.go:77.39,79.2 1 0
github.com/m11ano/avito-shop/internal/app/error.go:81.41,83.2 1 0
github.com/m11ano/avito-shop/internal/app/error.go:85.61,86.16 1 0
github.com/m11ano/avito-shop/internal/app/error.go:86.16,88.3 1 0
github.com/m11ano/avito-shop/internal/app/error.go:89.2,90.10 2 0
github.com/m11ano/avito-shop/internal/app/error.go:93.63,94.16 1 0
github.com/m11ano/avito-shop/internal/app/error.go:94.16,96.3 1 0
github.com/m11ano/avito-shop/internal/app/error.go:97.2,97.22 1 0
github.com/m11ano/avito-shop/internal/app/error.go:97.22,99.3 1 0
github.com/m11ano/avito-shop/internal/app/error.go:100.2,100.22 1 0
github.com/m11ano/avito-shop/internal/app/error.go:100.22,102.3 1 0
github.com/m11ano/avito-shop/internal/app/error.go:103.2,104.10 2 0
github.com/m11ano/avito-shop/internal/app/error.go:107.33,109.2 1 0
github.com/m11ano/avito-shop/internal/app/error.go:111.52,112.16 1 0
github.com/m11ano/avito-shop/internal/app/error.go:112.16,114.3 1 0
github.com/m11ano/avito-shop/internal/app/error.go:116.2,117.10 2 0
github.com/m11ano/avito-shop/internal/app/error_helpers.go:10.50,12.78 2 0
github.com/m11ano/avito-shop/internal/app/error_helpers.go:12.78,14.3 1 0
github.com/m11ano/avito-shop/internal/app/error_helpers.go:15.2,15.45 1 0
github.com/m11ano/avito-shop/internal/app/error_helpers.go:18.52,19.35 1 0
github.com/m11ano/avito-shop/internal/app/error_helpers.go:19.35,21.3 1 0
github.com/m11ano/avito-shop/internal/app/error_helpers.go:22.2,23.28 2 0
github.com/m11ano/avito-shop/internal/app/error_helpers.go:23.28,24.10 1 0
github.com/m11ano/avito-shop/internal/app/error_helpers.go:25.30,26.61 1 0
github.com/m11ano/avito-shop/internal/app/error_helpers.go:27.30,28.61 1 0
github.com/m11ano/avito-shop/internal/app/error_helpers.go:29.30,30.90 1 0
github.com/m11ano/avito-shop/internal/app/error_helpers.go:31.30,32.94 1 0
github.com/m11ano/avito-shop/internal/app/error_helpers.go:33.30,34.91 1 0
github.com/m11ano/avito-shop/internal/app/error_helpers.go:35.30,36.93 1 0
github.com/m11ano/avito-shop/internal/app/error_helpers.go:37.30,38.96 1 0
github.com/m11ano/avito-shop/internal/app/error_helpers.go:39.30,40.97 1 0
github.com/m11ano/avito-shop/internal/app/error_helpers.go:41.11,42.53 1 0
github.com/m11ano/avito-shop/internal/app/error_helpers.go:45.2,45.19 1 0
github.com/m11ano/avito-shop/internal/config/config.go:33.37,38.16 3 0
github.com/m11ano/avito-shop/internal/config/config.go:38.16,40.3 1 0
github.com/m11ano/avito-shop/internal/config/config.go:42.2,42.15 1 0
github.com/m11ano/avito-shop/internal/bootstrap/app.go:24.72,31.3 2 0
github.com/m11ano/avito-shop/internal/bootstrap/app.go:32.79,34.3 1 0
github.com/m11ano/avito-shop/internal/bootstrap/app.go:45.146,47.45 1 0
github.com/m11ano/avito-shop/internal/bootstrap/app.go:47.45,49.19 2 0
github.com/m11ano/avito-shop/internal/bootstrap/app.go:49.19,51.6 1 0
github.com/m11ano/avito-shop/internal/bootstrap/app.go:52.5,55.19 3 0
github.com/m11ano/avito-shop/internal/bootstrap/app.go:55.19,57.6 1 0
github.com/m11ano/avito-shop/internal/bootstrap/app.go:59.5,59.15 1 0
github.com/m11ano/avito-shop/internal/bootstrap/app.go:59.15,60.82 1 0
github.com/m11ano/avito-shop/internal/bootstrap/app.go:60.82,63.21 3 0
github.com/m11ano/avito-shop/internal/bootstrap/app.go:63.21,65.8 1 0
github.com/m11ano/avito-shop/internal/bootstrap/app.go:69.5,69.15 1 0
github.com/m11ano/avito-shop/internal/bootstrap/app.go:71.42,74.19 3 0
github.com/m11ano/avito-shop/internal/bootstrap/app.go:74.19,76.6 1 0
github.com/m11ano/avito-shop/internal/bootstrap/app.go:78.5,81.15 3 0
github.com/m11ano/avito-shop/internal/bootstrap/inf_http_fiber.go:16.71,21.24 2 0
github.com/m11ano/avito-shop/internal/bootstrap/inf_http_fiber.go:21.24,23.3 1 0
github.com/m11ano/avito-shop/internal/bootstrap/inf_http_fiber.go:25.2,29.24 3 0
github.com/m11ano/avito-shop/internal/bootstrap/inf_http_fiber.go:29.24,31.3 1 0
github.com/m11ano/avito-shop/internal/bootstrap/inf_http_fiber.go:33.2,33.23 1 0
github.com/m11ano/avito-shop/internal/bootstrap/inf_http_fiber.go:33.23,35.3 1 0
github.com/m11ano/avito-shop/internal/bootstrap/inf_http_fiber.go:37.2,37.12 1 0
github.com/m11ano/avito-shop/internal/bootstrap/inf_logger.go:10.51,12.24 2 0
github.com/m11ano/avito-shop/internal/bootstrap/inf_logger.go:12.24,14.3 1 0
github.com/m11ano/avito-shop/internal/bootstrap/inf_logger.go:14.8,16.3 1 0
github.com/m11ano/avito-shop/internal/bootstrap/inf_logger.go:17.2,18.15 2 0
github.com/m11ano/avito-shop/internal/bootstrap/inf_pgxv5.go:18.119,21.2 2 0
github.com/m11ano/avito-shop/internal/bootstrap/inf_pgxv5.go:23.97,25.2 1 0
github.com/m11ano/avito-shop/internal/bootstrap/inf_pgxv5.go:27.72,30.16 3 0
github.com/m11ano/avito-shop/internal/bootstrap/inf_pgxv5.go:30.16,31.41 1 0
github.com/m11ano/avito-shop/internal/bootstrap/inf_pgxv5.go:34.2,34.24 1 0
github.com/m11ano/avito-shop/internal/bootstrap/inf_pgxv5.go:34.24,36.3 1 0
github.com/m11ano/avito-shop/internal/bootstrap/inf_pgxv5.go:38.2,39.16 2 0
github.com/m11ano/avito-shop/internal/bootstrap/inf_pgxv5.go:39.16,40.50 1 0
github.com/m11ano/avito-shop/internal/bootstrap/inf_pgxv5.go:43.2,43.15 1 0
github.com/m11ano/avito-shop/internal/bootstrap/inf_pgxv5.go:46.137,49.27 3 0
github.com/m11ano/avito-shop/internal/bootstrap/inf_pgxv5.go:49.27,51.17 2 0
github.com/m11ano/avito-shop/internal/bootstrap/inf_pgxv5.go:51.17,55.12 4 0
github.com/m11ano/avito-shop/internal/bootstrap/inf_pgxv5.go:57.3,57.8 1 0
github.com/m11ano/avito-shop/internal/bootstrap/inf_pgxv5.go:59.2,59.16 1 0
github.com/m11ano/avito-shop/internal/bootstrap/inf_pgxv5.go:59.16,61.3 1 0
github.com/m11ano/avito-shop/internal/bootstrap/inf_pgxv5.go:63.2,63.12 1 0
github.com/m11ano/avito-shop/internal/db/txmngr/provider.go:9.82,10.54 1 0
github.com/m11ano/avito-shop/internal/db/txmngr/provider.go:10.54,12.3 1 0
github.com/m11ano/avito-shop/internal/db/txmngr/tx_manager.go:11.67,25.2 6 0
github.com/m11ano/avito-shop/internal/delivery/http/validation/format_errors.go:9.45,11.66 2 0
github.com/m11ano/avito-shop/internal/delivery/http/validation/format_errors.go:11.66,12.38 1 0
github.com/m11ano/avito-shop/internal/delivery/http/validation/format_errors.go:12.38,14.4 1 0
github.com/m11ano/avito-shop/internal/delivery/http/validation/format_errors.go:17.2,17.22 1 0
github.com/m11ano/avito-shop/internal/delivery/http/validation/format_errors.go:17.22,19.3 1 0
github.com/m11ano/avito-shop/internal/delivery/http/validation/format_errors.go:21.2,21.42 1 0
github.com/m11ano/avito-shop/internal/delivery/http/validation/validator.go:7.41,10.2 2 0
github.com/m11ano/avito-shop/internal/delivery/http/middleware/auth.go:12.60,13.34 1 0
github.com/m11ano/avito-shop/internal/delivery/http/middleware/auth.go:13.34,18.35 3 0
github.com/m11ano/avito-shop/internal/delivery/http/middleware/auth.go:18.35,20.58 2 0
github.com/m11ano/avito-shop/internal/delivery/http/middleware/auth.go:20.58,22.5 1 0
github.com/m11ano/avito-shop/internal/delivery/http/middleware/auth.go:24.4,24.24 1 0
github.com/m11ano/avito-shop/internal/delivery/http/middleware/auth.go:24.24,27.5 2 0
github.com/m11ano/avito-shop/internal/delivery/http/middleware/auth.go:30.3,32.18 2 0
github.com/m11ano/avito-shop/internal/delivery/http/middleware/error_handler.go:12.51,13.45 1 0
github.com/m11ano/avito-shop/internal/delivery/http/middleware/error_handler.go:13.45,17.33 3 0
github.com/m11ano/avito-shop/internal/delivery/http/middleware/error_handler.go:18.24,20.34 2 0
github.com/m11ano/avito-shop/internal/delivery/http/middleware/error_handler.go:21.21,23.29 2 0
github.com/m11ano/avito-shop/internal/delivery/http/middleware/error_handler.go:24.11,25.34 1 0
github.com/m11ano/avito-shop/internal/delivery/http/middleware/error_handler.go:28.3,28.35 1 0
github.com/m11ano/avito-shop/internal/delivery/http/middleware/logger.go:20.57,21.34 1 0
github.com/m11ano/avito-shop/internal/delivery/http/middleware/logger.go:21.34,24.20 2 0
github.com/m11ano/avito-shop/internal/delivery/http/middleware/logger.go:24.20,26.18 2 0
github.com/m11ano/avito-shop/internal/delivery/http/middleware/logger.go:26.18,28.5 1 0
github.com/m11ano/avito-shop/internal/delivery/http/middleware/logger.go:31.3,41.50 4 0
github.com/m11ano/avito-shop/internal/delivery/http/middleware/logger.go:41.50,43.4 1 0
github.com/m11ano/avito-shop/internal/delivery/http/middleware/logger.go:45.3,47.13 2 0
github.com/m11ano/avito-shop/internal/delivery/http/middleware/logger.go:51.89,52.17 1 0
github.com/m11ano/avito-shop/internal/delivery/http/middleware/logger.go:52.17,59.3 1 0
github.com/m11ano/avito-shop/internal/delivery/http/middleware/logger.go:59.8,66.3 1 0
github.com/m11ano/avito-shop/internal/delivery/http/middleware/recovery.go:12.59,13.34 1 0
github.com/m11ano/avito-shop/internal/delivery/http/middleware/recovery.go:13.34,14.16 1 0
github.com/m11ano/avito-shop/internal/delivery/http/middleware/recovery.go:14.16,15.42 1 0
github.com/m11ano/avito-shop/internal/delivery/http/middleware/recovery.go:15.42,17.37 2 0
github.com/m11ano/avito-shop/internal/delivery/http/middleware/recovery.go:18.16,19.19 1 0
github.com/m11ano/avito-shop/internal/delivery/http/middleware/recovery.go:20.17,21.44 1 0
github.com/m11ano/avito-shop/internal/delivery/http/middleware/recovery.go:22.13,23.54 1 0
github.com/m11ano/avito-shop/internal/delivery/http/middleware/recovery.go:26.5,27.26 2 0
github.com/m11ano/avito-shop/internal/delivery/http/middleware/recovery.go:27.26,29.6 1 0
github.com/m11ano/avito-shop/internal/delivery/http/middleware/recovery.go:31.5,31.137 1 0
github.com/m11ano/avito-shop/internal/delivery/http/middleware/recovery.go:35.3,35.18 1 0
github.com/m11ano/avito-shop/internal/delivery/http/middleware/trace_id.go:8.39,9.34 1 0
github.com/m11ano/avito-shop/internal/delivery/http/middleware/trace_id.go:9.34,11.17 2 0
github.com/m11ano/avito-shop/internal/delivery/http/middleware/trace_id.go:11.17,13.4 1 0
github.com/m11ano/avito-shop/internal/delivery/http/middleware/trace_id.go:15.3,17.18 2 0
github.com/m11ano/avito-shop/internal/delivery/http/register_routes.go:11.114,19.2 6 0
github.com/m11ano/avito-shop/internal/delivery/http/controller/auth.go:20.91,21.46 1 0
github.com/m11ano/avito-shop/internal/delivery/http/controller/auth.go:21.46,23.3 1 0
github.com/m11ano/avito-shop/internal/delivery/http/controller/auth.go:24.2,24.17 1 0
github.com/m11ano/avito-shop/internal/delivery/http/controller/auth.go:27.57,30.41 2 0
github.com/m11ano/avito-shop/internal/delivery/http/controller/auth.go:30.41,32.3 1 0
github.com/m11ano/avito-shop/internal/delivery/http/controller/auth.go:34.2,35.9 2 0
github.com/m11ano/avito-shop/internal/delivery/http/controller/auth.go:35.9,37.3 1 0
github.com/m11ano/avito-shop/internal/delivery/http/controller/auth.go:39.2,40.16 2 0
github.com/m11ano/avito-shop/internal/delivery/http/controller/auth.go:40.16,41.38 1 0
github.com/m11ano/avito-shop/internal/delivery/http/controller/auth.go:41.38,43.4 1 0
github.com/m11ano/avito-shop/internal/delivery/http/controller/auth.go:44.3,44.29 1 0
github.com/m11ano/avito-shop/internal/delivery/http/controller/auth.go:47.2,49.20 2 0
github.com/m11ano/avito-shop/internal/delivery/http/controller/buy.go:12.56,13.61 1 0
github.com/m11ano/avito-shop/internal/delivery/http/controller/buy.go:13.61,15.3 1 0
github.com/m11ano/avito-shop/internal/delivery/http/controller/buy.go:17.2,19.65 3 0
github.com/m11ano/avito-shop/internal/delivery/http/controller/buy.go:19.65,21.3 1 0
github.com/m11ano/avito-shop/internal/delivery/http/controller/buy.go:23.2,24.61 2 0
github.com/m11ano/avito-shop/internal/delivery/http/controller/buy.go:24.61,26.3 1 0
github.com/m11ano/avito-shop/internal/delivery/http/controller/buy.go:28.2,31.16 3 0
github.com/m11ano/avito-shop/internal/delivery/http/controller/buy.go:31.16,33.10 1 0
github.com/m11ano/avito-shop/internal/delivery/http/controller/buy.go:34.59,35.70 1 0
github.com/m11ano/avito-shop/internal/delivery/http/controller/buy.go:36.40,37.70 1 0
github.com/m11ano/avito-shop/internal/delivery/http/controller/buy.go:38.40,39.70 1 0
github.com/m11ano/avito-shop/internal/delivery/http/controller/buy.go:40.11,41.14 1 0
github.com/m11ano/avito-shop/internal/delivery/http/controller/buy.go:45.2,45.37 1 0
github.com/m11ano/avito-shop/internal/delivery/http/controller/controller.go:16.195,24.2 1 0
github.com/m11ano/avito-shop/internal/delivery/http/controller/info.go:38.57,39.61 1 0
github.com/m11ano/avito-shop/internal/delivery/http/controller/info.go:39.61,41.3 1 0
github.com/m11ano/avito-shop/internal/delivery/http/controller/info.go:43.2,45.65 3 0
github.com/m11ano/avito-shop/internal/delivery/http/controller/info.go:45.65,47.3 1 0
github.com/m11ano/avito-shop/internal/delivery/http/controller/info.go:49.2,54.16 4 0
github.com/m11ano/avito-shop/internal/delivery/http/controller/info.go:54.16,57.3 2 0
github.com/m11ano/avito-shop/internal/delivery/http/controller/info.go:60.2,61.16 2 0
github.com/m11ano/avito-shop/internal/delivery/http/controller/info.go:61.16,63.3 1 0
github.com/m11ano/avito-shop/internal/delivery/http/controller/info.go:65.2,66.33 2 0
github.com/m11ano/avito-shop/internal/delivery/http/controller/info.go:66.33,70.27 2 0
github.com/m11ano/avito-shop/internal/delivery/http/controller/info.go:70.27,72.4 1 0
github.com/m11ano/avito-shop/internal/delivery/http/controller/info.go:73.3,73.49 1 0
github.com/m11ano/avito-shop/internal/delivery/http/controller/info.go:77.2,78.16 2 0
github.com/m11ano/avito-shop/internal/delivery/http/controller/info.go:78.16,80.3 1 0
github.com/m11ano/avito-shop/internal/delivery/http/controller/info.go:82.2,83.43 2 0
github.com/m11ano/avito-shop/internal/delivery/http/controller/info.go:83.43,88.3 1 0
github.com/m11ano/avito-shop/internal/delivery/http/controller/info.go:91.2,92.16 2 0
github.com/m11ano/avito-shop/internal/delivery/http/controller/info.go:92.16,94.3 1 0
github.com/m11ano/avito-shop/internal/delivery/http/controller/info.go:96.2,97.39 2 0
github.com/m11ano/avito-shop/internal/delivery/http/controller/info.go:97.39,102.3 1 0
github.com/m11ano/avito-shop/internal/delivery/http/controller/info.go:104.2,104.20 1 0
github.com/m11ano/avito-shop/internal/delivery/http/controller/send_coin.go:18.73,19.46 1 0
github.com/m11ano/avito-shop/internal/delivery/http/controller/send_coin.go:19.46,21.3 1 0
github.com/m11ano/avito-shop/internal/delivery/http/controller/send_coin.go:22.2,22.17 1 0
github.com/m11ano/avito-shop/internal/delivery/http/controller/send_coin.go:25.61,26.61 1 0
github.com/m11ano/avito-shop/internal/delivery/http/controller/send_coin.go:26.61,28.3 1 0
github.com/m11ano/avito-shop/internal/delivery/http/controller/send_coin.go:30.2,32.41 2 0
github.com/m11ano/avito-shop/internal/delivery/http/controller/send_coin.go:32.41,34.3 1 0
github.com/m11ano/avito-shop/internal/delivery/http/controller/send_coin.go:36.2,39.9 3 0
github.com/m11ano/avito-shop/internal/delivery/http/controller/send_coin.go:39.9,41.3 1 0
github.com/m11ano/avito-shop/internal/delivery/http/controller/send_coin.go:43.2,44.65 2 0
github.com/m11ano/avito-shop/internal/delivery/http/controller/send_coin.go:44.65,46.3 1 0
github.com/m11ano/avito-shop/internal/delivery/http/controller/send_coin.go:48.2,49.61 2 0
github.com/m11ano/avito-shop/internal/delivery/http/controller/send_coin.go:49.61,51.3 1 0
github.com/m11ano/avito-shop/internal/delivery/http/controller/send_coin.go:53.2,54.16 2 0
github.com/m11ano/avito-shop/internal/delivery/http/controller/send_coin.go:54.16,56.10 1 0
github.com/m11ano/avito-shop/internal/delivery/http/controller/send_coin.go:57.59,58.70 1 0
github.com/m11ano/avito-shop/internal/delivery/http/controller/send_coin.go:59.40,60.70 1 0
github.com/m11ano/avito-shop/internal/delivery/http/controller/send_coin.go:61.40,62.70 1 0
github.com/m11ano/avito-shop/internal/delivery/http/controller/send_coin.go:63.11,64.14 1 0
github.com/m11ano/avito-shop/internal/delivery/http/controller/send_coin.go:68.2,68.37 1 0
github.com/m11ano/avito-shop/internal/migrations/goose_logger.go:12.53,16.2 1 0
github.com/m11ano/avito-shop/internal/migrations/goose_logger.go:18.62,20.2 1 0
github.com/m11ano/avito-shop/internal/migrations/goose_logger.go:22.62,24.2 1 0
github.com/m11ano/avito-shop/internal/migrations/migrate.go:12.86,13.53 1 0
github.com/m11ano/avito-shop/internal/migrations/migrate.go:13.53,16.3 2 0
github.com/m11ano/avito-shop/internal/migrations/migrate.go:17.2,20.51 3 0
github.com/m11ano/avito-shop/internal/migrations/migrate.go:20.51,23.3 2 0
github.com/m11ano/avito-shop/internal/migrations/migrate.go:25.2,25.12 1 0
github.com/m11ano/avito-shop/internal/usecase/account.go:34.129,42.2 2 0
github.com/m11ano/avito-shop/internal/usecase/account.go:44.105,46.2 1 0
github.com/m11ano/avito-shop/internal/usecase/account.go:48.114,50.2 1 0
github.com/m11ano/avito-shop/internal/usecase/account.go:52.80,54.2 1 0
github.com/m11ano/avito-shop/internal/usecase/auth.go:32.151,41.2 2 0
github.com/m11ano/avito-shop/internal/usecase/auth.go:43.100,50.16 3 0
github.com/m11ano/avito-shop/internal/usecase/auth.go:50.16,53.3 2 0
github.com/m11ano/avito-shop/internal/usecase/auth.go:55.2,55.22 1 0
github.com/m11ano/avito-shop/internal/usecase/auth.go:58.107,62.61 3 0
github.com/m11ano/avito-shop/internal/usecase/auth.go:62.61,64.52 2 0
github.com/m11ano/avito-shop/internal/usecase/auth.go:64.52,66.18 2 0
github.com/m11ano/avito-shop/internal/usecase/auth.go:66.18,68.5 1 0
github.com/m11ano/avito-shop/internal/usecase/auth.go:70.4,71.18 2 0
github.com/m11ano/avito-shop/internal/usecase/auth.go:71.18,73.5 1 0
github.com/m11ano/avito-shop/internal/usecase/auth.go:75.4,75.43 1 0
github.com/m11ano/avito-shop/internal/usecase/auth.go:75.43,78.19 3 0
github.com/m11ano/avito-shop/internal/usecase/auth.go:78.19,80.6 1 0
github.com/m11ano/avito-shop/internal/usecase/auth.go:82.9,82.24 1 0
github.com/m11ano/avito-shop/internal/usecase/auth.go:82.24,84.4 1 0
github.com/m11ano/avito-shop/internal/usecase/auth.go:86.3,86.13 1 0
github.com/m11ano/avito-shop/internal/usecase/auth.go:88.2,88.16 1 0
github.com/m11ano/avito-shop/internal/usecase/auth.go:88.16,89.27 1 0
github.com/m11ano/avito-shop/internal/usecase/auth.go:89.27,91.4 1 0
github.com/m11ano/avito-shop/internal/usecase/auth.go:92.3,92.17 1 0
github.com/m11ano/avito-shop/internal/usecase/auth.go:95.2,96.12 2 0
github.com/m11ano/avito-shop/internal/usecase/auth.go:96.12,98.3 1 0
github.com/m11ano/avito-shop/internal/usecase/auth.go:100.2,100.42 1 0
github.com/m11ano/avito-shop/internal/usecase/auth.go:103.94,105.94 2 0
github.com/m11ano/avito-shop/internal/usecase/auth.go:105.94,107.3 1 0
github.com/m11ano/avito-shop/internal/usecase/auth.go:108.2,108.16 1 0
github.com/m11ano/avito-shop/internal/usecase/auth.go:108.16,111.3 2 0
github.com/m11ano/avito-shop/internal/usecase/auth.go:113.2,113.18 1 0
github.com/m11ano/avito-shop/internal/usecase/auth.go:113.18,115.3 1 0
github.com/m11ano/avito-shop/internal/usecase/auth.go:117.2,122.58 5 0
github.com/m11ano/avito-shop/internal/usecase/auth.go:122.58,124.3 1 0
github.com/m11ano/avito-shop/internal/usecase/auth.go:126.2,126.58 1 0
github.com/m11ano/avito-shop/internal/usecase/auth.go:126.58,128.3 1 0
github.com/m11ano/avito-shop/internal/usecase/auth.go:130.2,131.16 2 0
github.com/m11ano/avito-shop/internal/usecase/auth.go:131.16,133.3 1 0
github.com/m11ano/avito-shop/internal/usecase/auth.go:135.2,136.16 2 0
github.com/m11ano/avito-shop/internal/usecase/auth.go:136.16,138.3 1 0
github.com/m11ano/avito-shop/internal/usecase/auth.go:140.2,140.62 1 0
github.com/m11ano/avito-shop/internal/usecase/auth.go:140.62,142.3 1 0
github.com/m11ano/avito-shop/internal/usecase/auth.go:144.2,144.24 1 0
github.com/m11ano/avito-shop/internal/usecase/coin_transfer.go:46.196,56.2 2 0
github.com/m11ano/avito-shop/internal/usecase/coin_transfer.go:59.220,64.61 4 0
github.com/m11ano/avito-shop/internal/usecase/coin_transfer.go:64.61,65.25 1 0
github.com/m11ano/avito-shop/internal/usecase/coin_transfer.go:65.25,67.18 2 0
github.com/m11ano/avito-shop/internal/usecase/coin_transfer.go:67.18,69.5 1 0
github.com/m11ano/avito-shop/internal/usecase/coin_transfer.go:71.4,71.24 1 0
github.com/m11ano/avito-shop/internal/usecase/coin_transfer.go:71.24,73.5 1 0
github.com/m11ano/avito-shop/internal/usecase/coin_transfer.go:76.3,77.17 2 0
github.com/m11ano/avito-shop/internal/usecase/coin_transfer.go:77.17,79.4 1 0
github.com/m11ano/avito-shop/internal/usecase/coin_transfer.go:81.3,81.41 1 0
github.com/m11ano/avito-shop/internal/usecase/coin_transfer.go:81.41,83.4 1 0
github.com/m11ano/avito-shop/internal/usecase/coin_transfer.go:85.3,92.17 6 0
github.com/m11ano/avito-shop/internal/usecase/coin_transfer.go:92.17,94.4 1 0
github.com/m11ano/avito-shop/internal/usecase/coin_transfer.go:96.3,97.17 2 0
github.com/m11ano/avito-shop/internal/usecase/coin_transfer.go:97.17,99.4 1 0
github.com/m11ano/avito-shop/internal/usecase/coin_transfer.go:101.3,102.17 2 0
github.com/m11ano/avito-shop/internal/usecase/coin_transfer.go:102.17,104.4 1 0
github.com/m11ano/avito-shop/internal/usecase/coin_transfer.go:106.3,107.17 2 0
github.com/m11ano/avito-shop/internal/usecase/coin_transfer.go:107.17,109.4 1 0
github.com/m11ano/avito-shop/internal/usecase/coin_transfer.go:111.3,111.13 1 0
github.com/m11ano/avito-shop/internal/usecase/coin_transfer.go:113.2,113.16 1 0
github.com/m11ano/avito-shop/internal/usecase/coin_transfer.go:113.16,114.27 1 0
github.com/m11ano/avito-shop/internal/usecase/coin_transfer.go:114.27,116.4 1 0
github.com/m11ano/avito-shop/internal/usecase/coin_transfer.go:117.3,117.23 1 0
github.com/m11ano/avito-shop/internal/usecase/coin_transfer.go:120.2,120.49 1 0
github.com/m11ano/avito-shop/internal/usecase/coin_transfer.go:123.170,125.16 2 0
github.com/m11ano/avito-shop/internal/usecase/coin_transfer.go:125.16,127.3 1 0
github.com/m11ano/avito-shop/internal/usecase/coin_transfer.go:128.2,129.31 2 0
github.com/m11ano/avito-shop/internal/usecase/coin_transfer.go:129.31,131.3 1 0
github.com/m11ano/avito-shop/internal/usecase/coin_transfer.go:133.2,134.16 2 0
github.com/m11ano/avito-shop/internal/usecase/coin_transfer.go:134.16,136.3 1 0
github.com/m11ano/avito-shop/internal/usecase/coin_transfer.go:138.2,140.31 2 0
github.com/m11ano/avito-shop/internal/usecase/coin_transfer.go:140.31,144.58 2 0
github.com/m11ano/avito-shop/internal/usecase/coin_transfer.go:144.58,146.4 1 0
github.com/m11ano/avito-shop/internal/usecase/coin_transfer.go:148.3,148.38 1 0
github.com/m11ano/avito-shop/internal/usecase/coin_transfer.go:151.2,151.20 1 0
github.com/m11ano/avito-shop/internal/usecase/operation.go:35.135,43.2 2 0
github.com/m11ano/avito-shop/internal/usecase/operation.go:45.105,48.24 3 0
github.com/m11ano/avito-shop/internal/usecase/operation.go:49.36,51.62 1 0
github.com/m11ano/avito-shop/internal/usecase/operation.go:51.62,53.18 2 0
github.com/m11ano/avito-shop/internal/usecase/operation.go:53.18,55.5 1 0
github.com/m11ano/avito-shop/internal/usecase/operation.go:57.4,57.19 1 0
github.com/m11ano/avito-shop/internal/usecase/operation.go:57.19,59.5 1 0
github.com/m11ano/avito-shop/internal/usecase/operation.go:61.4,61.14 1 0
github.com/m11ano/avito-shop/internal/usecase/operation.go:63.3,63.17 1 0
github.com/m11ano/avito-shop/internal/usecase/operation.go:63.17,65.4 1 0
github.com/m11ano/avito-shop/internal/usecase/operation.go:66.36,69.17 2 0
github.com/m11ano/avito-shop/internal/usecase/operation.go:69.17,71.4 1 0
github.com/m11ano/avito-shop/internal/usecase/operation.go:74.2,74.21 1 0
github.com/m11ano/avito-shop/internal/usecase/operation.go:77.111,79.2 1 0
github.com/m11ano/avito-shop/internal/usecase/shop_item.go:28.61,33.2 2 0
github.com/m11ano/avito-shop/internal/usecase/shop_item.go:35.98,37.2 1 0
github.com/m11ano/avito-shop/internal/usecase/shop_item.go:39.99,41.2 1 0
github.com/m11ano/avito-shop/internal/usecase/shop_item.go:43.116,45.2 1 0
github.com/m11ano/avito-shop/internal/usecase/shop_purchase.go:47.222,58.2 2 0
github.com/m11ano/avito-shop/internal/usecase/shop_purchase.go:60.171,64.61 3 0
github.com/m11ano/avito-shop/internal/usecase/shop_purchase.go:64.61,65.25 1 0
github.com/m11ano/avito-shop/internal/usecase/shop_purchase.go:65.25,67.18 2 0
github.com/m11ano/avito-shop/internal/usecase/shop_purchase.go:67.18,69.5 1 0
github.com/m11ano/avito-shop/internal/usecase/shop_purchase.go:71.4,71.24 1 0
github.com/m11ano/avito-shop/internal/usecase/shop_purchase.go:71.24,73.5 1 0
github.com/m11ano/avito-shop/internal/usecase/shop_purchase.go:76.3,77.17 2 0
github.com/m11ano/avito-shop/internal/usecase/shop_purchase.go:77.17,79.4 1 0
github.com/m11ano/avito-shop/internal/usecase/shop_purchase.go:81.3,86.17 4 0
github.com/m11ano/avito-shop/internal/usecase/shop_purchase.go:86.17,88.4 1 0
github.com/m11ano/avito-shop/internal/usecase/shop_purchase.go:90.3,91.17 2 0
github.com/m11ano/avito-shop/internal/usecase/shop_purchase.go:91.17,93.4 1 0
github.com/m11ano/avito-shop/internal/usecase/shop_purchase.go:95.3,95.13 1 0
github.com/m11ano/avito-shop/internal/usecase/shop_purchase.go:97.2,97.16 1 0
github.com/m11ano/avito-shop/internal/usecase/shop_purchase.go:97.16,98.27 1 0
github.com/m11ano/avito-shop/internal/usecase/shop_purchase.go:98.27,100.4 1 0
github.com/m11ano/avito-shop/internal/usecase/shop_purchase.go:101.3,101.18 1 0
github.com/m11ano/avito-shop/internal/usecase/shop_purchase.go:104.2,104.26 1 0
github.com/m11ano/avito-shop/internal/usecase/shop_purchase.go:107.124,109.16 2 0
github.com/m11ano/avito-shop/internal/usecase/shop_purchase.go:109.16,111.3 1 0
github.com/m11ano/avito-shop/internal/usecase/shop_purchase.go:113.2,114.33 2 0
github.com/m11ano/avito-shop/internal/usecase/shop_purchase.go:114.33,116.3 1 0
github.com/m11ano/avito-shop/internal/usecase/shop_purchase.go:118.2,119.16 2 0
github.com/m11ano/avito-shop/internal/usecase/shop_purchase.go:119.16,121.3 1 0
github.com/m11ano/avito-shop/internal/usecase/shop_purchase.go:123.2,125.33 2 0
github.com/m11ano/avito-shop/internal/usecase/shop_purchase.go:125.33,129.53 2 0
github.com/m11ano/avito-shop/internal/usecase/shop_purchase.go:129.53,131.4 1 0
github.com/m11ano/avito-shop/internal/usecase/shop_purchase.go:133.3,133.38 1 0
github.com/m11ano/avito-shop/internal/usecase/shop_purchase.go:136.2,136.20 1 0
github.com/m11ano/avito-shop/internal/repository/account.go:35.13,37.2 1 0
github.com/m11ano/avito-shop/internal/repository/account.go:46.88,53.2 1 0
github.com/m11ano/avito-shop/internal/repository/account.go:55.61,63.2 1 0
github.com/m11ano/avito-shop/internal/repository/account.go:65.101,67.16 2 0
github.com/m11ano/avito-shop/internal/repository/account.go:67.16,70.3 2 0
github.com/m11ano/avito-shop/internal/repository/account.go:72.2,73.16 2 0
github.com/m11ano/avito-shop/internal/repository/account.go:73.16,75.17 2 0
github.com/m11ano/avito-shop/internal/repository/account.go:75.17,77.4 1 0
github.com/m11ano/avito-shop/internal/repository/account.go:78.3,78.22 1 0
github.com/m11ano/avito-shop/internal/repository/account.go:81.2,85.54 3 0
github.com/m11ano/avito-shop/internal/repository/account.go:85.54,87.17 2 0
github.com/m11ano/avito-shop/internal/repository/account.go:87.17,89.4 1 0
github.com/m11ano/avito-shop/internal/repository/account.go:90.3,90.22 1 0
github.com/m11ano/avito-shop/internal/repository/account.go:93.2,95.18 2 0
github.com/m11ano/avito-shop/internal/repository/account.go:98.110,100.16 2 0
github.com/m11ano/avito-shop/internal/repository/account.go:100.16,103.3 2 0
github.com/m11ano/avito-shop/internal/repository/account.go:105.2,106.16 2 0
github.com/m11ano/avito-shop/internal/repository/account.go:106.16,108.17 2 0
github.com/m11ano/avito-shop/internal/repository/account.go:108.17,110.4 1 0
github.com/m11ano/avito-shop/internal/repository/account.go:111.3,111.22 1 0
github.com/m11ano/avito-shop/internal/repository/account.go:114.2,118.18 3 0
github.com/m11ano/avito-shop/internal/repository/account.go:118.18,120.53 2 0
github.com/m11ano/avito-shop/internal/repository/account.go:120.53,122.18 2 0
github.com/m11ano/avito-shop/internal/repository/account.go:122.18,124.5 1 0
github.com/m11ano/avito-shop/internal/repository/account.go:125.4,125.23 1 0
github.com/m11ano/avito-shop/internal/repository/account.go:127.3,128.37 2 0
github.com/m11ano/avito-shop/internal/repository/account.go:130.2,130.35 1 0
github.com/m11ano/avito-shop/internal/repository/account.go:130.35,132.17 2 0
github.com/m11ano/avito-shop/internal/repository/account.go:132.17,134.4 1 0
github.com/m11ano/avito-shop/internal/repository/account.go:135.3,135.22 1 0
github.com/m11ano/avito-shop/internal/repository/account.go:138.2,138.20 1 0
github.com/m11ano/avito-shop/internal/repository/account.go:141.75,143.16 2 0
github.com/m11ano/avito-shop/internal/repository/account.go:143.16,146.3 2 0
github.com/m11ano/avito-shop/internal/repository/account.go:147.2,150.16 3 0
github.com/m11ano/avito-shop/internal/repository/account.go:150.16,153.3 2 0
github.com/m11ano/avito-shop/internal/repository/account.go:155.2,156.16 2 0
github.com/m11ano/avito-shop/internal/repository/account.go:156.16,158.17 2 0
github.com/m11ano/avito-shop/internal/repository/account.go:158.17,160.4 1 0
github.com/m11ano/avito-shop/internal/repository/account.go:161.3,161.17 1 0
github.com/m11ano/avito-shop/internal/repository/account.go:164.2,164.12 1 0
github.com/m11ano/avito-shop/internal/repository/coin_transfer.go:39.13,41.2 1 0
github.com/m11ano/avito-shop/internal/repository/coin_transfer.go:50.98,57.2 1 0
github.com/m11ano/avito-shop/internal/repository/coin_transfer.go:60.76,70.2 1 0
github.com/m11ano/avito-shop/internal/repository/coin_transfer.go:76.87,78.16 2 0
github.com/m11ano/avito-shop/internal/repository/coin_transfer.go:78.16,81.3 2 0
github.com/m11ano/avito-shop/internal/repository/coin_transfer.go:83.2,84.16 2 0
github.com/m11ano/avito-shop/internal/repository/coin_transfer.go:84.16,86.17 2 0
github.com/m11ano/avito-shop/internal/repository/coin_transfer.go:86.17,88.4 1 0
github.com/m11ano/avito-shop/internal/repository/coin_transfer.go:89.3,89.24 1 0
github.com/m11ano/avito-shop/internal/repository/coin_transfer.go:92.2,96.54 3 0
github.com/m11ano/avito-shop/internal/repository/coin_transfer.go:96.54,98.17 2 0
github.com/m11ano/avito-shop/internal/repository/coin_transfer.go:98.17,100.4 1 0
github.com/m11ano/avito-shop/internal/repository/coin_transfer.go:101.3,101.24 1 0
github.com/m11ano/avito-shop/internal/repository/coin_transfer.go:104.2,104.30 1 0
github.com/m11ano/avito-shop/internal/repository/coin_transfer.go:107.85,109.16 2 0
github.com/m11ano/avito-shop/internal/repository/coin_transfer.go:109.16,112.3 2 0
github.com/m11ano/avito-shop/internal/repository/coin_transfer.go:114.2,115.16 2 0
github.com/m11ano/avito-shop/internal/repository/coin_transfer.go:115.16,118.3 2 0
github.com/m11ano/avito-shop/internal/repository/coin_transfer.go:120.2,121.16 2 0
github.com/m11ano/avito-shop/internal/repository/coin_transfer.go:121.16,123.17 2 0
github.com/m11ano/avito-shop/internal/repository/coin_transfer.go:123.17,125.4 1 0
github.com/m11ano/avito-shop/internal/repository/coin_transfer.go:126.3,126.17 1 0
github.com/m11ano/avito-shop/internal/repository/coin_transfer.go:129.2,129.12 1 0
github.com/m11ano/avito-shop/internal/repository/coin_transfer.go:137.191,139.16 2 0
github.com/m11ano/avito-shop/internal/repository/coin_transfer.go:139.16,142.3 2 0
github.com/m11ano/avito-shop/internal/repository/coin_transfer.go:144.2,145.16 2 0
github.com/m11ano/avito-shop/internal/repository/coin_transfer.go:145.16,147.17 2 0
github.com/m11ano/avito-shop/internal/repository/coin_transfer.go:147.17,149.4 1 0
github.com/m11ano/avito-shop/internal/repository/coin_transfer.go:150.3,150.22 1 0
github.com/m11ano/avito-shop/internal/repository/coin_transfer.go:153.2,157.18 3 0
github.com/m11ano/avito-shop/internal/repository/coin_transfer.go:157.18,159.54 2 0
github.com/m11ano/avito-shop/internal/repository/coin_transfer.go:159.54,161.18 2 0
github.com/m11ano/avito-shop/internal/repository/coin_transfer.go:161.18,163.5 1 0
github.com/m11ano/avito-shop/internal/repository/coin_transfer.go:164.4,164.23 1 0
github.com/m11ano/avito-shop/internal/repository/coin_transfer.go:166.3,169.5 1 0
github.com/m11ano/avito-shop/internal/repository/coin_transfer.go:171.2,171.35 1 0
github.com/m11ano/avito-shop/internal/repository/coin_transfer.go:171.35,173.17 2 0
github.com/m11ano/avito-shop/internal/repository/coin_transfer.go:173.17,175.4 1 0
github.com/m11ano/avito-shop/internal/repository/coin_transfer.go:176.3,176.22 1 0
github.com/m11ano/avito-shop/internal/repository/coin_transfer.go:179.2,179.20 1 0
github.com/m11ano/avito-shop/internal/repository/operation.go:42.13,44.2 1 0
github.com/m11ano/avito-shop/internal/repository/operation.go:54.120,62.2 1 0
github.com/m11ano/avito-shop/internal/repository/operation.go:65.67,75.47 2 0
github.com/m11ano/avito-shop/internal/repository/operation.go:75.47,77.3 1 0
github.com/m11ano/avito-shop/internal/repository/operation.go:78.2,78.13 1 0
github.com/m11ano/avito-shop/internal/repository/operation.go:81.88,83.16 2 0
github.com/m11ano/avito-shop/internal/repository/operation.go:83.16,85.3 1 0
github.com/m11ano/avito-shop/internal/repository/operation.go:87.2,87.47 1 0
github.com/m11ano/avito-shop/internal/repository/operation.go:87.47,89.3 1 0
github.com/m11ano/avito-shop/internal/repository/operation.go:91.2,91.21 1 0
github.com/m11ano/avito-shop/internal/repository/operation.go:98.106,100.16 2 0
github.com/m11ano/avito-shop/internal/repository/operation.go:100.16,103.3 2 0
github.com/m11ano/avito-shop/internal/repository/operation.go:105.2,106.16 2 0
github.com/m11ano/avito-shop/internal/repository/operation.go:106.16,108.17 2 0
github.com/m11ano/avito-shop/internal/repository/operation.go:108.17,110.4 1 0
github.com/m11ano/avito-shop/internal/repository/operation.go:111.3,111.27 1 0
github.com/m11ano/avito-shop/internal/repository/operation.go:114.2,118.54 3 0
github.com/m11ano/avito-shop/internal/repository/operation.go:118.54,120.17 2 0
github.com/m11ano/avito-shop/internal/repository/operation.go:120.17,122.4 1 0
github.com/m11ano/avito-shop/internal/repository/operation.go:123.3,123.45 1 0
github.com/m11ano/avito-shop/internal/repository/operation.go:123.45,125.4 1 0
github.com/m11ano/avito-shop/internal/repository/operation.go:126.3,126.27 1 0
github.com/m11ano/avito-shop/internal/repository/operation.go:129.2,129.34 1 0
github.com/m11ano/avito-shop/internal/repository/operation.go:133.94,137.16 3 0
github.com/m11ano/avito-shop/internal/repository/operation.go:137.16,140.3 2 0
github.com/m11ano/avito-shop/internal/repository/operation.go:142.2,143.16 2 0
github.com/m11ano/avito-shop/internal/repository/operation.go:143.16,146.17 3 0
github.com/m11ano/avito-shop/internal/repository/operation.go:146.17,148.4 1 0
github.com/m11ano/avito-shop/internal/repository/operation.go:149.3,149.17 1 0
github.com/m11ano/avito-shop/internal/repository/operation.go:152.2,154.12 2 0
github.com/m11ano/avito-shop/internal/repository/operation.go:157.88,159.16 2 0
github.com/m11ano/avito-shop/internal/repository/operation.go:159.16,162.3 2 0
github.com/m11ano/avito-shop/internal/repository/operation.go:164.2,167.60 2 0
github.com/m11ano/avito-shop/internal/repository/operation.go:167.60,169.17 2 0
github.com/m11ano/avito-shop/internal/repository/operation.go:169.17,172.4 2 0
github.com/m11ano/avito-shop/internal/repository/operation.go:174.3,175.17 2 0
github.com/m11ano/avito-shop/internal/repository/operation.go:175.17,177.18 2 0
github.com/m11ano/avito-shop/internal/repository/operation.go:177.18,179.5 1 0
github.com/m11ano/avito-shop/internal/repository/operation.go:180.4,180.18 1 0
github.com/m11ano/avito-shop/internal/repository/operation.go:184.3,185.17 2 0
github.com/m11ano/avito-shop/internal/repository/operation.go:185.17,187.4 1 0
github.com/m11ano/avito-shop/internal/repository/operation.go:190.3,191.17 2 0
github.com/m11ano/avito-shop/internal/repository/operation.go:191.17,193.4 1 0
github.com/m11ano/avito-shop/internal/repository/operation.go:195.3,195.13 1 0
github.com/m11ano/avito-shop/internal/repository/operation.go:197.2,197.16 1 0
github.com/m11ano/avito-shop/internal/repository/operation.go:197.16,199.3 1 0
github.com/m11ano/avito-shop/internal/repository/operation.go:201.2,201.21 1 0
github.com/m11ano/avito-shop/internal/repository/shop_item.go:32.13,34.2 1 0
github.com/m11ano/avito-shop/internal/repository/shop_item.go:43.90,50.2 1 0
github.com/m11ano/avito-shop/internal/repository/shop_item.go:52.64,58.2 1 0
github.com/m11ano/avito-shop/internal/repository/shop_item.go:60.94,62.16 2 0
github.com/m11ano/avito-shop/internal/repository/shop_item.go:62.16,65.3 2 0
github.com/m11ano/avito-shop/internal/repository/shop_item.go:67.2,68.16 2 0
github.com/m11ano/avito-shop/internal/repository/shop_item.go:68.16,70.17 2 0
github.com/m11ano/avito-shop/internal/repository/shop_item.go:70.17,72.4 1 0
github.com/m11ano/avito-shop/internal/repository/shop_item.go:73.3,73.22 1 0
github.com/m11ano/avito-shop/internal/repository/shop_item.go:76.2,80.54 3 0
github.com/m11ano/avito-shop/internal/repository/shop_item.go:80.54,82.17 2 0
github.com/m11ano/avito-shop/internal/repository/shop_item.go:82.17,84.4 1 0
github.com/m11ano/avito-shop/internal/repository/shop_item.go:85.3,85.22 1 0
github.com/m11ano/avito-shop/internal/repository/shop_item.go:88.2,90.18 2 0
github.com/m11ano/avito-shop/internal/repository/shop_item.go:93.95,95.16 2 0
github.com/m11ano/avito-shop/internal/repository/shop_item.go:95.16,98.3 2 0
github.com/m11ano/avito-shop/internal/repository/shop_item.go:100.2,101.16 2 0
github.com/m11ano/avito-shop/internal/repository/shop_item.go:101.16,103.17 2 0
github.com/m11ano/avito-shop/internal/repository/shop_item.go:103.17,105.4 1 0
github.com/m11ano/avito-shop/internal/repository/shop_item.go:106.3,106.22 1 0
github.com/m11ano/avito-shop/internal/repository/shop_item.go:109.2,113.54 3 0
github.com/m11ano/avito-shop/internal/repository/shop_item.go:113.54,115.17 2 0
github.com/m11ano/avito-shop/internal/repository/shop_item.go:115.17,117.4 1 0
github.com/m11ano/avito-shop/internal/repository/shop_item.go:118.3,118.22 1 0
github.com/m11ano/avito-shop/internal/repository/shop_item.go:121.2,123.18 2 0
github.com/m11ano/avito-shop/internal/repository/shop_item.go:126.112,128.16 2 0
github.com/m11ano/avito-shop/internal/repository/shop_item.go:128.16,131.3 2 0
github.com/m11ano/avito-shop/internal/repository/shop_item.go:133.2,134.16 2 0
github.com/m11ano/avito-shop/internal/repository/shop_item.go:134.16,136.17 2 0
github.com/m11ano/avito-shop/internal/repository/shop_item.go:136.17,138.4 1 0
github.com/m11ano/avito-shop/internal/repository/shop_item.go:139.3,139.22 1 0
github.com/m11ano/avito-shop/internal/repository/shop_item.go:142.2,146.18 3 0
github.com/m11ano/avito-shop/internal/repository/shop_item.go:146.18,148.53 2 0
github.com/m11ano/avito-shop/internal/repository/shop_item.go:148.53,150.18 2 0
github.com/m11ano/avito-shop/internal/repository/shop_item.go:150.18,152.5 1 0
github.com/m11ano/avito-shop/internal/repository/shop_item.go:153.4,153.23 1 0
github.com/m11ano/avito-shop/internal/repository/shop_item.go:155.3,156.37 2 0
github.com/m11ano/avito-shop/internal/repository/shop_item.go:158.2,158.35 1 0
github.com/m11ano/avito-shop/internal/repository/shop_item.go:158.35,160.17 2 0
github.com/m11ano/avito-shop/internal/repository/shop_item.go:160.17,162.4 1 0
github.com/m11ano/avito-shop/internal/repository/shop_item.go:163.3,163.22 1 0
github.com/m11ano/avito-shop/internal/repository/shop_item.go:166.2,166.20 1 0
github.com/m11ano/avito-shop/internal/repository/shop_purchase.go:38.13,40.2 1 0
github.com/m11ano/avito-shop/internal/repository/shop_purchase.go:49.98,56.2 1 0
github.com/m11ano/avito-shop/internal/repository/shop_purchase.go:59.76,68.2 1 0
github.com/m11ano/avito-shop/internal/repository/shop_purchase.go:74.87,76.16 2 0
github.com/m11ano/avito-shop/internal/repository/shop_purchase.go:76.16,79.3 2 0
github.com/m11ano/avito-shop/internal/repository/shop_purchase.go:81.2,82.16 2 0
github.com/m11ano/avito-shop/internal/repository/shop_purchase.go:82.16,84.17 2 0
github.com/m11ano/avito-shop/internal/repository/shop_purchase.go:84.17,86.4 1 0
github.com/m11ano/avito-shop/internal/repository/shop_purchase.go:87.3,87.24 1 0
github.com/m11ano/avito-shop/internal/repository/shop_purchase.go:90.2,94.54 3 0
github.com/m11ano/avito-shop/internal/repository/shop_purchase.go:94.54,96.17 2 0
github.com/m11ano/avito-shop/internal/repository/shop_purchase.go:96.17,98.4 1 0
github.com/m11ano/avito-shop/internal/repository/shop_purchase.go:99.3,99.24 1 0
github.com/m11ano/avito-shop/internal/repository/shop_purchase.go:102.2,102.30 1 0
github.com/m11ano/avito-shop/internal/repository/shop_purchase.go:105.85,107.16 2 0
github.com/m11ano/avito-shop/internal/repository/shop_purchase.go:107.16,110.3 2 0
github.com/m11ano/avito-shop/internal/repository/shop_purchase.go:112.2,113.16 2 0
github.com/m11ano/avito-shop/internal/repository/shop_purchase.go:113.16,116.3 2 0
github.com/m11ano/avito-shop/internal/repository/shop_purchase.go:118.2,119.16 2 0
github.com/m11ano/avito-shop/internal/repository/shop_purchase.go:119.16,121.17 2 0
github.com/m11ano/avito-shop/internal/repository/shop_purchase.go:121.17,123.4 1 0
github.com/m11ano/avito-shop/internal/repository/shop_purchase.go:124.3,124.17 1 0
github.com/m11ano/avito-shop/internal/repository/shop_purchase.go:127.2,127.12 1 0
github.com/m11ano/avito-shop/internal/repository/shop_purchase.go:135.150,137.16 2 0
github.com/m11ano/avito-shop/internal/repository/shop_purchase.go:137.16,140.3 2 0
github.com/m11ano/avito-shop/internal/repository/shop_purchase.go:142.2,143.16 2 0
github.com/m11ano/avito-shop/internal/repository/shop_purchase.go:143.16,145.17 2 0
github.com/m11ano/avito-shop/internal/repository/shop_purchase.go:145.17,147.4 1 0
github.com/m11ano/avito-shop/internal/repository/shop_purchase.go:148.3,148.22 1 0
github.com/m11ano/avito-shop/internal/repository/shop_purchase.go:151.2,155.18 3 0
github.com/m11ano/avito-shop/internal/repository/shop_purchase.go:155.18,157.54 2 0
github.com/m11ano/avito-shop/internal/repository/shop_purchase.go:157.54,159.18 2 0
github.com/m11ano/avito-shop/internal/repository/shop_purchase.go:159.18,161.5 1 0
github.com/m11ano/avito-shop/internal/repository/shop_purchase.go:162.4,162.23 1 0
github.com/m11ano/avito-shop/internal/repository/shop_purchase.go:164.3,167.5 1 0
github.com/m11ano/avito-shop/internal/repository/shop_purchase.go:169.2,169.35 1 0
github.com/m11ano/avito-shop/internal/repository/shop_purchase.go:169.35,171.17 2 0
github.com/m11ano/avito-shop/internal/repository/shop_purchase.go:171.17,173.4 1 0
github.com/m11ano/avito-shop/internal/repository/shop_purchase.go:174.3,174.22 1 0
github.com/m11ano/avito-shop/internal/repository/shop_purchase.go:177.2,177.20 1 0
github.com/m11ano/avito-shop/internal/domain/account.go:18.63,20.16 2 1
github.com/m11ano/avito-shop/internal/domain/account.go:20.16,22.3 1 0
github.com/m11ano/avito-shop/internal/domain/account.go:24.2,26.12 2 1
github.com/m11ano/avito-shop/internal/domain/account.go:29.56,32.2 2 1
github.com/m11ano/avito-shop/internal/domain/account.go:35.69,44.16 3 1
github.com/m11ano/avito-shop/internal/domain/account.go:44.16,46.3 1 0
github.com/m11ano/avito-shop/internal/domain/account.go:48.2,48.21 1 1
github.com/m11ano/avito-shop/internal/domain/coin_transfer.go:26.164,36.2 1 0
github.com/m11ano/avito-shop/internal/domain/operation.go:34.148,44.2 1 0
github.com/m11ano/avito-shop/internal/domain/shop_purchase.go:18.115,27.2 1 0
github.com/m11ano/avito-shop/internal/app/error.go:14.37,15.24 1 0
github.com/m11ano/avito-shop/internal/app/error.go:15.24,17.3 1 0
github.com/m11ano/avito-shop/internal/app/error.go:18.2,18.18 1 0
github.com/m11ano/avito-shop/internal/app/error.go:21.33,24.2 2 1
github.com/m11ano/avito-shop/internal/app/error.go:26.71,32.2 1 0
github.com/m11ano/avito-shop/internal/app/error.go:34.54,41.2 2 1
github.com/m11ano/avito-shop/internal/app/error.go:43.50,44.16 1 1
github.com/m11ano/avito-shop/internal/app/error.go:44.16,46.3 1 0
github.com/m11ano/avito-shop/internal/app/error.go:48.2,49.10 2 1
github.com/m11ano/avito-shop/internal/app/error.go:52.39,54.2 1 1
github.com/m11ano/avito-shop/internal/app/error.go:56.41,57.14 1 1
github.com/m11ano/avito-shop/internal/app/error.go:57.14,59.3 1 0
github.com/m11ano/avito-shop/internal/app/error.go:60.2,60.33 1 1
github.com/m11ano/avito-shop/internal/app/error.go:60.33,61.18 1 1
github.com/m11ano/avito-shop/internal/app/error.go:61.18,63.4 1 1
github.com/m11ano/avito-shop/internal/app/error.go:65.2,65.14 1 1
github.com/m11ano/avito-shop/internal/app/error.go:68.41,71.2 2 1
github.com/m11ano/avito-shop/internal/app/error.go:73.33,75.2 1 0
github.com/m11ano/avito-shop/internal/app/error.go:77.39,79.2 1 0
github.com/m11ano/avito-shop/internal/app/error.go:81.41,83.2 1 0
github.com/m11ano/avito-shop/internal/app/error.go:85.61,86.16 1 1
github.com/m11ano/avito-shop/internal/app/error.go:86.16,88.3 1 0
github.com/m11ano/avito-shop/internal/app/error.go:89.2,90.10 2 1
github.com/m11ano/avito-shop/internal/app/error.go:93.63,94.16 1 0
github.com/m11ano/avito-shop/internal/app/error.go:94.16,96.3 1 0
github.com/m11ano/avito-shop/internal/app/error.go:97.2,97.22 1 0
github.com/m11ano/avito-shop/internal/app/error.go:97.22,99.3 1 0
github.com/m11ano/avito-shop/internal/app/error.go:100.2,100.22 1 0
github.com/m11ano/avito-shop/internal/app/error.go:100.22,102.3 1 0
github.com/m11ano/avito-shop/internal/app/error.go:103.2,104.10 2 0
github.com/m11ano/avito-shop/internal/app/error.go:107.33,109.2 1 0
github.com/m11ano/avito-shop/internal/app/error.go:111.52,112.16 1 0
github.com/m11ano/avito-shop/internal/app/error.go:112.16,114.3 1 0
github.com/m11ano/avito-shop/internal/app/error.go:116.2,117.10 2 0
github.com/m11ano/avito-shop/internal/app/error_helpers.go:10.50,12.78 2 0
github.com/m11ano/avito-shop/internal/app/error_helpers.go:12.78,14.3 1 0
github.com/m11ano/avito-shop/internal/app/error_helpers.go:15.2,15.45 1 0
github.com/m11ano/avito-shop/internal/app/error_helpers.go:18.52,19.35 1 0
github.com/m11ano/avito-shop/internal/app/error_helpers.go:19.35,21.3 1 0
github.com/m11ano/avito-shop/internal/app/error_helpers.go:22.2,23.28 2 0
github.com/m11ano/avito-shop/internal/app/error_helpers.go:23.28,24.10 1 0
github.com/m11ano/avito-shop/internal/app/error_helpers.go:25.30,26.61 1 0
github.com/m11ano/avito-shop/internal/app/error_helpers.go:27.30,28.61 1 0
github.com/m11ano/avito-shop/internal/app/error_helpers.go:29.30,30.90 1 0
github.com/m11ano/avito-shop/internal/app/error_helpers.go:31.30,32.94 1 0
github.com/m11ano/avito-shop/internal/app/error_helpers.go:33.30,34.91 1 0
github.com/m11ano/avito-shop/internal/app/error_helpers.go:35.30,36.93 1 0
github.com/m11ano/avito-shop/internal/app/error_helpers.go:37.30,38.96 1 0
github.com/m11ano/avito-shop/internal/app/error_helpers.go:39.30,40.97 1 0
github.com/m11ano/avito-shop/internal/app/error_helpers.go:41.11,42.53 1 0
github.com/m11ano/avito-shop/internal/app/error_helpers.go:45.2,45.19 1 0
github.com/m11ano/avito-shop/internal/config/config.go:33.37,38.16 3 1
github.com/m11ano/avito-shop/internal/config/config.go:38.16,40.3 1 0
github.com/m11ano/avito-shop/internal/config/config.go:42.2,42.15 1 1
github.com/m11ano/avito-shop/internal/db/txmngr/provider.go:9.82,10.54 1 1
github.com/m11ano/avito-shop/internal/db/txmngr/provider.go:10.54,12.3 1 1
github.com/m11ano/avito-shop/internal/db/txmngr/tx_manager.go:11.67,25.2 6 1
github.com/m11ano/avito-shop/internal/usecase/account.go:34.129,42.2 2 1
github.com/m11ano/avito-shop/internal/usecase/account.go:44.105,46.2 1 1
github.com/m11ano/avito-shop/internal/usecase/account.go:48.114,50.2 1 1
github.com/m11ano/avito-shop/internal/usecase/account.go:52.80,54.2 1 1
github.com/m11ano/avito-shop/internal/usecase/auth.go:32.151,41.2 2 1
github.com/m11ano/avito-shop/internal/usecase/auth.go:43.100,50.16 3 1
github.com/m11ano/avito-shop/internal/usecase/auth.go:50.16,53.3 2 0
github.com/m11ano/avito-shop/internal/usecase/auth.go:55.2,55.22 1 1
github.com/m11ano/avito-shop/internal/usecase/auth.go:58.107,62.61 3 1
github.com/m11ano/avito-shop/internal/usecase/auth.go:62.61,64.52 2 1
github.com/m11ano/avito-shop/internal/usecase/auth.go:64.52,66.18 2 1
github.com/m11ano/avito-shop/internal/usecase/auth.go:66.18,68.5 1 0
github.com/m11ano/avito-shop/internal/usecase/auth.go:70.4,71.18 2 1
github.com/m11ano/avito-shop/internal/usecase/auth.go:71.18,73.5 1 1
github.com/m11ano/avito-shop/internal/usecase/auth.go:75.4,75.43 1 1
github.com/m11ano/avito-shop/internal/usecase/auth.go:75.43,78.19 3 1
github.com/m11ano/avito-shop/internal/usecase/auth.go:78.19,80.6 1 1
github.com/m11ano/avito-shop/internal/usecase/auth.go:82.9,82.24 1 1
github.com/m11ano/avito-shop/internal/usecase/auth.go:82.24,84.4 1 1
github.com/m11ano/avito-shop/internal/usecase/auth.go:86.3,86.13 1 1
github.com/m11ano/avito-shop/internal/usecase/auth.go:88.2,88.16 1 1
github.com/m11ano/avito-shop/internal/usecase/auth.go:88.16,89.27 1 1
github.com/m11ano/avito-shop/internal/usecase/auth.go:89.27,91.4 1 1
github.com/m11ano/avito-shop/internal/usecase/auth.go:92.3,92.17 1 1
github.com/m11ano/avito-shop/internal/usecase/auth.go:95.2,96.12 2 1
github.com/m11ano/avito-shop/internal/usecase/auth.go:96.12,98.3 1 1
github.com/m11ano/avito-shop/internal/usecase/auth.go:100.2,100.42 1 1
github.com/m11ano/avito-shop/internal/usecase/auth.go:103.94,105.94 2 1
github.com/m11ano/avito-shop/internal/usecase/auth.go:105.94,107.3 1 1
github.com/m11ano/avito-shop/internal/usecase/auth.go:108.2,108.16 1 1
github.com/m11ano/avito-shop/internal/usecase/auth.go:108.16,111.3 2 1
github.com/m11ano/avito-shop/internal/usecase/auth.go:113.2,113.18 1 1
github.com/m11ano/avito-shop/internal/usecase/auth.go:113.18,115.3 1 0
github.com/m11ano/avito-shop/internal/usecase/auth.go:117.2,122.58 5 1
github.com/m11ano/avito-shop/internal/usecase/auth.go:122.58,124.3 1 1
github.com/m11ano/avito-shop/internal/usecase/auth.go:126.2,126.58 1 1
github.com/m11ano/avito-shop/internal/usecase/auth.go:126.58,128.3 1 1
github.com/m11ano/avito-shop/internal/usecase/auth.go:130.2,131.16 2 1
github.com/m11ano/avito-shop/internal/usecase/auth.go:131.16,133.3 1 1
github.com/m11ano/avito-shop/internal/usecase/auth.go:135.2,136.16 2 1
github.com/m11ano/avito-shop/internal/usecase/auth.go:136.16,138.3 1 1
github.com/m11ano/avito-shop/internal/usecase/auth.go:140.2,140.62 1 1
github.com/m11ano/avito-shop/internal/usecase/auth.go:140.62,142.3 1 1
github.com/m11ano/avito-shop/internal/usecase/auth.go:144.2,144.24 1 1
github.com/m11ano/avito-shop/internal/usecase/coin_transfer.go:46.196,56.2 2 0
github.com/m11ano/avito-shop/internal/usecase/coin_transfer.go:59.220,64.61 4 0
github.com/m11ano/avito-shop/internal/usecase/coin_transfer.go:64.61,65.25 1 0
github.com/m11ano/avito-shop/internal/usecase/coin_transfer.go:65.25,67.18 2 0
github.com/m11ano/avito-shop/internal/usecase/coin_transfer.go:67.18,69.5 1 0
github.com/m11ano/avito-shop/internal/usecase/coin_transfer.go:71.4,71.24 1 0
github.com/m11ano/avito-shop/internal/usecase/coin_transfer.go:71.24,73.5 1 0
github.com/m11ano/avito-shop/internal/usecase/coin_transfer.go:76.3,77.17 2 0
github.com/m11ano/avito-shop/internal/usecase/coin_transfer.go:77.17,79.4 1 0
github.com/m11ano/avito-shop/internal/usecase/coin_transfer.go:81.3,81.41 1 0
github.com/m11ano/avito-shop/internal/usecase/coin_transfer.go:81.41,83.4 1 0
github.com/m11ano/avito-shop/internal/usecase/coin_transfer.go:85.3,92.17 6 0
github.com/m11ano/avito-shop/internal/usecase/coin_transfer.go:92.17,94.4 1 0
github.com/m11ano/avito-shop/internal/usecase/coin_transfer.go:96.3,97.17 2 0
github.com/m11ano/avito-shop/internal/usecase/coin_transfer.go:97.17,99.4 1 0
github.com/m11ano/avito-shop/internal/usecase/coin_transfer.go:101.3,102.17 2 0
github.com/m11ano/avito-shop/internal/usecase/coin_transfer.go:102.17,104.4 1 0
github.com/m11ano/avito-shop/internal/usecase/coin_transfer.go:106.3,107.17 2 0
github.com/m11ano/avito-shop/internal/usecase/coin_transfer.go:107.17,109.4 1 0
github.com/m11ano/avito-shop/internal/usecase/coin_transfer.go:111.3,111.13 1 0
github.com/m11ano/avito-shop/internal/usecase/coin_transfer.go:113.2,113.16 1 0
github.com/m11ano/avito-shop/internal/usecase/coin_transfer.go:113.16,114.27 1 0
github.com/m11ano/avito-shop/internal/usecase/coin_transfer.go:114.27,116.4 1 0
github.com/m11ano/avito-shop/internal/usecase/coin_transfer.go:117.3,117.23 1 0
github.com/m11ano/avito-shop/internal/usecase/coin_transfer.go:120.2,120.49 1 0
github.com/m11ano/avito-shop/internal/usecase/coin_transfer.go:123.170,125.16 2 0
github.com/m11ano/avito-shop/internal/usecase/coin_transfer.go:125.16,127.3 1 0
github.com/m11ano/avito-shop/internal/usecase/coin_transfer.go:128.2,129.31 2 0
github.com/m11ano/avito-shop/internal/usecase/coin_transfer.go:129.31,131.3 1 0
github.com/m11ano/avito-shop/internal/usecase/coin_transfer.go:133.2,134.16 2 0
github.com/m11ano/avito-shop/internal/usecase/coin_transfer.go:134.16,136.3 1 0
github.com/m11ano/avito-shop/internal/usecase/coin_transfer.go:138.2,140.31 2 0
github.com/m11ano/avito-shop/internal/usecase/coin_transfer.go:140.31,144.58 2 0
github.com/m11ano/avito-shop/internal/usecase/coin_transfer.go:144.58,146.4 1 0
github.com/m11ano/avito-shop/internal/usecase/coin_transfer.go:148.3,148.38 1 0
github.com/m11ano/avito-shop/internal/usecase/coin_transfer.go:151.2,151.20 1 0
github.com/m11ano/avito-shop/internal/usecase/operation.go:35.135,43.2 2 1
github.com/m11ano/avito-shop/internal/usecase/operation.go:45.105,48.24 3 1
github.com/m11ano/avito-shop/internal/usecase/operation.go:49.36,51.62 1 1
github.com/m11ano/avito-shop/internal/usecase/operation.go:51.62,53.18 2 1
github.com/m11ano/avito-shop/internal/usecase/operation.go:53.18,55.5 1 1
github.com/m11ano/avito-shop/internal/usecase/operation.go:57.4,57.19 1 1
github.com/m11ano/avito-shop/internal/usecase/operation.go:57.19,59.5 1 1
github.com/m11ano/avito-shop/internal/usecase/operation.go:61.4,61.14 1 1
github.com/m11ano/avito-shop/internal/usecase/operation.go:63.3,63.17 1 1
github.com/m11ano/avito-shop/internal/usecase/operation.go:63.17,65.4 1 1
github.com/m11ano/avito-shop/internal/usecase/operation.go:66.36,69.17 2 1
github.com/m11ano/avito-shop/internal/usecase/operation.go:69.17,71.4 1 1
github.com/m11ano/avito-shop/internal/usecase/operation.go:74.2,74.21 1 1
github.com/m11ano/avito-shop/internal/usecase/operation.go:77.111,79.2 1 1
github.com/m11ano/avito-shop/internal/usecase/shop_item.go:28.61,33.2 2 0
github.com/m11ano/avito-shop/internal/usecase/shop_item.go:35.98,37.2 1 0
github.com/m11ano/avito-shop/internal/usecase/shop_item.go:39.99,41.2 1 0
github.com/m11ano/avito-shop/internal/usecase/shop_item.go:43.116,45.2 1 0
github.com/m11ano/avito-shop/internal/usecase/shop_purchase.go:47.222,58.2 2 0
github.com/m11ano/avito-shop/internal/usecase/shop_purchase.go:60.171,64.61 3 0
github.com/m11ano/avito-shop/internal/usecase/shop_purchase.go:64.61,65.25 1 0
github.com/m11ano/avito-shop/internal/usecase/shop_purchase.go:65.25,67.18 2 0
github.com/m11ano/avito-shop/internal/usecase/shop_purchase.go:67.18,69.5 1 0
github.com/m11ano/avito-shop/internal/usecase/shop_purchase.go:71.4,71.24 1 0
github.com/m11ano/avito-shop/internal/usecase/shop_purchase.go:71.24,73.5 1 0
github.com/m11ano/avito-shop/internal/usecase/shop_purchase.go:76.3,77.17 2 0
github.com/m11ano/avito-shop/internal/usecase/shop_purchase.go:77.17,79.4 1 0
github.com/m11ano/avito-shop/internal/usecase/shop_purchase.go:81.3,86.17 4 0
github.com/m11ano/avito-shop/internal/usecase/shop_purchase.go:86.17,88.4 1 0
github.com/m11ano/avito-shop/internal/usecase/shop_purchase.go:90.3,91.17 2 0
github.com/m11ano/avito-shop/internal/usecase/shop_purchase.go:91.17,93.4 1 0
github.com/m11ano/avito-shop/internal/usecase/shop_purchase.go:95.3,95.13 1 0
github.com/m11ano/avito-shop/internal/usecase/shop_purchase.go:97.2,97.16 1 0
github.com/m11ano/avito-shop/internal/usecase/shop_purchase.go:97.16,98.27 1 0
github.com/m11ano/avito-shop/internal/usecase/shop_purchase.go:98.27,100.4 1 0
github.com/m11ano/avito-shop/internal/usecase/shop_purchase.go:101.3,101.18 1 0
github.com/m11ano/avito-shop/internal/usecase/shop_purchase.go:104.2,104.26 1 0
github.com/m11ano/avito-shop/internal/usecase/shop_purchase.go:107.124,109.16 2 0
github.com/m11ano/avito-shop/internal/usecase/shop_purchase.go:109.16,111.3 1 0
github.com/m11ano/avito-shop/internal/usecase/shop_purchase.go:113.2,114.33 2 0
github.com/m11ano/avito-shop/internal/usecase/shop_purchase.go:114.33,116.3 1 0
github.com/m11ano/avito-shop/internal/usecase/shop_purchase.go:118.2,119.16 2 0
github.com/m11ano/avito-shop/internal/usecase/shop_purchase.go:119.16,121.3 1 0
github.com/m11ano/avito-shop/internal/usecase/shop_purchase.go:123.2,125.33 2 0
github.com/m11ano/avito-shop/internal/usecase/shop_purchase.go:125.33,129.53 2 0
github.com/m11ano/avito-shop/internal/usecase/shop_purchase.go:129.53,131.4 1 0
github.com/m11ano/avito-shop/internal/usecase/shop_purchase.go:133.3,133.38 1 0
github.com/m11ano/avito-shop/internal/usecase/shop_purchase.go:136.2,136.20 1 0
