mode: set
github.com/m11ano/avito-shop/internal/delivery/http/middleware/auth.go:12.60,13.34 1 0
github.com/m11ano/avito-shop/internal/delivery/http/middleware/auth.go:13.34,18.35 3 0
github.com/m11ano/avito-shop/internal/delivery/http/middleware/auth.go:18.35,20.56 2 0
github.com/m11ano/avito-shop/internal/delivery/http/middleware/auth.go:20.56,22.5 1 0
github.com/m11ano/avito-shop/internal/delivery/http/middleware/auth.go:24.4,24.24 1 0
github.com/m11ano/avito-shop/internal/delivery/http/middleware/auth.go:24.24,27.5 2 0
github.com/m11ano/avito-shop/internal/delivery/http/middleware/auth.go:30.3,32.18 2 0
github.com/m11ano/avito-shop/internal/delivery/http/middleware/error_handler.go:12.51,13.45 1 0
github.com/m11ano/avito-shop/internal/delivery/http/middleware/error_handler.go:13.45,17.33 3 0
github.com/m11ano/avito-shop/internal/delivery/http/middleware/error_handler.go:18.22,20.34 2 0
github.com/m11ano/avito-shop/internal/delivery/http/middleware/error_handler.go:21.21,23.29 2 0
github.com/m11ano/avito-shop/internal/delivery/http/middleware/error_handler.go:24.11,25.34 1 0
github.com/m11ano/avito-shop/internal/delivery/http/middleware/error_handler.go:28.3,28.35 1 0
github.com/m11ano/avito-shop/internal/delivery/http/middleware/logger.go:20.57,21.34 1 0
github.com/m11ano/avito-shop/internal/delivery/http/middleware/logger.go:21.34,24.20 2 0
github.com/m11ano/avito-shop/internal/delivery/http/middleware/logger.go:24.20,26.18 2 0
github.com/m11ano/avito-shop/internal/delivery/http/middleware/logger.go:26.18,28.5 1 0
github.com/m11ano/avito-shop/internal/delivery/http/middleware/logger.go:31.3,41.50 4 0
github.com/m11ano/avito-shop/internal/delivery/http/middleware/logger.go:41.50,43.4 1 0
github.com/m11ano/avito-shop/internal/delivery/http/middleware/logger.go:45.3,47.13 2 0
github.com/m11ano/avito-shop/internal/delivery/http/middleware/logger.go:51.89,52.17 1 0
github.com/m11ano/avito-shop/internal/delivery/http/middleware/logger.go:52.17,59.3 1 0
github.com/m11ano/avito-shop/internal/delivery/http/middleware/logger.go:59.8,66.3 1 0
github.com/m11ano/avito-shop/internal/delivery/http/middleware/recovery.go:12.59,13.34 1 0
github.com/m11ano/avito-shop/internal/delivery/http/middleware/recovery.go:13.34,14.16 1 0
github.com/m11ano/avito-shop/internal/delivery/http/middleware/recovery.go:14.16,15.42 1 0
github.com/m11ano/avito-shop/internal/delivery/http/middleware/recovery.go:15.42,17.37 2 0
github.com/m11ano/avito-shop/internal/delivery/http/middleware/recovery.go:18.16,19.19 1 0
github.com/m11ano/avito-shop/internal/delivery/http/middleware/recovery.go:20.17,21.44 1 0
github.com/m11ano/avito-shop/internal/delivery/http/middleware/recovery.go:22.13,23.54 1 0
github.com/m11ano/avito-shop/internal/delivery/http/middleware/recovery.go:26.5,27.26 2 0
github.com/m11ano/avito-shop/internal/delivery/http/middleware/recovery.go:27.26,29.6 1 0
github.com/m11ano/avito-shop/internal/delivery/http/middleware/recovery.go:31.5,31.137 1 0
github.com/m11ano/avito-shop/internal/delivery/http/middleware/recovery.go:35.3,35.18 1 0
github.com/m11ano/avito-shop/internal/delivery/http/middleware/trace_id.go:8.39,9.34 1 0
github.com/m11ano/avito-shop/internal/delivery/http/middleware/trace_id.go:9.34,11.17 2 0
github.com/m11ano/avito-shop/internal/delivery/http/middleware/trace_id.go:11.17,13.4 1 0
github.com/m11ano/avito-shop/internal/delivery/http/middleware/trace_id.go:15.3,17.18 2 0
github.com/m11ano/avito-shop/internal/delivery/http/validation/format_errors.go:9.45,11.66 2 0
github.com/m11ano/avito-shop/internal/delivery/http/validation/format_errors.go:11.66,12.38 1 0
github.com/m11ano/avito-shop/internal/delivery/http/validation/format_errors.go:12.38,14.4 1 0
github.com/m11ano/avito-shop/internal/delivery/http/validation/format_errors.go:17.2,17.22 1 0
github.com/m11ano/avito-shop/internal/delivery/http/validation/format_errors.go:17.22,19.3 1 0
github.com/m11ano/avito-shop/internal/delivery/http/validation/format_errors.go:21.2,21.42 1 0
github.com/m11ano/avito-shop/internal/delivery/http/validation/validator.go:7.41,10.2 2 0
github.com/m11ano/avito-shop/internal/bootstrap/app.go:25.58,26.30 1 0
github.com/m11ano/avito-shop/internal/bootstrap/app.go:26.30,28.4 1 0
github.com/m11ano/avito-shop/internal/bootstrap/app.go:29.3,31.4 1 0
github.com/m11ano/avito-shop/internal/bootstrap/app.go:34.72,41.3 2 0
github.com/m11ano/avito-shop/internal/bootstrap/app.go:42.79,44.3 1 0
github.com/m11ano/avito-shop/internal/bootstrap/app.go:55.146,57.45 1 0
github.com/m11ano/avito-shop/internal/bootstrap/app.go:57.45,59.19 2 0
github.com/m11ano/avito-shop/internal/bootstrap/app.go:59.19,61.6 1 0
github.com/m11ano/avito-shop/internal/bootstrap/app.go:62.5,65.19 3 0
github.com/m11ano/avito-shop/internal/bootstrap/app.go:65.19,67.6 1 0
github.com/m11ano/avito-shop/internal/bootstrap/app.go:69.5,69.29 1 0
github.com/m11ano/avito-shop/internal/bootstrap/app.go:69.29,70.16 1 0
github.com/m11ano/avito-shop/internal/bootstrap/app.go:70.16,71.83 1 0
github.com/m11ano/avito-shop/internal/bootstrap/app.go:71.83,74.22 3 0
github.com/m11ano/avito-shop/internal/bootstrap/app.go:74.22,76.9 1 0
github.com/m11ano/avito-shop/internal/bootstrap/app.go:81.5,81.15 1 0
github.com/m11ano/avito-shop/internal/bootstrap/app.go:83.42,84.29 1 0
github.com/m11ano/avito-shop/internal/bootstrap/app.go:84.29,87.20 3 0
github.com/m11ano/avito-shop/internal/bootstrap/app.go:87.20,89.7 1 0
github.com/m11ano/avito-shop/internal/bootstrap/app.go:92.5,95.15 3 0
github.com/m11ano/avito-shop/internal/bootstrap/inf_http_fiber.go:16.71,21.24 2 0
github.com/m11ano/avito-shop/internal/bootstrap/inf_http_fiber.go:21.24,23.3 1 0
github.com/m11ano/avito-shop/internal/bootstrap/inf_http_fiber.go:25.2,29.24 3 0
github.com/m11ano/avito-shop/internal/bootstrap/inf_http_fiber.go:29.24,31.3 1 0
github.com/m11ano/avito-shop/internal/bootstrap/inf_http_fiber.go:33.2,33.23 1 0
github.com/m11ano/avito-shop/internal/bootstrap/inf_http_fiber.go:33.23,35.3 1 0
github.com/m11ano/avito-shop/internal/bootstrap/inf_http_fiber.go:37.2,37.12 1 0
github.com/m11ano/avito-shop/internal/bootstrap/inf_logger.go:11.51,13.9 2 0
github.com/m11ano/avito-shop/internal/bootstrap/inf_logger.go:14.29,15.49 1 0
github.com/m11ano/avito-shop/internal/bootstrap/inf_logger.go:16.25,17.48 1 0
github.com/m11ano/avito-shop/internal/bootstrap/inf_logger.go:18.10,19.48 1 0
github.com/m11ano/avito-shop/internal/bootstrap/inf_logger.go:22.2,23.15 2 0
github.com/m11ano/avito-shop/internal/bootstrap/inf_pgxv5.go:18.119,21.2 2 0
github.com/m11ano/avito-shop/internal/bootstrap/inf_pgxv5.go:23.97,25.2 1 0
github.com/m11ano/avito-shop/internal/bootstrap/inf_pgxv5.go:27.72,30.16 3 0
github.com/m11ano/avito-shop/internal/bootstrap/inf_pgxv5.go:30.16,31.41 1 0
github.com/m11ano/avito-shop/internal/bootstrap/inf_pgxv5.go:34.2,34.24 1 0
github.com/m11ano/avito-shop/internal/bootstrap/inf_pgxv5.go:34.24,36.3 1 0
github.com/m11ano/avito-shop/internal/bootstrap/inf_pgxv5.go:38.2,39.16 2 0
github.com/m11ano/avito-shop/internal/bootstrap/inf_pgxv5.go:39.16,40.50 1 0
github.com/m11ano/avito-shop/internal/bootstrap/inf_pgxv5.go:43.2,43.15 1 0
github.com/m11ano/avito-shop/internal/bootstrap/inf_pgxv5.go:46.137,49.27 3 0
github.com/m11ano/avito-shop/internal/bootstrap/inf_pgxv5.go:49.27,51.17 2 0
github.com/m11ano/avito-shop/internal/bootstrap/inf_pgxv5.go:51.17,55.12 4 0
github.com/m11ano/avito-shop/internal/bootstrap/inf_pgxv5.go:57.3,57.8 1 0
github.com/m11ano/avito-shop/internal/bootstrap/inf_pgxv5.go:59.2,59.16 1 0
github.com/m11ano/avito-shop/internal/bootstrap/inf_pgxv5.go:59.16,61.3 1 0
github.com/m11ano/avito-shop/internal/bootstrap/inf_pgxv5.go:63.2,63.12 1 0
github.com/m11ano/avito-shop/internal/delivery/http/register_routes.go:11.114,19.2 6 0
github.com/m11ano/avito-shop/internal/delivery/http/controller/auth.go:20.91,21.46 1 0
github.com/m11ano/avito-shop/internal/delivery/http/controller/auth.go:21.46,23.3 1 0
github.com/m11ano/avito-shop/internal/delivery/http/controller/auth.go:24.2,24.17 1 0
github.com/m11ano/avito-shop/internal/delivery/http/controller/auth.go:27.57,30.41 2 0
github.com/m11ano/avito-shop/internal/delivery/http/controller/auth.go:30.41,32.3 1 0
github.com/m11ano/avito-shop/internal/delivery/http/controller/auth.go:34.2,35.9 2 0
github.com/m11ano/avito-shop/internal/delivery/http/controller/auth.go:35.9,37.3 1 0
github.com/m11ano/avito-shop/internal/delivery/http/controller/auth.go:39.2,40.16 2 0
github.com/m11ano/avito-shop/internal/delivery/http/controller/auth.go:40.16,41.36 1 0
github.com/m11ano/avito-shop/internal/delivery/http/controller/auth.go:41.36,43.4 1 0
github.com/m11ano/avito-shop/internal/delivery/http/controller/auth.go:44.3,44.27 1 0
github.com/m11ano/avito-shop/internal/delivery/http/controller/auth.go:47.2,49.20 2 0
github.com/m11ano/avito-shop/internal/delivery/http/controller/buy.go:12.56,13.61 1 0
github.com/m11ano/avito-shop/internal/delivery/http/controller/buy.go:13.61,15.3 1 0
github.com/m11ano/avito-shop/internal/delivery/http/controller/buy.go:17.2,19.65 3 0
github.com/m11ano/avito-shop/internal/delivery/http/controller/buy.go:19.65,21.3 1 0
github.com/m11ano/avito-shop/internal/delivery/http/controller/buy.go:23.2,24.61 2 0
github.com/m11ano/avito-shop/internal/delivery/http/controller/buy.go:24.61,26.3 1 0
github.com/m11ano/avito-shop/internal/delivery/http/controller/buy.go:28.2,31.16 3 0
github.com/m11ano/avito-shop/internal/delivery/http/controller/buy.go:31.16,33.10 1 0
github.com/m11ano/avito-shop/internal/delivery/http/controller/buy.go:34.59,35.66 1 0
github.com/m11ano/avito-shop/internal/delivery/http/controller/buy.go:36.38,37.66 1 0
github.com/m11ano/avito-shop/internal/delivery/http/controller/buy.go:38.38,39.66 1 0
github.com/m11ano/avito-shop/internal/delivery/http/controller/buy.go:40.11,41.14 1 0
github.com/m11ano/avito-shop/internal/delivery/http/controller/buy.go:45.2,45.37 1 0
github.com/m11ano/avito-shop/internal/delivery/http/controller/controller.go:19.216,28.2 1 0
github.com/m11ano/avito-shop/internal/delivery/http/controller/info.go:38.57,39.61 1 0
github.com/m11ano/avito-shop/internal/delivery/http/controller/info.go:39.61,41.3 1 0
github.com/m11ano/avito-shop/internal/delivery/http/controller/info.go:43.2,45.65 3 0
github.com/m11ano/avito-shop/internal/delivery/http/controller/info.go:45.65,47.3 1 0
github.com/m11ano/avito-shop/internal/delivery/http/controller/info.go:49.2,54.16 4 0
github.com/m11ano/avito-shop/internal/delivery/http/controller/info.go:54.16,57.3 2 0
github.com/m11ano/avito-shop/internal/delivery/http/controller/info.go:60.2,61.16 2 0
github.com/m11ano/avito-shop/internal/delivery/http/controller/info.go:61.16,63.3 1 0
github.com/m11ano/avito-shop/internal/delivery/http/controller/info.go:65.2,66.33 2 0
github.com/m11ano/avito-shop/internal/delivery/http/controller/info.go:66.33,70.27 2 0
github.com/m11ano/avito-shop/internal/delivery/http/controller/info.go:70.27,72.4 1 0
github.com/m11ano/avito-shop/internal/delivery/http/controller/info.go:73.3,73.49 1 0
github.com/m11ano/avito-shop/internal/delivery/http/controller/info.go:77.2,78.16 2 0
github.com/m11ano/avito-shop/internal/delivery/http/controller/info.go:78.16,80.3 1 0
github.com/m11ano/avito-shop/internal/delivery/http/controller/info.go:82.2,83.43 2 0
github.com/m11ano/avito-shop/internal/delivery/http/controller/info.go:83.43,88.3 1 0
github.com/m11ano/avito-shop/internal/delivery/http/controller/info.go:91.2,92.16 2 0
github.com/m11ano/avito-shop/internal/delivery/http/controller/info.go:92.16,94.3 1 0
github.com/m11ano/avito-shop/internal/delivery/http/controller/info.go:96.2,97.39 2 0
github.com/m11ano/avito-shop/internal/delivery/http/controller/info.go:97.39,102.3 1 0
github.com/m11ano/avito-shop/internal/delivery/http/controller/info.go:104.2,104.20 1 0
github.com/m11ano/avito-shop/internal/delivery/http/controller/send_coin.go:18.73,19.46 1 0
github.com/m11ano/avito-shop/internal/delivery/http/controller/send_coin.go:19.46,21.3 1 0
github.com/m11ano/avito-shop/internal/delivery/http/controller/send_coin.go:22.2,22.17 1 0
github.com/m11ano/avito-shop/internal/delivery/http/controller/send_coin.go:25.61,26.61 1 0
github.com/m11ano/avito-shop/internal/delivery/http/controller/send_coin.go:26.61,28.3 1 0
github.com/m11ano/avito-shop/internal/delivery/http/controller/send_coin.go:30.2,32.41 2 0
github.com/m11ano/avito-shop/internal/delivery/http/controller/send_coin.go:32.41,34.3 1 0
github.com/m11ano/avito-shop/internal/delivery/http/controller/send_coin.go:36.2,39.9 3 0
github.com/m11ano/avito-shop/internal/delivery/http/controller/send_coin.go:39.9,41.3 1 0
github.com/m11ano/avito-shop/internal/delivery/http/controller/send_coin.go:43.2,44.65 2 0
github.com/m11ano/avito-shop/internal/delivery/http/controller/send_coin.go:44.65,46.3 1 0
github.com/m11ano/avito-shop/internal/delivery/http/controller/send_coin.go:48.2,49.61 2 0
github.com/m11ano/avito-shop/internal/delivery/http/controller/send_coin.go:49.61,51.3 1 0
github.com/m11ano/avito-shop/internal/delivery/http/controller/send_coin.go:53.2,54.16 2 0
github.com/m11ano/avito-shop/internal/delivery/http/controller/send_coin.go:54.16,56.10 1 0
github.com/m11ano/avito-shop/internal/delivery/http/controller/send_coin.go:57.59,58.66 1 0
github.com/m11ano/avito-shop/internal/delivery/http/controller/send_coin.go:59.38,60.66 1 0
github.com/m11ano/avito-shop/internal/delivery/http/controller/send_coin.go:61.38,62.66 1 0
github.com/m11ano/avito-shop/internal/delivery/http/controller/send_coin.go:63.11,64.14 1 0
github.com/m11ano/avito-shop/internal/delivery/http/controller/send_coin.go:68.2,68.37 1 0
github.com/m11ano/avito-shop/cmd/app/main.go:11.13,19.35 2 0
github.com/m11ano/avito-shop/cmd/app/main.go:19.35,21.4 1 0
github.com/m11ano/avito-shop/cmd/app/main.go:25.2,25.11 1 0
github.com/m11ano/avito-shop/internal/infra/config/config.go:36.37,41.16 3 0
github.com/m11ano/avito-shop/internal/infra/config/config.go:41.16,43.3 1 0
github.com/m11ano/avito-shop/internal/infra/config/config.go:45.2,45.15 1 0
github.com/m11ano/avito-shop/internal/usecase/account.go:34.129,42.2 2 0
github.com/m11ano/avito-shop/internal/usecase/account.go:44.105,46.2 1 0
github.com/m11ano/avito-shop/internal/usecase/account.go:48.114,50.2 1 0
github.com/m11ano/avito-shop/internal/usecase/account.go:52.80,54.2 1 0
github.com/m11ano/avito-shop/internal/usecase/auth.go:32.151,41.2 2 0
github.com/m11ano/avito-shop/internal/usecase/auth.go:43.100,50.2 2 0
github.com/m11ano/avito-shop/internal/usecase/auth.go:52.107,56.61 3 0
github.com/m11ano/avito-shop/internal/usecase/auth.go:56.61,58.50 2 0
github.com/m11ano/avito-shop/internal/usecase/auth.go:58.50,60.18 2 0
github.com/m11ano/avito-shop/internal/usecase/auth.go:60.18,62.5 1 0
github.com/m11ano/avito-shop/internal/usecase/auth.go:64.4,65.18 2 0
github.com/m11ano/avito-shop/internal/usecase/auth.go:65.18,67.5 1 0
github.com/m11ano/avito-shop/internal/usecase/auth.go:69.4,69.43 1 0
github.com/m11ano/avito-shop/internal/usecase/auth.go:69.43,72.19 3 0
github.com/m11ano/avito-shop/internal/usecase/auth.go:72.19,74.6 1 0
github.com/m11ano/avito-shop/internal/usecase/auth.go:76.9,76.24 1 0
github.com/m11ano/avito-shop/internal/usecase/auth.go:76.24,78.4 1 0
github.com/m11ano/avito-shop/internal/usecase/auth.go:80.3,80.13 1 0
github.com/m11ano/avito-shop/internal/usecase/auth.go:82.2,82.16 1 0
github.com/m11ano/avito-shop/internal/usecase/auth.go:82.16,83.25 1 0
github.com/m11ano/avito-shop/internal/usecase/auth.go:83.25,85.4 1 0
github.com/m11ano/avito-shop/internal/usecase/auth.go:86.3,86.17 1 0
github.com/m11ano/avito-shop/internal/usecase/auth.go:89.2,90.12 2 0
github.com/m11ano/avito-shop/internal/usecase/auth.go:90.12,92.3 1 0
github.com/m11ano/avito-shop/internal/usecase/auth.go:94.2,94.42 1 0
github.com/m11ano/avito-shop/internal/usecase/auth.go:97.92,99.94 2 0
github.com/m11ano/avito-shop/internal/usecase/auth.go:99.94,101.3 1 0
github.com/m11ano/avito-shop/internal/usecase/auth.go:102.2,102.32 1 0
github.com/m11ano/avito-shop/internal/usecase/auth.go:102.32,104.3 1 0
github.com/m11ano/avito-shop/internal/usecase/auth.go:106.2,111.58 5 0
github.com/m11ano/avito-shop/internal/usecase/auth.go:111.58,113.3 1 0
github.com/m11ano/avito-shop/internal/usecase/auth.go:115.2,115.58 1 0
github.com/m11ano/avito-shop/internal/usecase/auth.go:115.58,117.3 1 0
github.com/m11ano/avito-shop/internal/usecase/auth.go:119.2,120.16 2 0
github.com/m11ano/avito-shop/internal/usecase/auth.go:120.16,122.3 1 0
github.com/m11ano/avito-shop/internal/usecase/auth.go:124.2,125.16 2 0
github.com/m11ano/avito-shop/internal/usecase/auth.go:125.16,127.3 1 0
github.com/m11ano/avito-shop/internal/usecase/auth.go:129.2,129.62 1 0
github.com/m11ano/avito-shop/internal/usecase/auth.go:129.62,131.3 1 0
github.com/m11ano/avito-shop/internal/usecase/auth.go:133.2,133.24 1 0
github.com/m11ano/avito-shop/internal/usecase/coin_transfer.go:48.196,58.2 2 0
github.com/m11ano/avito-shop/internal/usecase/coin_transfer.go:61.219,66.17 4 0
github.com/m11ano/avito-shop/internal/usecase/coin_transfer.go:66.17,68.3 1 0
github.com/m11ano/avito-shop/internal/usecase/coin_transfer.go:70.2,70.61 1 0
github.com/m11ano/avito-shop/internal/usecase/coin_transfer.go:70.61,71.25 1 0
github.com/m11ano/avito-shop/internal/usecase/coin_transfer.go:71.25,73.18 2 0
github.com/m11ano/avito-shop/internal/usecase/coin_transfer.go:73.18,75.5 1 0
github.com/m11ano/avito-shop/internal/usecase/coin_transfer.go:77.4,77.24 1 0
github.com/m11ano/avito-shop/internal/usecase/coin_transfer.go:77.24,79.5 1 0
github.com/m11ano/avito-shop/internal/usecase/coin_transfer.go:82.3,83.17 2 0
github.com/m11ano/avito-shop/internal/usecase/coin_transfer.go:83.17,85.4 1 0
github.com/m11ano/avito-shop/internal/usecase/coin_transfer.go:87.3,87.41 1 0
github.com/m11ano/avito-shop/internal/usecase/coin_transfer.go:87.41,89.4 1 0
github.com/m11ano/avito-shop/internal/usecase/coin_transfer.go:91.3,98.17 6 0
github.com/m11ano/avito-shop/internal/usecase/coin_transfer.go:98.17,100.4 1 0
github.com/m11ano/avito-shop/internal/usecase/coin_transfer.go:102.3,103.17 2 0
github.com/m11ano/avito-shop/internal/usecase/coin_transfer.go:103.17,105.4 1 0
github.com/m11ano/avito-shop/internal/usecase/coin_transfer.go:107.3,108.17 2 0
github.com/m11ano/avito-shop/internal/usecase/coin_transfer.go:108.17,110.4 1 0
github.com/m11ano/avito-shop/internal/usecase/coin_transfer.go:112.3,113.17 2 0
github.com/m11ano/avito-shop/internal/usecase/coin_transfer.go:113.17,115.4 1 0
github.com/m11ano/avito-shop/internal/usecase/coin_transfer.go:117.3,117.13 1 0
github.com/m11ano/avito-shop/internal/usecase/coin_transfer.go:119.2,119.16 1 0
github.com/m11ano/avito-shop/internal/usecase/coin_transfer.go:119.16,120.25 1 0
github.com/m11ano/avito-shop/internal/usecase/coin_transfer.go:120.25,122.4 1 0
github.com/m11ano/avito-shop/internal/usecase/coin_transfer.go:123.3,123.23 1 0
github.com/m11ano/avito-shop/internal/usecase/coin_transfer.go:126.2,126.49 1 0
github.com/m11ano/avito-shop/internal/usecase/coin_transfer.go:129.170,131.16 2 0
github.com/m11ano/avito-shop/internal/usecase/coin_transfer.go:131.16,133.3 1 0
github.com/m11ano/avito-shop/internal/usecase/coin_transfer.go:134.2,135.31 2 0
github.com/m11ano/avito-shop/internal/usecase/coin_transfer.go:135.31,137.3 1 0
github.com/m11ano/avito-shop/internal/usecase/coin_transfer.go:139.2,140.16 2 0
github.com/m11ano/avito-shop/internal/usecase/coin_transfer.go:140.16,142.3 1 0
github.com/m11ano/avito-shop/internal/usecase/coin_transfer.go:144.2,146.31 2 0
github.com/m11ano/avito-shop/internal/usecase/coin_transfer.go:146.31,150.58 2 0
github.com/m11ano/avito-shop/internal/usecase/coin_transfer.go:150.58,152.4 1 0
github.com/m11ano/avito-shop/internal/usecase/coin_transfer.go:154.3,154.38 1 0
github.com/m11ano/avito-shop/internal/usecase/coin_transfer.go:157.2,157.20 1 0
github.com/m11ano/avito-shop/internal/usecase/operation.go:35.135,43.2 2 0
github.com/m11ano/avito-shop/internal/usecase/operation.go:45.105,48.24 3 0
github.com/m11ano/avito-shop/internal/usecase/operation.go:49.36,51.62 1 0
github.com/m11ano/avito-shop/internal/usecase/operation.go:51.62,53.18 2 0
github.com/m11ano/avito-shop/internal/usecase/operation.go:53.18,55.5 1 0
github.com/m11ano/avito-shop/internal/usecase/operation.go:57.4,57.19 1 0
github.com/m11ano/avito-shop/internal/usecase/operation.go:57.19,59.5 1 0
github.com/m11ano/avito-shop/internal/usecase/operation.go:61.4,61.14 1 0
github.com/m11ano/avito-shop/internal/usecase/operation.go:63.3,63.17 1 0
github.com/m11ano/avito-shop/internal/usecase/operation.go:63.17,65.4 1 0
github.com/m11ano/avito-shop/internal/usecase/operation.go:66.36,69.17 2 0
github.com/m11ano/avito-shop/internal/usecase/operation.go:69.17,71.4 1 0
github.com/m11ano/avito-shop/internal/usecase/operation.go:74.2,74.21 1 0
github.com/m11ano/avito-shop/internal/usecase/operation.go:77.111,79.2 1 0
github.com/m11ano/avito-shop/internal/usecase/shop_item.go:28.61,33.2 2 0
github.com/m11ano/avito-shop/internal/usecase/shop_item.go:35.98,37.2 1 0
github.com/m11ano/avito-shop/internal/usecase/shop_item.go:39.99,41.2 1 0
github.com/m11ano/avito-shop/internal/usecase/shop_item.go:43.116,45.2 1 0
github.com/m11ano/avito-shop/internal/usecase/shop_purchase.go:47.222,58.2 2 0
github.com/m11ano/avito-shop/internal/usecase/shop_purchase.go:60.171,64.61 3 0
github.com/m11ano/avito-shop/internal/usecase/shop_purchase.go:64.61,65.25 1 0
github.com/m11ano/avito-shop/internal/usecase/shop_purchase.go:65.25,67.18 2 0
github.com/m11ano/avito-shop/internal/usecase/shop_purchase.go:67.18,69.5 1 0
github.com/m11ano/avito-shop/internal/usecase/shop_purchase.go:71.4,71.24 1 0
github.com/m11ano/avito-shop/internal/usecase/shop_purchase.go:71.24,73.5 1 0
github.com/m11ano/avito-shop/internal/usecase/shop_purchase.go:76.3,77.17 2 0
github.com/m11ano/avito-shop/internal/usecase/shop_purchase.go:77.17,79.4 1 0
github.com/m11ano/avito-shop/internal/usecase/shop_purchase.go:81.3,86.17 4 0
github.com/m11ano/avito-shop/internal/usecase/shop_purchase.go:86.17,88.4 1 0
github.com/m11ano/avito-shop/internal/usecase/shop_purchase.go:90.3,91.17 2 0
github.com/m11ano/avito-shop/internal/usecase/shop_purchase.go:91.17,93.4 1 0
github.com/m11ano/avito-shop/internal/usecase/shop_purchase.go:95.3,95.13 1 0
github.com/m11ano/avito-shop/internal/usecase/shop_purchase.go:97.2,97.16 1 0
github.com/m11ano/avito-shop/internal/usecase/shop_purchase.go:97.16,98.25 1 0
github.com/m11ano/avito-shop/internal/usecase/shop_purchase.go:98.25,100.4 1 0
github.com/m11ano/avito-shop/internal/usecase/shop_purchase.go:101.3,101.18 1 0
github.com/m11ano/avito-shop/internal/usecase/shop_purchase.go:104.2,104.26 1 0
github.com/m11ano/avito-shop/internal/usecase/shop_purchase.go:107.124,109.16 2 0
github.com/m11ano/avito-shop/internal/usecase/shop_purchase.go:109.16,111.3 1 0
github.com/m11ano/avito-shop/internal/usecase/shop_purchase.go:113.2,114.33 2 0
github.com/m11ano/avito-shop/internal/usecase/shop_purchase.go:114.33,116.3 1 0
github.com/m11ano/avito-shop/internal/usecase/shop_purchase.go:118.2,119.16 2 0
github.com/m11ano/avito-shop/internal/usecase/shop_purchase.go:119.16,121.3 1 0
github.com/m11ano/avito-shop/internal/usecase/shop_purchase.go:123.2,125.33 2 0
github.com/m11ano/avito-shop/internal/usecase/shop_purchase.go:125.33,129.53 2 0
github.com/m11ano/avito-shop/internal/usecase/shop_purchase.go:129.53,131.4 1 0
github.com/m11ano/avito-shop/internal/usecase/shop_purchase.go:133.3,133.38 1 0
github.com/m11ano/avito-shop/internal/usecase/shop_purchase.go:136.2,136.20 1 0
github.com/m11ano/avito-shop/internal/infra/db/txmngr/provider.go:9.82,10.54 1 0
github.com/m11ano/avito-shop/internal/infra/db/txmngr/provider.go:10.54,12.3 1 0
github.com/m11ano/avito-shop/internal/infra/db/txmngr/tx_manager.go:11.67,25.2 6 0
github.com/m11ano/avito-shop/internal/infra/db/migrations/goose_logger.go:12.53,16.2 1 0
github.com/m11ano/avito-shop/internal/infra/db/migrations/goose_logger.go:18.62,20.2 1 0
github.com/m11ano/avito-shop/internal/infra/db/migrations/goose_logger.go:22.62,24.2 1 0
github.com/m11ano/avito-shop/internal/infra/db/migrations/migrate.go:13.108,14.53 1 0
github.com/m11ano/avito-shop/internal/infra/db/migrations/migrate.go:14.53,17.3 2 0
github.com/m11ano/avito-shop/internal/infra/db/migrations/migrate.go:18.2,21.63 3 0
github.com/m11ano/avito-shop/internal/infra/db/migrations/migrate.go:21.63,24.3 2 0
github.com/m11ano/avito-shop/internal/infra/db/migrations/migrate.go:26.2,26.12 1 0
github.com/m11ano/avito-shop/internal/repository/account.go:35.13,37.2 1 0
github.com/m11ano/avito-shop/internal/repository/account.go:46.88,53.2 1 0
github.com/m11ano/avito-shop/internal/repository/account.go:55.61,63.2 1 0
github.com/m11ano/avito-shop/internal/repository/account.go:65.101,67.16 2 0
github.com/m11ano/avito-shop/internal/repository/account.go:67.16,70.3 2 0
github.com/m11ano/avito-shop/internal/repository/account.go:72.2,73.16 2 0
github.com/m11ano/avito-shop/internal/repository/account.go:73.16,75.17 2 0
github.com/m11ano/avito-shop/internal/repository/account.go:75.17,77.4 1 0
github.com/m11ano/avito-shop/internal/repository/account.go:78.3,78.22 1 0
github.com/m11ano/avito-shop/internal/repository/account.go:81.2,85.54 3 0
github.com/m11ano/avito-shop/internal/repository/account.go:85.54,87.17 2 0
github.com/m11ano/avito-shop/internal/repository/account.go:87.17,89.4 1 0
github.com/m11ano/avito-shop/internal/repository/account.go:90.3,90.22 1 0
github.com/m11ano/avito-shop/internal/repository/account.go:93.2,95.18 2 0
github.com/m11ano/avito-shop/internal/repository/account.go:98.110,100.16 2 0
github.com/m11ano/avito-shop/internal/repository/account.go:100.16,103.3 2 0
github.com/m11ano/avito-shop/internal/repository/account.go:105.2,106.16 2 0
github.com/m11ano/avito-shop/internal/repository/account.go:106.16,108.17 2 0
github.com/m11ano/avito-shop/internal/repository/account.go:108.17,110.4 1 0
github.com/m11ano/avito-shop/internal/repository/account.go:111.3,111.22 1 0
github.com/m11ano/avito-shop/internal/repository/account.go:114.2,118.18 3 0
github.com/m11ano/avito-shop/internal/repository/account.go:118.18,120.53 2 0
github.com/m11ano/avito-shop/internal/repository/account.go:120.53,122.18 2 0
github.com/m11ano/avito-shop/internal/repository/account.go:122.18,124.5 1 0
github.com/m11ano/avito-shop/internal/repository/account.go:125.4,125.23 1 0
github.com/m11ano/avito-shop/internal/repository/account.go:127.3,128.37 2 0
github.com/m11ano/avito-shop/internal/repository/account.go:130.2,130.35 1 0
github.com/m11ano/avito-shop/internal/repository/account.go:130.35,132.17 2 0
github.com/m11ano/avito-shop/internal/repository/account.go:132.17,134.4 1 0
github.com/m11ano/avito-shop/internal/repository/account.go:135.3,135.22 1 0
github.com/m11ano/avito-shop/internal/repository/account.go:138.2,138.20 1 0
github.com/m11ano/avito-shop/internal/repository/account.go:141.75,143.16 2 0
github.com/m11ano/avito-shop/internal/repository/account.go:143.16,146.3 2 0
github.com/m11ano/avito-shop/internal/repository/account.go:147.2,150.16 3 0
github.com/m11ano/avito-shop/internal/repository/account.go:150.16,153.3 2 0
github.com/m11ano/avito-shop/internal/repository/account.go:155.2,156.16 2 0
github.com/m11ano/avito-shop/internal/repository/account.go:156.16,158.17 2 0
github.com/m11ano/avito-shop/internal/repository/account.go:158.17,160.4 1 0
github.com/m11ano/avito-shop/internal/repository/account.go:161.3,161.17 1 0
github.com/m11ano/avito-shop/internal/repository/account.go:164.2,164.12 1 0
github.com/m11ano/avito-shop/internal/repository/coin_transfer.go:39.13,41.2 1 0
github.com/m11ano/avito-shop/internal/repository/coin_transfer.go:50.98,57.2 1 0
github.com/m11ano/avito-shop/internal/repository/coin_transfer.go:60.76,70.2 1 0
github.com/m11ano/avito-shop/internal/repository/coin_transfer.go:76.87,78.16 2 0
github.com/m11ano/avito-shop/internal/repository/coin_transfer.go:78.16,81.3 2 0
github.com/m11ano/avito-shop/internal/repository/coin_transfer.go:83.2,84.16 2 0
github.com/m11ano/avito-shop/internal/repository/coin_transfer.go:84.16,86.17 2 0
github.com/m11ano/avito-shop/internal/repository/coin_transfer.go:86.17,88.4 1 0
github.com/m11ano/avito-shop/internal/repository/coin_transfer.go:89.3,89.24 1 0
github.com/m11ano/avito-shop/internal/repository/coin_transfer.go:92.2,96.54 3 0
github.com/m11ano/avito-shop/internal/repository/coin_transfer.go:96.54,98.17 2 0
github.com/m11ano/avito-shop/internal/repository/coin_transfer.go:98.17,100.4 1 0
github.com/m11ano/avito-shop/internal/repository/coin_transfer.go:101.3,101.24 1 0
github.com/m11ano/avito-shop/internal/repository/coin_transfer.go:104.2,104.30 1 0
github.com/m11ano/avito-shop/internal/repository/coin_transfer.go:107.85,109.16 2 0
github.com/m11ano/avito-shop/internal/repository/coin_transfer.go:109.16,112.3 2 0
github.com/m11ano/avito-shop/internal/repository/coin_transfer.go:114.2,115.16 2 0
github.com/m11ano/avito-shop/internal/repository/coin_transfer.go:115.16,118.3 2 0
github.com/m11ano/avito-shop/internal/repository/coin_transfer.go:120.2,121.16 2 0
github.com/m11ano/avito-shop/internal/repository/coin_transfer.go:121.16,123.17 2 0
github.com/m11ano/avito-shop/internal/repository/coin_transfer.go:123.17,125.4 1 0
github.com/m11ano/avito-shop/internal/repository/coin_transfer.go:126.3,126.17 1 0
github.com/m11ano/avito-shop/internal/repository/coin_transfer.go:129.2,129.12 1 0
github.com/m11ano/avito-shop/internal/repository/coin_transfer.go:137.191,139.16 2 0
github.com/m11ano/avito-shop/internal/repository/coin_transfer.go:139.16,142.3 2 0
github.com/m11ano/avito-shop/internal/repository/coin_transfer.go:144.2,145.16 2 0
github.com/m11ano/avito-shop/internal/repository/coin_transfer.go:145.16,147.17 2 0
github.com/m11ano/avito-shop/internal/repository/coin_transfer.go:147.17,149.4 1 0
github.com/m11ano/avito-shop/internal/repository/coin_transfer.go:150.3,150.22 1 0
github.com/m11ano/avito-shop/internal/repository/coin_transfer.go:153.2,157.18 3 0
github.com/m11ano/avito-shop/internal/repository/coin_transfer.go:157.18,159.54 2 0
github.com/m11ano/avito-shop/internal/repository/coin_transfer.go:159.54,161.18 2 0
github.com/m11ano/avito-shop/internal/repository/coin_transfer.go:161.18,163.5 1 0
github.com/m11ano/avito-shop/internal/repository/coin_transfer.go:164.4,164.23 1 0
github.com/m11ano/avito-shop/internal/repository/coin_transfer.go:166.3,169.5 1 0
github.com/m11ano/avito-shop/internal/repository/coin_transfer.go:171.2,171.35 1 0
github.com/m11ano/avito-shop/internal/repository/coin_transfer.go:171.35,173.17 2 0
github.com/m11ano/avito-shop/internal/repository/coin_transfer.go:173.17,175.4 1 0
github.com/m11ano/avito-shop/internal/repository/coin_transfer.go:176.3,176.22 1 0
github.com/m11ano/avito-shop/internal/repository/coin_transfer.go:179.2,179.20 1 0
github.com/m11ano/avito-shop/internal/repository/operation.go:42.13,44.2 1 0
github.com/m11ano/avito-shop/internal/repository/operation.go:54.120,62.2 1 0
github.com/m11ano/avito-shop/internal/repository/operation.go:65.67,75.47 2 0
github.com/m11ano/avito-shop/internal/repository/operation.go:75.47,77.3 1 0
github.com/m11ano/avito-shop/internal/repository/operation.go:78.2,78.13 1 0
github.com/m11ano/avito-shop/internal/repository/operation.go:81.88,83.16 2 0
github.com/m11ano/avito-shop/internal/repository/operation.go:83.16,85.3 1 0
github.com/m11ano/avito-shop/internal/repository/operation.go:87.2,87.47 1 0
github.com/m11ano/avito-shop/internal/repository/operation.go:87.47,89.3 1 0
github.com/m11ano/avito-shop/internal/repository/operation.go:91.2,91.21 1 0
github.com/m11ano/avito-shop/internal/repository/operation.go:98.106,100.16 2 0
github.com/m11ano/avito-shop/internal/repository/operation.go:100.16,103.3 2 0
github.com/m11ano/avito-shop/internal/repository/operation.go:105.2,106.16 2 0
github.com/m11ano/avito-shop/internal/repository/operation.go:106.16,108.17 2 0
github.com/m11ano/avito-shop/internal/repository/operation.go:108.17,110.4 1 0
github.com/m11ano/avito-shop/internal/repository/operation.go:111.3,111.27 1 0
github.com/m11ano/avito-shop/internal/repository/operation.go:114.2,118.54 3 0
github.com/m11ano/avito-shop/internal/repository/operation.go:118.54,120.17 2 0
github.com/m11ano/avito-shop/internal/repository/operation.go:120.17,122.4 1 0
github.com/m11ano/avito-shop/internal/repository/operation.go:123.3,123.43 1 0
github.com/m11ano/avito-shop/internal/repository/operation.go:123.43,125.4 1 0
github.com/m11ano/avito-shop/internal/repository/operation.go:126.3,126.27 1 0
github.com/m11ano/avito-shop/internal/repository/operation.go:129.2,129.34 1 0
github.com/m11ano/avito-shop/internal/repository/operation.go:133.94,137.16 3 0
github.com/m11ano/avito-shop/internal/repository/operation.go:137.16,140.3 2 0
github.com/m11ano/avito-shop/internal/repository/operation.go:142.2,143.16 2 0
github.com/m11ano/avito-shop/internal/repository/operation.go:143.16,146.17 3 0
github.com/m11ano/avito-shop/internal/repository/operation.go:146.17,148.4 1 0
github.com/m11ano/avito-shop/internal/repository/operation.go:149.3,149.17 1 0
github.com/m11ano/avito-shop/internal/repository/operation.go:152.2,154.12 2 0
github.com/m11ano/avito-shop/internal/repository/operation.go:157.88,159.16 2 0
github.com/m11ano/avito-shop/internal/repository/operation.go:159.16,162.3 2 0
github.com/m11ano/avito-shop/internal/repository/operation.go:164.2,167.60 2 0
github.com/m11ano/avito-shop/internal/repository/operation.go:167.60,169.17 2 0
github.com/m11ano/avito-shop/internal/repository/operation.go:169.17,172.4 2 0
github.com/m11ano/avito-shop/internal/repository/operation.go:174.3,175.17 2 0
github.com/m11ano/avito-shop/internal/repository/operation.go:175.17,177.18 2 0
github.com/m11ano/avito-shop/internal/repository/operation.go:177.18,179.5 1 0
github.com/m11ano/avito-shop/internal/repository/operation.go:180.4,180.18 1 0
github.com/m11ano/avito-shop/internal/repository/operation.go:184.3,185.17 2 0
github.com/m11ano/avito-shop/internal/repository/operation.go:185.17,187.4 1 0
github.com/m11ano/avito-shop/internal/repository/operation.go:190.3,191.17 2 0
github.com/m11ano/avito-shop/internal/repository/operation.go:191.17,193.4 1 0
github.com/m11ano/avito-shop/internal/repository/operation.go:195.3,195.13 1 0
github.com/m11ano/avito-shop/internal/repository/operation.go:197.2,197.16 1 0
github.com/m11ano/avito-shop/internal/repository/operation.go:197.16,199.3 1 0
github.com/m11ano/avito-shop/internal/repository/operation.go:201.2,201.21 1 0
github.com/m11ano/avito-shop/internal/repository/shop_item.go:32.13,34.2 1 0
github.com/m11ano/avito-shop/internal/repository/shop_item.go:43.90,50.2 1 0
github.com/m11ano/avito-shop/internal/repository/shop_item.go:52.64,58.2 1 0
github.com/m11ano/avito-shop/internal/repository/shop_item.go:60.94,62.16 2 0
github.com/m11ano/avito-shop/internal/repository/shop_item.go:62.16,65.3 2 0
github.com/m11ano/avito-shop/internal/repository/shop_item.go:67.2,68.16 2 0
github.com/m11ano/avito-shop/internal/repository/shop_item.go:68.16,70.17 2 0
github.com/m11ano/avito-shop/internal/repository/shop_item.go:70.17,72.4 1 0
github.com/m11ano/avito-shop/internal/repository/shop_item.go:73.3,73.22 1 0
github.com/m11ano/avito-shop/internal/repository/shop_item.go:76.2,80.54 3 0
github.com/m11ano/avito-shop/internal/repository/shop_item.go:80.54,82.17 2 0
github.com/m11ano/avito-shop/internal/repository/shop_item.go:82.17,84.4 1 0
github.com/m11ano/avito-shop/internal/repository/shop_item.go:85.3,85.22 1 0
github.com/m11ano/avito-shop/internal/repository/shop_item.go:88.2,90.18 2 0
github.com/m11ano/avito-shop/internal/repository/shop_item.go:93.95,95.16 2 0
github.com/m11ano/avito-shop/internal/repository/shop_item.go:95.16,98.3 2 0
github.com/m11ano/avito-shop/internal/repository/shop_item.go:100.2,101.16 2 0
github.com/m11ano/avito-shop/internal/repository/shop_item.go:101.16,103.17 2 0
github.com/m11ano/avito-shop/internal/repository/shop_item.go:103.17,105.4 1 0
github.com/m11ano/avito-shop/internal/repository/shop_item.go:106.3,106.22 1 0
github.com/m11ano/avito-shop/internal/repository/shop_item.go:109.2,113.54 3 0
github.com/m11ano/avito-shop/internal/repository/shop_item.go:113.54,115.17 2 0
github.com/m11ano/avito-shop/internal/repository/shop_item.go:115.17,117.4 1 0
github.com/m11ano/avito-shop/internal/repository/shop_item.go:118.3,118.22 1 0
github.com/m11ano/avito-shop/internal/repository/shop_item.go:121.2,123.18 2 0
github.com/m11ano/avito-shop/internal/repository/shop_item.go:126.112,128.16 2 0
github.com/m11ano/avito-shop/internal/repository/shop_item.go:128.16,131.3 2 0
github.com/m11ano/avito-shop/internal/repository/shop_item.go:133.2,134.16 2 0
github.com/m11ano/avito-shop/internal/repository/shop_item.go:134.16,136.17 2 0
github.com/m11ano/avito-shop/internal/repository/shop_item.go:136.17,138.4 1 0
github.com/m11ano/avito-shop/internal/repository/shop_item.go:139.3,139.22 1 0
github.com/m11ano/avito-shop/internal/repository/shop_item.go:142.2,146.18 3 0
github.com/m11ano/avito-shop/internal/repository/shop_item.go:146.18,148.53 2 0
github.com/m11ano/avito-shop/internal/repository/shop_item.go:148.53,150.18 2 0
github.com/m11ano/avito-shop/internal/repository/shop_item.go:150.18,152.5 1 0
github.com/m11ano/avito-shop/internal/repository/shop_item.go:153.4,153.23 1 0
github.com/m11ano/avito-shop/internal/repository/shop_item.go:155.3,156.37 2 0
github.com/m11ano/avito-shop/internal/repository/shop_item.go:158.2,158.35 1 0
github.com/m11ano/avito-shop/internal/repository/shop_item.go:158.35,160.17 2 0
github.com/m11ano/avito-shop/internal/repository/shop_item.go:160.17,162.4 1 0
github.com/m11ano/avito-shop/internal/repository/shop_item.go:163.3,163.22 1 0
github.com/m11ano/avito-shop/internal/repository/shop_item.go:166.2,166.20 1 0
github.com/m11ano/avito-shop/internal/repository/shop_purchase.go:38.13,40.2 1 0
github.com/m11ano/avito-shop/internal/repository/shop_purchase.go:49.98,56.2 1 0
github.com/m11ano/avito-shop/internal/repository/shop_purchase.go:59.76,68.2 1 0
github.com/m11ano/avito-shop/internal/repository/shop_purchase.go:74.87,76.16 2 0
github.com/m11ano/avito-shop/internal/repository/shop_purchase.go:76.16,79.3 2 0
github.com/m11ano/avito-shop/internal/repository/shop_purchase.go:81.2,82.16 2 0
github.com/m11ano/avito-shop/internal/repository/shop_purchase.go:82.16,84.17 2 0
github.com/m11ano/avito-shop/internal/repository/shop_purchase.go:84.17,86.4 1 0
github.com/m11ano/avito-shop/internal/repository/shop_purchase.go:87.3,87.24 1 0
github.com/m11ano/avito-shop/internal/repository/shop_purchase.go:90.2,94.54 3 0
github.com/m11ano/avito-shop/internal/repository/shop_purchase.go:94.54,96.17 2 0
github.com/m11ano/avito-shop/internal/repository/shop_purchase.go:96.17,98.4 1 0
github.com/m11ano/avito-shop/internal/repository/shop_purchase.go:99.3,99.24 1 0
github.com/m11ano/avito-shop/internal/repository/shop_purchase.go:102.2,102.30 1 0
github.com/m11ano/avito-shop/internal/repository/shop_purchase.go:105.85,107.16 2 0
github.com/m11ano/avito-shop/internal/repository/shop_purchase.go:107.16,110.3 2 0
github.com/m11ano/avito-shop/internal/repository/shop_purchase.go:112.2,113.16 2 0
github.com/m11ano/avito-shop/internal/repository/shop_purchase.go:113.16,116.3 2 0
github.com/m11ano/avito-shop/internal/repository/shop_purchase.go:118.2,119.16 2 0
github.com/m11ano/avito-shop/internal/repository/shop_purchase.go:119.16,121.17 2 0
github.com/m11ano/avito-shop/internal/repository/shop_purchase.go:121.17,123.4 1 0
github.com/m11ano/avito-shop/internal/repository/shop_purchase.go:124.3,124.17 1 0
github.com/m11ano/avito-shop/internal/repository/shop_purchase.go:127.2,127.12 1 0
github.com/m11ano/avito-shop/internal/repository/shop_purchase.go:135.150,137.16 2 0
github.com/m11ano/avito-shop/internal/repository/shop_purchase.go:137.16,140.3 2 0
github.com/m11ano/avito-shop/internal/repository/shop_purchase.go:142.2,143.16 2 0
github.com/m11ano/avito-shop/internal/repository/shop_purchase.go:143.16,145.17 2 0
github.com/m11ano/avito-shop/internal/repository/shop_purchase.go:145.17,147.4 1 0
github.com/m11ano/avito-shop/internal/repository/shop_purchase.go:148.3,148.22 1 0
github.com/m11ano/avito-shop/internal/repository/shop_purchase.go:151.2,155.18 3 0
github.com/m11ano/avito-shop/internal/repository/shop_purchase.go:155.18,157.54 2 0
github.com/m11ano/avito-shop/internal/repository/shop_purchase.go:157.54,159.18 2 0
github.com/m11ano/avito-shop/internal/repository/shop_purchase.go:159.18,161.5 1 0
github.com/m11ano/avito-shop/internal/repository/shop_purchase.go:162.4,162.23 1 0
github.com/m11ano/avito-shop/internal/repository/shop_purchase.go:164.3,167.5 1 0
github.com/m11ano/avito-shop/internal/repository/shop_purchase.go:169.2,169.35 1 0
github.com/m11ano/avito-shop/internal/repository/shop_purchase.go:169.35,171.17 2 0
github.com/m11ano/avito-shop/internal/repository/shop_purchase.go:171.17,173.4 1 0
github.com/m11ano/avito-shop/internal/repository/shop_purchase.go:174.3,174.22 1 0
github.com/m11ano/avito-shop/internal/repository/shop_purchase.go:177.2,177.20 1 0
github.com/m11ano/avito-shop/internal/infra/config/config.go:36.37,41.16 3 1
github.com/m11ano/avito-shop/internal/infra/config/config.go:41.16,43.3 1 0
github.com/m11ano/avito-shop/internal/infra/config/config.go:45.2,45.15 1 1
github.com/m11ano/avito-shop/internal/infra/db/txmngr/provider.go:9.82,10.54 1 1
github.com/m11ano/avito-shop/internal/infra/db/txmngr/provider.go:10.54,12.3 1 1
github.com/m11ano/avito-shop/internal/infra/db/txmngr/tx_manager.go:11.67,25.2 6 1
github.com/m11ano/avito-shop/internal/usecase/account.go:34.129,42.2 2 1
github.com/m11ano/avito-shop/internal/usecase/account.go:44.105,46.2 1 1
github.com/m11ano/avito-shop/internal/usecase/account.go:48.114,50.2 1 1
github.com/m11ano/avito-shop/internal/usecase/account.go:52.80,54.2 1 1
github.com/m11ano/avito-shop/internal/usecase/auth.go:32.151,41.2 2 1
github.com/m11ano/avito-shop/internal/usecase/auth.go:43.100,50.2 2 1
github.com/m11ano/avito-shop/internal/usecase/auth.go:52.107,56.61 3 1
github.com/m11ano/avito-shop/internal/usecase/auth.go:56.61,58.50 2 1
github.com/m11ano/avito-shop/internal/usecase/auth.go:58.50,60.18 2 1
github.com/m11ano/avito-shop/internal/usecase/auth.go:60.18,62.5 1 0
github.com/m11ano/avito-shop/internal/usecase/auth.go:64.4,65.18 2 1
github.com/m11ano/avito-shop/internal/usecase/auth.go:65.18,67.5 1 1
github.com/m11ano/avito-shop/internal/usecase/auth.go:69.4,69.43 1 1
github.com/m11ano/avito-shop/internal/usecase/auth.go:69.43,72.19 3 1
github.com/m11ano/avito-shop/internal/usecase/auth.go:72.19,74.6 1 1
github.com/m11ano/avito-shop/internal/usecase/auth.go:76.9,76.24 1 1
github.com/m11ano/avito-shop/internal/usecase/auth.go:76.24,78.4 1 1
github.com/m11ano/avito-shop/internal/usecase/auth.go:80.3,80.13 1 1
github.com/m11ano/avito-shop/internal/usecase/auth.go:82.2,82.16 1 1
github.com/m11ano/avito-shop/internal/usecase/auth.go:82.16,83.25 1 1
github.com/m11ano/avito-shop/internal/usecase/auth.go:83.25,85.4 1 1
github.com/m11ano/avito-shop/internal/usecase/auth.go:86.3,86.17 1 1
github.com/m11ano/avito-shop/internal/usecase/auth.go:89.2,90.12 2 1
github.com/m11ano/avito-shop/internal/usecase/auth.go:90.12,92.3 1 1
github.com/m11ano/avito-shop/internal/usecase/auth.go:94.2,94.42 1 1
github.com/m11ano/avito-shop/internal/usecase/auth.go:97.92,99.94 2 1
github.com/m11ano/avito-shop/internal/usecase/auth.go:99.94,101.3 1 1
github.com/m11ano/avito-shop/internal/usecase/auth.go:102.2,102.32 1 1
github.com/m11ano/avito-shop/internal/usecase/auth.go:102.32,104.3 1 1
github.com/m11ano/avito-shop/internal/usecase/auth.go:106.2,111.58 5 1
github.com/m11ano/avito-shop/internal/usecase/auth.go:111.58,113.3 1 1
github.com/m11ano/avito-shop/internal/usecase/auth.go:115.2,115.58 1 1
github.com/m11ano/avito-shop/internal/usecase/auth.go:115.58,117.3 1 1
github.com/m11ano/avito-shop/internal/usecase/auth.go:119.2,120.16 2 1
github.com/m11ano/avito-shop/internal/usecase/auth.go:120.16,122.3 1 1
github.com/m11ano/avito-shop/internal/usecase/auth.go:124.2,125.16 2 1
github.com/m11ano/avito-shop/internal/usecase/auth.go:125.16,127.3 1 1
github.com/m11ano/avito-shop/internal/usecase/auth.go:129.2,129.62 1 1
github.com/m11ano/avito-shop/internal/usecase/auth.go:129.62,131.3 1 1
github.com/m11ano/avito-shop/internal/usecase/auth.go:133.2,133.24 1 1
github.com/m11ano/avito-shop/internal/usecase/coin_transfer.go:48.196,58.2 2 1
github.com/m11ano/avito-shop/internal/usecase/coin_transfer.go:61.219,66.17 4 1
github.com/m11ano/avito-shop/internal/usecase/coin_transfer.go:66.17,68.3 1 1
github.com/m11ano/avito-shop/internal/usecase/coin_transfer.go:70.2,70.61 1 1
github.com/m11ano/avito-shop/internal/usecase/coin_transfer.go:70.61,71.25 1 1
github.com/m11ano/avito-shop/internal/usecase/coin_transfer.go:71.25,73.18 2 1
github.com/m11ano/avito-shop/internal/usecase/coin_transfer.go:73.18,75.5 1 1
github.com/m11ano/avito-shop/internal/usecase/coin_transfer.go:77.4,77.24 1 1
github.com/m11ano/avito-shop/internal/usecase/coin_transfer.go:77.24,79.5 1 1
github.com/m11ano/avito-shop/internal/usecase/coin_transfer.go:82.3,83.17 2 1
github.com/m11ano/avito-shop/internal/usecase/coin_transfer.go:83.17,85.4 1 1
github.com/m11ano/avito-shop/internal/usecase/coin_transfer.go:87.3,87.41 1 1
github.com/m11ano/avito-shop/internal/usecase/coin_transfer.go:87.41,89.4 1 1
github.com/m11ano/avito-shop/internal/usecase/coin_transfer.go:91.3,98.17 6 1
github.com/m11ano/avito-shop/internal/usecase/coin_transfer.go:98.17,100.4 1 1
github.com/m11ano/avito-shop/internal/usecase/coin_transfer.go:102.3,103.17 2 1
github.com/m11ano/avito-shop/internal/usecase/coin_transfer.go:103.17,105.4 1 1
github.com/m11ano/avito-shop/internal/usecase/coin_transfer.go:107.3,108.17 2 1
github.com/m11ano/avito-shop/internal/usecase/coin_transfer.go:108.17,110.4 1 1
github.com/m11ano/avito-shop/internal/usecase/coin_transfer.go:112.3,113.17 2 1
github.com/m11ano/avito-shop/internal/usecase/coin_transfer.go:113.17,115.4 1 1
github.com/m11ano/avito-shop/internal/usecase/coin_transfer.go:117.3,117.13 1 1
github.com/m11ano/avito-shop/internal/usecase/coin_transfer.go:119.2,119.16 1 1
github.com/m11ano/avito-shop/internal/usecase/coin_transfer.go:119.16,120.25 1 1
github.com/m11ano/avito-shop/internal/usecase/coin_transfer.go:120.25,122.4 1 1
github.com/m11ano/avito-shop/internal/usecase/coin_transfer.go:123.3,123.23 1 1
github.com/m11ano/avito-shop/internal/usecase/coin_transfer.go:126.2,126.49 1 1
github.com/m11ano/avito-shop/internal/usecase/coin_transfer.go:129.170,131.16 2 1
github.com/m11ano/avito-shop/internal/usecase/coin_transfer.go:131.16,133.3 1 1
github.com/m11ano/avito-shop/internal/usecase/coin_transfer.go:134.2,135.31 2 1
github.com/m11ano/avito-shop/internal/usecase/coin_transfer.go:135.31,137.3 1 1
github.com/m11ano/avito-shop/internal/usecase/coin_transfer.go:139.2,140.16 2 1
github.com/m11ano/avito-shop/internal/usecase/coin_transfer.go:140.16,142.3 1 1
github.com/m11ano/avito-shop/internal/usecase/coin_transfer.go:144.2,146.31 2 1
github.com/m11ano/avito-shop/internal/usecase/coin_transfer.go:146.31,150.58 2 1
github.com/m11ano/avito-shop/internal/usecase/coin_transfer.go:150.58,152.4 1 1
github.com/m11ano/avito-shop/internal/usecase/coin_transfer.go:154.3,154.38 1 1
github.com/m11ano/avito-shop/internal/usecase/coin_transfer.go:157.2,157.20 1 1
github.com/m11ano/avito-shop/internal/usecase/operation.go:35.135,43.2 2 1
github.com/m11ano/avito-shop/internal/usecase/operation.go:45.105,48.24 3 1
github.com/m11ano/avito-shop/internal/usecase/operation.go:49.36,51.62 1 1
github.com/m11ano/avito-shop/internal/usecase/operation.go:51.62,53.18 2 1
github.com/m11ano/avito-shop/internal/usecase/operation.go:53.18,55.5 1 1
github.com/m11ano/avito-shop/internal/usecase/operation.go:57.4,57.19 1 1
github.com/m11ano/avito-shop/internal/usecase/operation.go:57.19,59.5 1 1
github.com/m11ano/avito-shop/internal/usecase/operation.go:61.4,61.14 1 1
github.com/m11ano/avito-shop/internal/usecase/operation.go:63.3,63.17 1 1
github.com/m11ano/avito-shop/internal/usecase/operation.go:63.17,65.4 1 1
github.com/m11ano/avito-shop/internal/usecase/operation.go:66.36,69.17 2 1
github.com/m11ano/avito-shop/internal/usecase/operation.go:69.17,71.4 1 1
github.com/m11ano/avito-shop/internal/usecase/operation.go:74.2,74.21 1 1
github.com/m11ano/avito-shop/internal/usecase/operation.go:77.111,79.2 1 1
github.com/m11ano/avito-shop/internal/usecase/shop_item.go:28.61,33.2 2 1
github.com/m11ano/avito-shop/internal/usecase/shop_item.go:35.98,37.2 1 1
github.com/m11ano/avito-shop/internal/usecase/shop_item.go:39.99,41.2 1 1
github.com/m11ano/avito-shop/internal/usecase/shop_item.go:43.116,45.2 1 1
github.com/m11ano/avito-shop/internal/usecase/shop_purchase.go:47.222,58.2 2 1
github.com/m11ano/avito-shop/internal/usecase/shop_purchase.go:60.171,64.61 3 1
github.com/m11ano/avito-shop/internal/usecase/shop_purchase.go:64.61,65.25 1 1
github.com/m11ano/avito-shop/internal/usecase/shop_purchase.go:65.25,67.18 2 1
github.com/m11ano/avito-shop/internal/usecase/shop_purchase.go:67.18,69.5 1 1
github.com/m11ano/avito-shop/internal/usecase/shop_purchase.go:71.4,71.24 1 1
github.com/m11ano/avito-shop/internal/usecase/shop_purchase.go:71.24,73.5 1 1
github.com/m11ano/avito-shop/internal/usecase/shop_purchase.go:76.3,77.17 2 1
github.com/m11ano/avito-shop/internal/usecase/shop_purchase.go:77.17,79.4 1 1
github.com/m11ano/avito-shop/internal/usecase/shop_purchase.go:81.3,86.17 4 1
github.com/m11ano/avito-shop/internal/usecase/shop_purchase.go:86.17,88.4 1 1
github.com/m11ano/avito-shop/internal/usecase/shop_purchase.go:90.3,91.17 2 1
github.com/m11ano/avito-shop/internal/usecase/shop_purchase.go:91.17,93.4 1 1
github.com/m11ano/avito-shop/internal/usecase/shop_purchase.go:95.3,95.13 1 1
github.com/m11ano/avito-shop/internal/usecase/shop_purchase.go:97.2,97.16 1 1
github.com/m11ano/avito-shop/internal/usecase/shop_purchase.go:97.16,98.25 1 1
github.com/m11ano/avito-shop/internal/usecase/shop_purchase.go:98.25,100.4 1 1
github.com/m11ano/avito-shop/internal/usecase/shop_purchase.go:101.3,101.18 1 1
github.com/m11ano/avito-shop/internal/usecase/shop_purchase.go:104.2,104.26 1 1
github.com/m11ano/avito-shop/internal/usecase/shop_purchase.go:107.124,109.16 2 1
github.com/m11ano/avito-shop/internal/usecase/shop_purchase.go:109.16,111.3 1 1
github.com/m11ano/avito-shop/internal/usecase/shop_purchase.go:113.2,114.33 2 1
github.com/m11ano/avito-shop/internal/usecase/shop_purchase.go:114.33,116.3 1 1
github.com/m11ano/avito-shop/internal/usecase/shop_purchase.go:118.2,119.16 2 1
github.com/m11ano/avito-shop/internal/usecase/shop_purchase.go:119.16,121.3 1 1
github.com/m11ano/avito-shop/internal/usecase/shop_purchase.go:123.2,125.33 2 1
github.com/m11ano/avito-shop/internal/usecase/shop_purchase.go:125.33,129.53 2 1
github.com/m11ano/avito-shop/internal/usecase/shop_purchase.go:129.53,131.4 1 1
github.com/m11ano/avito-shop/internal/usecase/shop_purchase.go:133.3,133.38 1 1
github.com/m11ano/avito-shop/internal/usecase/shop_purchase.go:136.2,136.20 1 1
github.com/m11ano/avito-shop/tests/mocks/account.go:20.79,23.19 2 1
github.com/m11ano/avito-shop/tests/mocks/account.go:23.19,24.48 1 0
github.com/m11ano/avito-shop/tests/mocks/account.go:27.2,28.77 2 1
github.com/m11ano/avito-shop/tests/mocks/account.go:28.77,30.3 1 0
github.com/m11ano/avito-shop/tests/mocks/account.go:30.8,32.3 1 1
github.com/m11ano/avito-shop/tests/mocks/account.go:34.2,34.11 1 1
github.com/m11ano/avito-shop/tests/mocks/account.go:38.101,41.19 2 1
github.com/m11ano/avito-shop/tests/mocks/account.go:41.19,42.59 1 0
github.com/m11ano/avito-shop/tests/mocks/account.go:45.2,47.87 3 1
github.com/m11ano/avito-shop/tests/mocks/account.go:47.87,49.3 1 0
github.com/m11ano/avito-shop/tests/mocks/account.go:50.2,50.78 1 1
github.com/m11ano/avito-shop/tests/mocks/account.go:50.78,52.3 1 0
github.com/m11ano/avito-shop/tests/mocks/account.go:52.8,53.24 1 1
github.com/m11ano/avito-shop/tests/mocks/account.go:53.24,55.4 1 1
github.com/m11ano/avito-shop/tests/mocks/account.go:58.2,58.68 1 1
github.com/m11ano/avito-shop/tests/mocks/account.go:58.68,60.3 1 0
github.com/m11ano/avito-shop/tests/mocks/account.go:60.8,62.3 1 1
github.com/m11ano/avito-shop/tests/mocks/account.go:64.2,64.15 1 1
github.com/m11ano/avito-shop/tests/mocks/account.go:68.110,71.19 2 1
github.com/m11ano/avito-shop/tests/mocks/account.go:71.19,72.55 1 0
github.com/m11ano/avito-shop/tests/mocks/account.go:75.2,77.105 3 1
github.com/m11ano/avito-shop/tests/mocks/account.go:77.105,79.3 1 0
github.com/m11ano/avito-shop/tests/mocks/account.go:80.2,80.96 1 1
github.com/m11ano/avito-shop/tests/mocks/account.go:80.96,82.3 1 0
github.com/m11ano/avito-shop/tests/mocks/account.go:82.8,83.24 1 1
github.com/m11ano/avito-shop/tests/mocks/account.go:83.24,85.4 1 1
github.com/m11ano/avito-shop/tests/mocks/account.go:88.2,88.73 1 1
github.com/m11ano/avito-shop/tests/mocks/account.go:88.73,90.3 1 0
github.com/m11ano/avito-shop/tests/mocks/account.go:90.8,92.3 1 1
github.com/m11ano/avito-shop/tests/mocks/account.go:94.2,94.15 1 1
github.com/m11ano/avito-shop/tests/mocks/account.go:102.13,106.19 3 0
github.com/m11ano/avito-shop/tests/mocks/account.go:106.19,106.49 1 0
github.com/m11ano/avito-shop/tests/mocks/account.go:108.2,108.13 1 0
github.com/m11ano/avito-shop/tests/mocks/account_repository.go:20.89,23.19 2 1
github.com/m11ano/avito-shop/tests/mocks/account_repository.go:23.19,24.48 1 0
github.com/m11ano/avito-shop/tests/mocks/account_repository.go:27.2,28.77 2 1
github.com/m11ano/avito-shop/tests/mocks/account_repository.go:28.77,30.3 1 0
github.com/m11ano/avito-shop/tests/mocks/account_repository.go:30.8,32.3 1 1
github.com/m11ano/avito-shop/tests/mocks/account_repository.go:34.2,34.11 1 1
github.com/m11ano/avito-shop/tests/mocks/account_repository.go:38.112,41.19 2 1
github.com/m11ano/avito-shop/tests/mocks/account_repository.go:41.19,42.60 1 0
github.com/m11ano/avito-shop/tests/mocks/account_repository.go:45.2,47.87 3 1
github.com/m11ano/avito-shop/tests/mocks/account_repository.go:47.87,49.3 1 0
github.com/m11ano/avito-shop/tests/mocks/account_repository.go:50.2,50.78 1 1
github.com/m11ano/avito-shop/tests/mocks/account_repository.go:50.78,52.3 1 0
github.com/m11ano/avito-shop/tests/mocks/account_repository.go:52.8,53.24 1 1
github.com/m11ano/avito-shop/tests/mocks/account_repository.go:53.24,55.4 1 1
github.com/m11ano/avito-shop/tests/mocks/account_repository.go:58.2,58.68 1 1
github.com/m11ano/avito-shop/tests/mocks/account_repository.go:58.68,60.3 1 0
github.com/m11ano/avito-shop/tests/mocks/account_repository.go:60.8,62.3 1 1
github.com/m11ano/avito-shop/tests/mocks/account_repository.go:64.2,64.15 1 1
github.com/m11ano/avito-shop/tests/mocks/account_repository.go:68.121,71.19 2 1
github.com/m11ano/avito-shop/tests/mocks/account_repository.go:71.19,72.56 1 0
github.com/m11ano/avito-shop/tests/mocks/account_repository.go:75.2,77.105 3 1
github.com/m11ano/avito-shop/tests/mocks/account_repository.go:77.105,79.3 1 0
github.com/m11ano/avito-shop/tests/mocks/account_repository.go:80.2,80.96 1 1
github.com/m11ano/avito-shop/tests/mocks/account_repository.go:80.96,82.3 1 0
github.com/m11ano/avito-shop/tests/mocks/account_repository.go:82.8,83.24 1 1
github.com/m11ano/avito-shop/tests/mocks/account_repository.go:83.24,85.4 1 1
github.com/m11ano/avito-shop/tests/mocks/account_repository.go:88.2,88.73 1 1
github.com/m11ano/avito-shop/tests/mocks/account_repository.go:88.73,90.3 1 0
github.com/m11ano/avito-shop/tests/mocks/account_repository.go:90.8,92.3 1 1
github.com/m11ano/avito-shop/tests/mocks/account_repository.go:94.2,94.15 1 1
github.com/m11ano/avito-shop/tests/mocks/account_repository.go:102.23,106.19 3 0
github.com/m11ano/avito-shop/tests/mocks/account_repository.go:106.19,106.49 1 0
github.com/m11ano/avito-shop/tests/mocks/account_repository.go:108.2,108.13 1 0
github.com/m11ano/avito-shop/tests/mocks/auth.go:19.90,22.19 2 0
github.com/m11ano/avito-shop/tests/mocks/auth.go:22.19,23.56 1 0
github.com/m11ano/avito-shop/tests/mocks/auth.go:26.2,28.82 3 0
github.com/m11ano/avito-shop/tests/mocks/auth.go:28.82,30.3 1 0
github.com/m11ano/avito-shop/tests/mocks/auth.go:31.2,31.73 1 0
github.com/m11ano/avito-shop/tests/mocks/auth.go:31.73,33.3 1 0
github.com/m11ano/avito-shop/tests/mocks/auth.go:33.8,34.24 1 0
github.com/m11ano/avito-shop/tests/mocks/auth.go:34.24,36.4 1 0
github.com/m11ano/avito-shop/tests/mocks/auth.go:39.2,39.68 1 0
github.com/m11ano/avito-shop/tests/mocks/auth.go:39.68,41.3 1 0
github.com/m11ano/avito-shop/tests/mocks/auth.go:41.8,43.3 1 0
github.com/m11ano/avito-shop/tests/mocks/auth.go:45.2,45.15 1 0
github.com/m11ano/avito-shop/tests/mocks/auth.go:49.103,52.19 2 0
github.com/m11ano/avito-shop/tests/mocks/auth.go:52.19,53.56 1 0
github.com/m11ano/avito-shop/tests/mocks/auth.go:56.2,58.86 3 0
github.com/m11ano/avito-shop/tests/mocks/auth.go:58.86,60.3 1 0
github.com/m11ano/avito-shop/tests/mocks/auth.go:61.2,61.77 1 0
github.com/m11ano/avito-shop/tests/mocks/auth.go:61.77,63.3 1 0
github.com/m11ano/avito-shop/tests/mocks/auth.go:63.8,65.3 1 0
github.com/m11ano/avito-shop/tests/mocks/auth.go:67.2,67.76 1 0
github.com/m11ano/avito-shop/tests/mocks/auth.go:67.76,69.3 1 0
github.com/m11ano/avito-shop/tests/mocks/auth.go:69.8,71.3 1 0
github.com/m11ano/avito-shop/tests/mocks/auth.go:73.2,73.15 1 0
github.com/m11ano/avito-shop/tests/mocks/auth.go:81.10,85.19 3 0
github.com/m11ano/avito-shop/tests/mocks/auth.go:85.19,85.49 1 0
github.com/m11ano/avito-shop/tests/mocks/auth.go:87.2,87.13 1 0
github.com/m11ano/avito-shop/tests/mocks/coin_transfer.go:22.174,25.19 2 0
github.com/m11ano/avito-shop/tests/mocks/coin_transfer.go:25.19,26.60 1 0
github.com/m11ano/avito-shop/tests/mocks/coin_transfer.go:29.2,31.140 3 0
github.com/m11ano/avito-shop/tests/mocks/coin_transfer.go:31.140,33.3 1 0
github.com/m11ano/avito-shop/tests/mocks/coin_transfer.go:34.2,34.131 1 0
github.com/m11ano/avito-shop/tests/mocks/coin_transfer.go:34.131,36.3 1 0
github.com/m11ano/avito-shop/tests/mocks/coin_transfer.go:36.8,37.24 1 0
github.com/m11ano/avito-shop/tests/mocks/coin_transfer.go:37.24,39.4 1 0
github.com/m11ano/avito-shop/tests/mocks/coin_transfer.go:42.2,42.96 1 0
github.com/m11ano/avito-shop/tests/mocks/coin_transfer.go:42.96,44.3 1 0
github.com/m11ano/avito-shop/tests/mocks/coin_transfer.go:44.8,46.3 1 0
github.com/m11ano/avito-shop/tests/mocks/coin_transfer.go:48.2,48.15 1 0
github.com/m11ano/avito-shop/tests/mocks/coin_transfer.go:52.215,55.19 2 0
github.com/m11ano/avito-shop/tests/mocks/coin_transfer.go:55.19,56.64 1 0
github.com/m11ano/avito-shop/tests/mocks/coin_transfer.go:59.2,62.144 4 0
github.com/m11ano/avito-shop/tests/mocks/coin_transfer.go:62.144,64.3 1 0
github.com/m11ano/avito-shop/tests/mocks/coin_transfer.go:65.2,65.113 1 0
github.com/m11ano/avito-shop/tests/mocks/coin_transfer.go:65.113,67.3 1 0
github.com/m11ano/avito-shop/tests/mocks/coin_transfer.go:67.8,68.24 1 0
github.com/m11ano/avito-shop/tests/mocks/coin_transfer.go:68.24,70.4 1 0
github.com/m11ano/avito-shop/tests/mocks/coin_transfer.go:73.2,73.113 1 0
github.com/m11ano/avito-shop/tests/mocks/coin_transfer.go:73.113,75.3 1 0
github.com/m11ano/avito-shop/tests/mocks/coin_transfer.go:75.8,76.24 1 0
github.com/m11ano/avito-shop/tests/mocks/coin_transfer.go:76.24,78.4 1 0
github.com/m11ano/avito-shop/tests/mocks/coin_transfer.go:81.2,81.98 1 0
github.com/m11ano/avito-shop/tests/mocks/coin_transfer.go:81.98,83.3 1 0
github.com/m11ano/avito-shop/tests/mocks/coin_transfer.go:83.8,85.3 1 0
github.com/m11ano/avito-shop/tests/mocks/coin_transfer.go:87.2,87.19 1 0
github.com/m11ano/avito-shop/tests/mocks/coin_transfer.go:95.18,99.19 3 0
github.com/m11ano/avito-shop/tests/mocks/coin_transfer.go:99.19,99.49 1 0
github.com/m11ano/avito-shop/tests/mocks/coin_transfer.go:101.2,101.13 1 0
github.com/m11ano/avito-shop/tests/mocks/coin_transfer_repository.go:22.104,25.19 2 1
github.com/m11ano/avito-shop/tests/mocks/coin_transfer_repository.go:25.19,26.48 1 0
github.com/m11ano/avito-shop/tests/mocks/coin_transfer_repository.go:29.2,30.82 2 1
github.com/m11ano/avito-shop/tests/mocks/coin_transfer_repository.go:30.82,32.3 1 0
github.com/m11ano/avito-shop/tests/mocks/coin_transfer_repository.go:32.8,34.3 1 1
github.com/m11ano/avito-shop/tests/mocks/coin_transfer_repository.go:36.2,36.11 1 1
github.com/m11ano/avito-shop/tests/mocks/coin_transfer_repository.go:40.106,43.19 2 1
github.com/m11ano/avito-shop/tests/mocks/coin_transfer_repository.go:43.19,44.54 1 0
github.com/m11ano/avito-shop/tests/mocks/coin_transfer_repository.go:47.2,49.79 3 1
github.com/m11ano/avito-shop/tests/mocks/coin_transfer_repository.go:49.79,51.3 1 0
github.com/m11ano/avito-shop/tests/mocks/coin_transfer_repository.go:52.2,52.70 1 1
github.com/m11ano/avito-shop/tests/mocks/coin_transfer_repository.go:52.70,54.3 1 0
github.com/m11ano/avito-shop/tests/mocks/coin_transfer_repository.go:54.8,56.3 1 1
github.com/m11ano/avito-shop/tests/mocks/coin_transfer_repository.go:58.2,58.71 1 1
github.com/m11ano/avito-shop/tests/mocks/coin_transfer_repository.go:58.71,60.3 1 0
github.com/m11ano/avito-shop/tests/mocks/coin_transfer_repository.go:60.8,62.3 1 1
github.com/m11ano/avito-shop/tests/mocks/coin_transfer_repository.go:64.2,64.15 1 1
github.com/m11ano/avito-shop/tests/mocks/coin_transfer_repository.go:68.202,71.19 2 1
github.com/m11ano/avito-shop/tests/mocks/coin_transfer_repository.go:71.19,72.71 1 0
github.com/m11ano/avito-shop/tests/mocks/coin_transfer_repository.go:75.2,77.147 3 1
github.com/m11ano/avito-shop/tests/mocks/coin_transfer_repository.go:77.147,79.3 1 0
github.com/m11ano/avito-shop/tests/mocks/coin_transfer_repository.go:80.2,80.138 1 1
github.com/m11ano/avito-shop/tests/mocks/coin_transfer_repository.go:80.138,82.3 1 0
github.com/m11ano/avito-shop/tests/mocks/coin_transfer_repository.go:82.8,83.24 1 1
github.com/m11ano/avito-shop/tests/mocks/coin_transfer_repository.go:83.24,85.4 1 1
github.com/m11ano/avito-shop/tests/mocks/coin_transfer_repository.go:88.2,88.96 1 1
github.com/m11ano/avito-shop/tests/mocks/coin_transfer_repository.go:88.96,90.3 1 0
github.com/m11ano/avito-shop/tests/mocks/coin_transfer_repository.go:90.8,92.3 1 1
github.com/m11ano/avito-shop/tests/mocks/coin_transfer_repository.go:94.2,94.15 1 1
github.com/m11ano/avito-shop/tests/mocks/coin_transfer_repository.go:102.28,106.19 3 0
github.com/m11ano/avito-shop/tests/mocks/coin_transfer_repository.go:106.19,106.49 1 0
github.com/m11ano/avito-shop/tests/mocks/coin_transfer_repository.go:108.2,108.13 1 0
github.com/m11ano/avito-shop/tests/mocks/operation.go:20.107,23.19 2 0
github.com/m11ano/avito-shop/tests/mocks/operation.go:23.19,24.63 1 0
github.com/m11ano/avito-shop/tests/mocks/operation.go:27.2,30.86 4 0
github.com/m11ano/avito-shop/tests/mocks/operation.go:30.86,32.3 1 0
github.com/m11ano/avito-shop/tests/mocks/operation.go:33.2,33.71 1 0
github.com/m11ano/avito-shop/tests/mocks/operation.go:33.71,35.3 1 0
github.com/m11ano/avito-shop/tests/mocks/operation.go:35.8,37.3 1 0
github.com/m11ano/avito-shop/tests/mocks/operation.go:39.2,39.70 1 0
github.com/m11ano/avito-shop/tests/mocks/operation.go:39.70,41.3 1 0
github.com/m11ano/avito-shop/tests/mocks/operation.go:41.8,43.3 1 0
github.com/m11ano/avito-shop/tests/mocks/operation.go:45.2,45.71 1 0
github.com/m11ano/avito-shop/tests/mocks/operation.go:45.71,47.3 1 0
github.com/m11ano/avito-shop/tests/mocks/operation.go:47.8,49.3 1 0
github.com/m11ano/avito-shop/tests/mocks/operation.go:51.2,51.19 1 0
github.com/m11ano/avito-shop/tests/mocks/operation.go:55.101,58.19 2 1
github.com/m11ano/avito-shop/tests/mocks/operation.go:58.19,59.55 1 0
github.com/m11ano/avito-shop/tests/mocks/operation.go:62.2,64.88 3 1
github.com/m11ano/avito-shop/tests/mocks/operation.go:64.88,66.3 1 0
github.com/m11ano/avito-shop/tests/mocks/operation.go:67.2,67.79 1 1
github.com/m11ano/avito-shop/tests/mocks/operation.go:67.79,69.3 1 0
github.com/m11ano/avito-shop/tests/mocks/operation.go:69.8,71.3 1 1
github.com/m11ano/avito-shop/tests/mocks/operation.go:73.2,73.79 1 1
github.com/m11ano/avito-shop/tests/mocks/operation.go:73.79,75.3 1 0
github.com/m11ano/avito-shop/tests/mocks/operation.go:75.8,77.3 1 1
github.com/m11ano/avito-shop/tests/mocks/operation.go:79.2,79.15 1 1
github.com/m11ano/avito-shop/tests/mocks/operation.go:87.15,91.19 3 0
github.com/m11ano/avito-shop/tests/mocks/operation.go:91.19,91.49 1 0
github.com/m11ano/avito-shop/tests/mocks/operation.go:93.2,93.13 1 0
github.com/m11ano/avito-shop/tests/mocks/operation_repository.go:20.104,23.19 2 1
github.com/m11ano/avito-shop/tests/mocks/operation_repository.go:23.19,24.48 1 0
github.com/m11ano/avito-shop/tests/mocks/operation_repository.go:27.2,29.88 3 1
github.com/m11ano/avito-shop/tests/mocks/operation_repository.go:29.88,31.3 1 0
github.com/m11ano/avito-shop/tests/mocks/operation_repository.go:32.2,32.79 1 1
github.com/m11ano/avito-shop/tests/mocks/operation_repository.go:32.79,34.3 1 0
github.com/m11ano/avito-shop/tests/mocks/operation_repository.go:34.8,36.3 1 1
github.com/m11ano/avito-shop/tests/mocks/operation_repository.go:38.2,38.79 1 1
github.com/m11ano/avito-shop/tests/mocks/operation_repository.go:38.79,40.3 1 0
github.com/m11ano/avito-shop/tests/mocks/operation_repository.go:40.8,42.3 1 1
github.com/m11ano/avito-shop/tests/mocks/operation_repository.go:44.2,44.15 1 1
github.com/m11ano/avito-shop/tests/mocks/operation_repository.go:48.117,51.19 2 1
github.com/m11ano/avito-shop/tests/mocks/operation_repository.go:51.19,52.63 1 0
github.com/m11ano/avito-shop/tests/mocks/operation_repository.go:55.2,58.86 4 1
github.com/m11ano/avito-shop/tests/mocks/operation_repository.go:58.86,60.3 1 0
github.com/m11ano/avito-shop/tests/mocks/operation_repository.go:61.2,61.71 1 1
github.com/m11ano/avito-shop/tests/mocks/operation_repository.go:61.71,63.3 1 0
github.com/m11ano/avito-shop/tests/mocks/operation_repository.go:63.8,65.3 1 1
github.com/m11ano/avito-shop/tests/mocks/operation_repository.go:67.2,67.70 1 1
github.com/m11ano/avito-shop/tests/mocks/operation_repository.go:67.70,69.3 1 0
github.com/m11ano/avito-shop/tests/mocks/operation_repository.go:69.8,71.3 1 1
github.com/m11ano/avito-shop/tests/mocks/operation_repository.go:73.2,73.71 1 1
github.com/m11ano/avito-shop/tests/mocks/operation_repository.go:73.71,75.3 1 0
github.com/m11ano/avito-shop/tests/mocks/operation_repository.go:75.8,77.3 1 1
github.com/m11ano/avito-shop/tests/mocks/operation_repository.go:79.2,79.19 1 1
github.com/m11ano/avito-shop/tests/mocks/operation_repository.go:87.25,91.19 3 0
github.com/m11ano/avito-shop/tests/mocks/operation_repository.go:91.19,91.49 1 0
github.com/m11ano/avito-shop/tests/mocks/operation_repository.go:93.2,93.13 1 0
github.com/m11ano/avito-shop/tests/mocks/pgx_pool.go:22.72,25.19 2 0
github.com/m11ano/avito-shop/tests/mocks/pgx_pool.go:25.19,26.49 1 0
github.com/m11ano/avito-shop/tests/mocks/pgx_pool.go:29.2,31.77 3 0
github.com/m11ano/avito-shop/tests/mocks/pgx_pool.go:31.77,33.3 1 0
github.com/m11ano/avito-shop/tests/mocks/pgx_pool.go:34.2,34.68 1 0
github.com/m11ano/avito-shop/tests/mocks/pgx_pool.go:34.68,36.3 1 0
github.com/m11ano/avito-shop/tests/mocks/pgx_pool.go:36.8,37.24 1 0
github.com/m11ano/avito-shop/tests/mocks/pgx_pool.go:37.24,39.4 1 0
github.com/m11ano/avito-shop/tests/mocks/pgx_pool.go:42.2,42.60 1 0
github.com/m11ano/avito-shop/tests/mocks/pgx_pool.go:42.60,44.3 1 0
github.com/m11ano/avito-shop/tests/mocks/pgx_pool.go:44.8,46.3 1 0
github.com/m11ano/avito-shop/tests/mocks/pgx_pool.go:48.2,48.15 1 0
github.com/m11ano/avito-shop/tests/mocks/pgx_pool.go:52.72,55.19 2 0
github.com/m11ano/avito-shop/tests/mocks/pgx_pool.go:55.19,56.56 1 0
github.com/m11ano/avito-shop/tests/mocks/pgx_pool.go:59.2,60.70 2 0
github.com/m11ano/avito-shop/tests/mocks/pgx_pool.go:60.70,62.3 1 0
github.com/m11ano/avito-shop/tests/mocks/pgx_pool.go:62.8,63.24 1 0
github.com/m11ano/avito-shop/tests/mocks/pgx_pool.go:63.24,65.4 1 0
github.com/m11ano/avito-shop/tests/mocks/pgx_pool.go:68.2,68.11 1 0
github.com/m11ano/avito-shop/tests/mocks/pgx_pool.go:72.88,75.19 2 0
github.com/m11ano/avito-shop/tests/mocks/pgx_pool.go:75.19,76.53 1 0
github.com/m11ano/avito-shop/tests/mocks/pgx_pool.go:79.2,80.87 2 0
github.com/m11ano/avito-shop/tests/mocks/pgx_pool.go:80.87,82.3 1 0
github.com/m11ano/avito-shop/tests/mocks/pgx_pool.go:82.8,84.3 1 0
github.com/m11ano/avito-shop/tests/mocks/pgx_pool.go:86.2,86.11 1 0
github.com/m11ano/avito-shop/tests/mocks/pgx_pool.go:90.63,93.19 2 0
github.com/m11ano/avito-shop/tests/mocks/pgx_pool.go:93.19,94.47 1 0
github.com/m11ano/avito-shop/tests/mocks/pgx_pool.go:97.2,99.70 3 0
github.com/m11ano/avito-shop/tests/mocks/pgx_pool.go:99.70,101.3 1 0
github.com/m11ano/avito-shop/tests/mocks/pgx_pool.go:102.2,102.61 1 0
github.com/m11ano/avito-shop/tests/mocks/pgx_pool.go:102.61,104.3 1 0
github.com/m11ano/avito-shop/tests/mocks/pgx_pool.go:104.8,105.24 1 0
github.com/m11ano/avito-shop/tests/mocks/pgx_pool.go:105.24,107.4 1 0
github.com/m11ano/avito-shop/tests/mocks/pgx_pool.go:110.2,110.60 1 0
github.com/m11ano/avito-shop/tests/mocks/pgx_pool.go:110.60,112.3 1 0
github.com/m11ano/avito-shop/tests/mocks/pgx_pool.go:112.8,114.3 1 0
github.com/m11ano/avito-shop/tests/mocks/pgx_pool.go:116.2,116.15 1 0
github.com/m11ano/avito-shop/tests/mocks/pgx_pool.go:120.90,123.19 2 1
github.com/m11ano/avito-shop/tests/mocks/pgx_pool.go:123.19,124.49 1 0
github.com/m11ano/avito-shop/tests/mocks/pgx_pool.go:127.2,129.85 3 1
github.com/m11ano/avito-shop/tests/mocks/pgx_pool.go:129.85,131.3 1 0
github.com/m11ano/avito-shop/tests/mocks/pgx_pool.go:132.2,132.76 1 1
github.com/m11ano/avito-shop/tests/mocks/pgx_pool.go:132.76,134.3 1 0
github.com/m11ano/avito-shop/tests/mocks/pgx_pool.go:134.8,135.24 1 1
github.com/m11ano/avito-shop/tests/mocks/pgx_pool.go:135.24,137.4 1 1
github.com/m11ano/avito-shop/tests/mocks/pgx_pool.go:140.2,140.75 1 1
github.com/m11ano/avito-shop/tests/mocks/pgx_pool.go:140.75,142.3 1 0
github.com/m11ano/avito-shop/tests/mocks/pgx_pool.go:142.8,144.3 1 1
github.com/m11ano/avito-shop/tests/mocks/pgx_pool.go:146.2,146.15 1 1
github.com/m11ano/avito-shop/tests/mocks/pgx_pool.go:150.28,152.2 1 0
github.com/m11ano/avito-shop/tests/mocks/pgx_pool.go:155.45,158.19 2 0
github.com/m11ano/avito-shop/tests/mocks/pgx_pool.go:158.19,159.48 1 0
github.com/m11ano/avito-shop/tests/mocks/pgx_pool.go:162.2,163.55 2 0
github.com/m11ano/avito-shop/tests/mocks/pgx_pool.go:163.55,165.3 1 0
github.com/m11ano/avito-shop/tests/mocks/pgx_pool.go:165.8,166.24 1 0
github.com/m11ano/avito-shop/tests/mocks/pgx_pool.go:166.24,168.4 1 0
github.com/m11ano/avito-shop/tests/mocks/pgx_pool.go:171.2,171.11 1 0
github.com/m11ano/avito-shop/tests/mocks/pgx_pool.go:175.140,178.19 2 0
github.com/m11ano/avito-shop/tests/mocks/pgx_pool.go:178.19,179.50 1 0
github.com/m11ano/avito-shop/tests/mocks/pgx_pool.go:182.2,184.115 3 0
github.com/m11ano/avito-shop/tests/mocks/pgx_pool.go:184.115,186.3 1 0
github.com/m11ano/avito-shop/tests/mocks/pgx_pool.go:187.2,187.106 1 0
github.com/m11ano/avito-shop/tests/mocks/pgx_pool.go:187.106,189.3 1 0
github.com/m11ano/avito-shop/tests/mocks/pgx_pool.go:189.8,191.3 1 0
github.com/m11ano/avito-shop/tests/mocks/pgx_pool.go:193.2,193.106 1 0
github.com/m11ano/avito-shop/tests/mocks/pgx_pool.go:193.106,195.3 1 0
github.com/m11ano/avito-shop/tests/mocks/pgx_pool.go:195.8,197.3 1 0
github.com/m11ano/avito-shop/tests/mocks/pgx_pool.go:199.2,199.15 1 0
github.com/m11ano/avito-shop/tests/mocks/pgx_pool.go:203.111,209.19 5 0
github.com/m11ano/avito-shop/tests/mocks/pgx_pool.go:209.19,210.46 1 0
github.com/m11ano/avito-shop/tests/mocks/pgx_pool.go:213.2,215.105 3 0
github.com/m11ano/avito-shop/tests/mocks/pgx_pool.go:215.105,217.3 1 0
github.com/m11ano/avito-shop/tests/mocks/pgx_pool.go:218.2,218.96 1 0
github.com/m11ano/avito-shop/tests/mocks/pgx_pool.go:218.96,220.3 1 0
github.com/m11ano/avito-shop/tests/mocks/pgx_pool.go:220.8,222.3 1 0
github.com/m11ano/avito-shop/tests/mocks/pgx_pool.go:224.2,224.84 1 0
github.com/m11ano/avito-shop/tests/mocks/pgx_pool.go:224.84,226.3 1 0
github.com/m11ano/avito-shop/tests/mocks/pgx_pool.go:226.8,228.3 1 0
github.com/m11ano/avito-shop/tests/mocks/pgx_pool.go:230.2,230.15 1 0
github.com/m11ano/avito-shop/tests/mocks/pgx_pool.go:234.52,237.19 2 0
github.com/m11ano/avito-shop/tests/mocks/pgx_pool.go:237.19,238.46 1 0
github.com/m11ano/avito-shop/tests/mocks/pgx_pool.go:241.2,242.60 2 0
github.com/m11ano/avito-shop/tests/mocks/pgx_pool.go:242.60,244.3 1 0
github.com/m11ano/avito-shop/tests/mocks/pgx_pool.go:244.8,246.3 1 0
github.com/m11ano/avito-shop/tests/mocks/pgx_pool.go:248.2,248.11 1 0
github.com/m11ano/avito-shop/tests/mocks/pgx_pool.go:252.98,258.19 5 0
github.com/m11ano/avito-shop/tests/mocks/pgx_pool.go:258.19,259.47 1 0
github.com/m11ano/avito-shop/tests/mocks/pgx_pool.go:262.2,264.96 3 0
github.com/m11ano/avito-shop/tests/mocks/pgx_pool.go:264.96,266.3 1 0
github.com/m11ano/avito-shop/tests/mocks/pgx_pool.go:267.2,267.87 1 0
github.com/m11ano/avito-shop/tests/mocks/pgx_pool.go:267.87,269.3 1 0
github.com/m11ano/avito-shop/tests/mocks/pgx_pool.go:269.8,270.24 1 0
github.com/m11ano/avito-shop/tests/mocks/pgx_pool.go:270.24,272.4 1 0
github.com/m11ano/avito-shop/tests/mocks/pgx_pool.go:275.2,275.84 1 0
github.com/m11ano/avito-shop/tests/mocks/pgx_pool.go:275.84,277.3 1 0
github.com/m11ano/avito-shop/tests/mocks/pgx_pool.go:277.8,279.3 1 0
github.com/m11ano/avito-shop/tests/mocks/pgx_pool.go:281.2,281.15 1 0
github.com/m11ano/avito-shop/tests/mocks/pgx_pool.go:285.91,291.19 5 0
github.com/m11ano/avito-shop/tests/mocks/pgx_pool.go:291.19,292.50 1 0
github.com/m11ano/avito-shop/tests/mocks/pgx_pool.go:295.2,296.86 2 0
github.com/m11ano/avito-shop/tests/mocks/pgx_pool.go:296.86,298.3 1 0
github.com/m11ano/avito-shop/tests/mocks/pgx_pool.go:298.8,299.24 1 0
github.com/m11ano/avito-shop/tests/mocks/pgx_pool.go:299.24,301.4 1 0
github.com/m11ano/avito-shop/tests/mocks/pgx_pool.go:304.2,304.11 1 0
github.com/m11ano/avito-shop/tests/mocks/pgx_pool.go:308.28,310.2 1 0
github.com/m11ano/avito-shop/tests/mocks/pgx_pool.go:313.82,316.19 2 0
github.com/m11ano/avito-shop/tests/mocks/pgx_pool.go:316.19,317.51 1 0
github.com/m11ano/avito-shop/tests/mocks/pgx_pool.go:320.2,321.83 2 0
github.com/m11ano/avito-shop/tests/mocks/pgx_pool.go:321.83,323.3 1 0
github.com/m11ano/avito-shop/tests/mocks/pgx_pool.go:323.8,324.24 1 0
github.com/m11ano/avito-shop/tests/mocks/pgx_pool.go:324.24,326.4 1 0
github.com/m11ano/avito-shop/tests/mocks/pgx_pool.go:329.2,329.11 1 0
github.com/m11ano/avito-shop/tests/mocks/pgx_pool.go:333.41,336.19 2 0
github.com/m11ano/avito-shop/tests/mocks/pgx_pool.go:336.19,337.46 1 0
github.com/m11ano/avito-shop/tests/mocks/pgx_pool.go:340.2,341.53 2 0
github.com/m11ano/avito-shop/tests/mocks/pgx_pool.go:341.53,343.3 1 0
github.com/m11ano/avito-shop/tests/mocks/pgx_pool.go:343.8,344.24 1 0
github.com/m11ano/avito-shop/tests/mocks/pgx_pool.go:344.24,346.4 1 0
github.com/m11ano/avito-shop/tests/mocks/pgx_pool.go:349.2,349.11 1 0
github.com/m11ano/avito-shop/tests/mocks/pgx_pool.go:357.13,361.19 3 0
github.com/m11ano/avito-shop/tests/mocks/pgx_pool.go:361.19,361.49 1 0
github.com/m11ano/avito-shop/tests/mocks/pgx_pool.go:363.2,363.13 1 0
github.com/m11ano/avito-shop/tests/mocks/pgx_pool_for_tx_manager.go:7.44,19.2 6 1
github.com/m11ano/avito-shop/tests/mocks/pgx_pool_tx.go:21.71,24.19 2 0
github.com/m11ano/avito-shop/tests/mocks/pgx_pool_tx.go:24.19,25.47 1 0
github.com/m11ano/avito-shop/tests/mocks/pgx_pool_tx.go:28.2,30.70 3 0
github.com/m11ano/avito-shop/tests/mocks/pgx_pool_tx.go:30.70,32.3 1 0
github.com/m11ano/avito-shop/tests/mocks/pgx_pool_tx.go:33.2,33.61 1 0
github.com/m11ano/avito-shop/tests/mocks/pgx_pool_tx.go:33.61,35.3 1 0
github.com/m11ano/avito-shop/tests/mocks/pgx_pool_tx.go:35.8,36.24 1 0
github.com/m11ano/avito-shop/tests/mocks/pgx_pool_tx.go:36.24,38.4 1 0
github.com/m11ano/avito-shop/tests/mocks/pgx_pool_tx.go:41.2,41.60 1 0
github.com/m11ano/avito-shop/tests/mocks/pgx_pool_tx.go:41.60,43.3 1 0
github.com/m11ano/avito-shop/tests/mocks/pgx_pool_tx.go:43.8,45.3 1 0
github.com/m11ano/avito-shop/tests/mocks/pgx_pool_tx.go:47.2,47.15 1 0
github.com/m11ano/avito-shop/tests/mocks/pgx_pool_tx.go:51.62,54.19 2 1
github.com/m11ano/avito-shop/tests/mocks/pgx_pool_tx.go:54.19,55.48 1 0
github.com/m11ano/avito-shop/tests/mocks/pgx_pool_tx.go:58.2,59.60 2 1
github.com/m11ano/avito-shop/tests/mocks/pgx_pool_tx.go:59.60,61.3 1 0
github.com/m11ano/avito-shop/tests/mocks/pgx_pool_tx.go:61.8,63.3 1 1
github.com/m11ano/avito-shop/tests/mocks/pgx_pool_tx.go:65.2,65.11 1 1
github.com/m11ano/avito-shop/tests/mocks/pgx_pool_tx.go:69.45,72.19 2 0
github.com/m11ano/avito-shop/tests/mocks/pgx_pool_tx.go:72.19,73.46 1 0
github.com/m11ano/avito-shop/tests/mocks/pgx_pool_tx.go:76.2,77.49 2 0
github.com/m11ano/avito-shop/tests/mocks/pgx_pool_tx.go:77.49,79.3 1 0
github.com/m11ano/avito-shop/tests/mocks/pgx_pool_tx.go:79.8,80.24 1 0
github.com/m11ano/avito-shop/tests/mocks/pgx_pool_tx.go:80.24,82.4 1 0
github.com/m11ano/avito-shop/tests/mocks/pgx_pool_tx.go:85.2,85.11 1 0
github.com/m11ano/avito-shop/tests/mocks/pgx_pool_tx.go:89.148,92.19 2 0
github.com/m11ano/avito-shop/tests/mocks/pgx_pool_tx.go:92.19,93.50 1 0
github.com/m11ano/avito-shop/tests/mocks/pgx_pool_tx.go:96.2,98.115 3 0
github.com/m11ano/avito-shop/tests/mocks/pgx_pool_tx.go:98.115,100.3 1 0
github.com/m11ano/avito-shop/tests/mocks/pgx_pool_tx.go:101.2,101.106 1 0
github.com/m11ano/avito-shop/tests/mocks/pgx_pool_tx.go:101.106,103.3 1 0
github.com/m11ano/avito-shop/tests/mocks/pgx_pool_tx.go:103.8,105.3 1 0
github.com/m11ano/avito-shop/tests/mocks/pgx_pool_tx.go:107.2,107.106 1 0
github.com/m11ano/avito-shop/tests/mocks/pgx_pool_tx.go:107.106,109.3 1 0
github.com/m11ano/avito-shop/tests/mocks/pgx_pool_tx.go:109.8,111.3 1 0
github.com/m11ano/avito-shop/tests/mocks/pgx_pool_tx.go:113.2,113.15 1 0
github.com/m11ano/avito-shop/tests/mocks/pgx_pool_tx.go:117.119,123.19 5 0
github.com/m11ano/avito-shop/tests/mocks/pgx_pool_tx.go:123.19,124.46 1 0
github.com/m11ano/avito-shop/tests/mocks/pgx_pool_tx.go:127.2,129.105 3 0
github.com/m11ano/avito-shop/tests/mocks/pgx_pool_tx.go:129.105,131.3 1 0
github.com/m11ano/avito-shop/tests/mocks/pgx_pool_tx.go:132.2,132.96 1 0
github.com/m11ano/avito-shop/tests/mocks/pgx_pool_tx.go:132.96,134.3 1 0
github.com/m11ano/avito-shop/tests/mocks/pgx_pool_tx.go:134.8,136.3 1 0
github.com/m11ano/avito-shop/tests/mocks/pgx_pool_tx.go:138.2,138.84 1 0
github.com/m11ano/avito-shop/tests/mocks/pgx_pool_tx.go:138.84,140.3 1 0
github.com/m11ano/avito-shop/tests/mocks/pgx_pool_tx.go:140.8,142.3 1 0
github.com/m11ano/avito-shop/tests/mocks/pgx_pool_tx.go:144.2,144.15 1 0
github.com/m11ano/avito-shop/tests/mocks/pgx_pool_tx.go:148.60,151.19 2 0
github.com/m11ano/avito-shop/tests/mocks/pgx_pool_tx.go:151.19,152.54 1 0
github.com/m11ano/avito-shop/tests/mocks/pgx_pool_tx.go:155.2,156.56 2 0
github.com/m11ano/avito-shop/tests/mocks/pgx_pool_tx.go:156.56,158.3 1 0
github.com/m11ano/avito-shop/tests/mocks/pgx_pool_tx.go:158.8,160.3 1 0
github.com/m11ano/avito-shop/tests/mocks/pgx_pool_tx.go:162.2,162.11 1 0
github.com/m11ano/avito-shop/tests/mocks/pgx_pool_tx.go:166.120,169.19 2 0
github.com/m11ano/avito-shop/tests/mocks/pgx_pool_tx.go:169.19,170.49 1 0
github.com/m11ano/avito-shop/tests/mocks/pgx_pool_tx.go:173.2,175.108 3 0
github.com/m11ano/avito-shop/tests/mocks/pgx_pool_tx.go:175.108,177.3 1 0
github.com/m11ano/avito-shop/tests/mocks/pgx_pool_tx.go:178.2,178.99 1 0
github.com/m11ano/avito-shop/tests/mocks/pgx_pool_tx.go:178.99,180.3 1 0
github.com/m11ano/avito-shop/tests/mocks/pgx_pool_tx.go:180.8,181.24 1 0
github.com/m11ano/avito-shop/tests/mocks/pgx_pool_tx.go:181.24,183.4 1 0
github.com/m11ano/avito-shop/tests/mocks/pgx_pool_tx.go:186.2,186.76 1 0
[...]
github.com/m11ano/avito-shop/internal/repository/coin_transfer.go:179.2,179.20 1 1
github.com/m11ano/avito-shop/internal/repository/operation.go:42.13,44.2 1 1
github.com/m11ano/avito-shop/internal/repository/operation.go:54.120,62.2 1 1
github.com/m11ano/avito-shop/internal/repository/operation.go:65.67,75.47 2 0
github.com/m11ano/avito-shop/internal/repository/operation.go:75.47,77.3 1 0
github.com/m11ano/avito-shop/internal/repository/operation.go:78.2,78.13 1 0
github.com/m11ano/avito-shop/internal/repository/operation.go:81.88,83.16 2 1
github.com/m11ano/avito-shop/internal/repository/operation.go:83.16,85.3 1 0
github.com/m11ano/avito-shop/internal/repository/operation.go:87.2,87.47 1 1
github.com/m11ano/avito-shop/internal/repository/operation.go:87.47,89.3 1 1
github.com/m11ano/avito-shop/internal/repository/operation.go:91.2,91.21 1 1
github.com/m11ano/avito-shop/internal/repository/operation.go:98.106,100.16 2 1
github.com/m11ano/avito-shop/internal/repository/operation.go:100.16,103.3 2 0
github.com/m11ano/avito-shop/internal/repository/operation.go:105.2,106.16 2 1
github.com/m11ano/avito-shop/internal/repository/operation.go:106.16,108.17 2 0
github.com/m11ano/avito-shop/internal/repository/operation.go:108.17,110.4 1 0
github.com/m11ano/avito-shop/internal/repository/operation.go:111.3,111.27 1 0
github.com/m11ano/avito-shop/internal/repository/operation.go:114.2,118.54 3 1
github.com/m11ano/avito-shop/internal/repository/operation.go:118.54,120.17 2 0
github.com/m11ano/avito-shop/internal/repository/operation.go:120.17,122.4 1 0
github.com/m11ano/avito-shop/internal/repository/operation.go:123.3,123.43 1 0
github.com/m11ano/avito-shop/internal/repository/operation.go:123.43,125.4 1 0
github.com/m11ano/avito-shop/internal/repository/operation.go:126.3,126.27 1 0
github.com/m11ano/avito-shop/internal/repository/operation.go:129.2,129.34 1 1
github.com/m11ano/avito-shop/internal/repository/operation.go:133.94,137.16 3 1
github.com/m11ano/avito-shop/internal/repository/operation.go:137.16,140.3 2 0
github.com/m11ano/avito-shop/internal/repository/operation.go:142.2,143.16 2 1
github.com/m11ano/avito-shop/internal/repository/operation.go:143.16,146.17 3 0
github.com/m11ano/avito-shop/internal/repository/operation.go:146.17,148.4 1 0
github.com/m11ano/avito-shop/internal/repository/operation.go:149.3,149.17 1 0
github.com/m11ano/avito-shop/internal/repository/operation.go:152.2,154.12 2 1
github.com/m11ano/avito-shop/internal/repository/operation.go:157.88,159.16 2 1
github.com/m11ano/avito-shop/internal/repository/operation.go:159.16,162.3 2 0
github.com/m11ano/avito-shop/internal/repository/operation.go:164.2,167.60 2 1
github.com/m11ano/avito-shop/internal/repository/operation.go:167.60,169.17 2 1
github.com/m11ano/avito-shop/internal/repository/operation.go:169.17,172.4 2 0
github.com/m11ano/avito-shop/internal/repository/operation.go:174.3,175.17 2 1
github.com/m11ano/avito-shop/internal/repository/operation.go:175.17,177.18 2 0
github.com/m11ano/avito-shop/internal/repository/operation.go:177.18,179.5 1 0
github.com/m11ano/avito-shop/internal/repository/operation.go:180.4,180.18 1 0
github.com/m11ano/avito-shop/internal/repository/operation.go:184.3,185.17 2 1
github.com/m11ano/avito-shop/internal/repository/operation.go:185.17,187.4 1 0
github.com/m11ano/avito-shop/internal/repository/operation.go:190.3,191.17 2 1
github.com/m11ano/avito-shop/internal/repository/operation.go:191.17,193.4 1 0
github.com/m11ano/avito-shop/internal/repository/operation.go:195.3,195.13 1 1
github.com/m11ano/avito-shop/internal/repository/operation.go:197.2,197.16 1 1
github.com/m11ano/avito-shop/internal/repository/operation.go:197.16,199.3 1 0
github.com/m11ano/avito-shop/internal/repository/operation.go:201.2,201.21 1 1
github.com/m11ano/avito-shop/internal/repository/shop_item.go:32.13,34.2 1 1
github.com/m11ano/avito-shop/internal/repository/shop_item.go:43.90,50.2 1 1
github.com/m11ano/avito-shop/internal/repository/shop_item.go:52.64,58.2 1 1
github.com/m11ano/avito-shop/internal/repository/shop_item.go:60.94,62.16 2 0
github.com/m11ano/avito-shop/internal/repository/shop_item.go:62.16,65.3 2 0
github.com/m11ano/avito-shop/internal/repository/shop_item.go:67.2,68.16 2 0
github.com/m11ano/avito-shop/internal/repository/shop_item.go:68.16,70.17 2 0
github.com/m11ano/avito-shop/internal/repository/shop_item.go:70.17,72.4 1 0
github.com/m11ano/avito-shop/internal/repository/shop_item.go:73.3,73.22 1 0
github.com/m11ano/avito-shop/internal/repository/shop_item.go:76.2,80.54 3 0
github.com/m11ano/avito-shop/internal/repository/shop_item.go:80.54,82.17 2 0
github.com/m11ano/avito-shop/internal/repository/shop_item.go:82.17,84.4 1 0
github.com/m11ano/avito-shop/internal/repository/shop_item.go:85.3,85.22 1 0
github.com/m11ano/avito-shop/internal/repository/shop_item.go:88.2,90.18 2 0
github.com/m11ano/avito-shop/internal/repository/shop_item.go:93.95,95.16 2 1
github.com/m11ano/avito-shop/internal/repository/shop_item.go:95.16,98.3 2 0
github.com/m11ano/avito-shop/internal/repository/shop_item.go:100.2,101.16 2 1
github.com/m11ano/avito-shop/internal/repository/shop_item.go:101.16,103.17 2 0
github.com/m11ano/avito-shop/internal/repository/shop_item.go:103.17,105.4 1 0
github.com/m11ano/avito-shop/internal/repository/shop_item.go:106.3,106.22 1 0
github.com/m11ano/avito-shop/internal/repository/shop_item.go:109.2,113.54 3 1
github.com/m11ano/avito-shop/internal/repository/shop_item.go:113.54,115.17 2 1
github.com/m11ano/avito-shop/internal/repository/shop_item.go:115.17,117.4 1 0
github.com/m11ano/avito-shop/internal/repository/shop_item.go:118.3,118.22 1 1
github.com/m11ano/avito-shop/internal/repository/shop_item.go:121.2,123.18 2 1
github.com/m11ano/avito-shop/internal/repository/shop_item.go:126.112,128.16 2 1
github.com/m11ano/avito-shop/internal/repository/shop_item.go:128.16,131.3 2 0
github.com/m11ano/avito-shop/internal/repository/shop_item.go:133.2,134.16 2 1
github.com/m11ano/avito-shop/internal/repository/shop_item.go:134.16,136.17 2 0
github.com/m11ano/avito-shop/internal/repository/shop_item.go:136.17,138.4 1 0
github.com/m11ano/avito-shop/internal/repository/shop_item.go:139.3,139.22 1 0
github.com/m11ano/avito-shop/internal/repository/shop_item.go:142.2,146.18 3 1
github.com/m11ano/avito-shop/internal/repository/shop_item.go:146.18,148.53 2 1
github.com/m11ano/avito-shop/internal/repository/shop_item.go:148.53,150.18 2 0
github.com/m11ano/avito-shop/internal/repository/shop_item.go:150.18,152.5 1 0
github.com/m11ano/avito-shop/internal/repository/shop_item.go:153.4,153.23 1 0
github.com/m11ano/avito-shop/internal/repository/shop_item.go:155.3,156.37 2 1
github.com/m11ano/avito-shop/internal/repository/shop_item.go:158.2,158.35 1 1
github.com/m11ano/avito-shop/internal/repository/shop_item.go:158.35,160.17 2 0
github.com/m11ano/avito-shop/internal/repository/shop_item.go:160.17,162.4 1 0
github.com/m11ano/avito-shop/internal/repository/shop_item.go:163.3,163.22 1 0
github.com/m11ano/avito-shop/internal/repository/shop_item.go:166.2,166.20 1 1
github.com/m11ano/avito-shop/internal/repository/shop_purchase.go:38.13,40.2 1 1
github.com/m11ano/avito-shop/internal/repository/shop_purchase.go:49.98,56.2 1 1
github.com/m11ano/avito-shop/internal/repository/shop_purchase.go:59.76,68.2 1 0
github.com/m11ano/avito-shop/internal/repository/shop_purchase.go:74.87,76.16 2 1
github.com/m11ano/avito-shop/internal/repository/shop_purchase.go:76.16,79.3 2 0
github.com/m11ano/avito-shop/internal/repository/shop_purchase.go:81.2,82.16 2 1
github.com/m11ano/avito-shop/internal/repository/shop_purchase.go:82.16,84.17 2 0
github.com/m11ano/avito-shop/internal/repository/shop_purchase.go:84.17,86.4 1 0
github.com/m11ano/avito-shop/internal/repository/shop_purchase.go:87.3,87.24 1 0
github.com/m11ano/avito-shop/internal/repository/shop_purchase.go:90.2,94.54 3 1
github.com/m11ano/avito-shop/internal/repository/shop_purchase.go:94.54,96.17 2 0
github.com/m11ano/avito-shop/internal/repository/shop_purchase.go:96.17,98.4 1 0
github.com/m11ano/avito-shop/internal/repository/shop_purchase.go:99.3,99.24 1 0
github.com/m11ano/avito-shop/internal/repository/shop_purchase.go:102.2,102.30 1 1
github.com/m11ano/avito-shop/internal/repository/shop_purchase.go:105.85,107.16 2 1
github.com/m11ano/avito-shop/internal/repository/shop_purchase.go:107.16,110.3 2 0
github.com/m11ano/avito-shop/internal/repository/shop_purchase.go:112.2,113.16 2 1
github.com/m11ano/avito-shop/internal/repository/shop_purchase.go:113.16,116.3 2 0
github.com/m11ano/avito-shop/internal/repository/shop_purchase.go:118.2,119.16 2 1
github.com/m11ano/avito-shop/internal/repository/shop_purchase.go:119.16,121.17 2 0
github.com/m11ano/avito-shop/internal/repository/shop_purchase.go:121.17,123.4 1 0
github.com/m11ano/avito-shop/internal/repository/shop_purchase.go:124.3,124.17 1 0
github.com/m11ano/avito-shop/internal/repository/shop_purchase.go:127.2,127.12 1 1
github.com/m11ano/avito-shop/internal/repository/shop_purchase.go:135.150,137.16 2 1
github.com/m11ano/avito-shop/internal/repository/shop_purchase.go:137.16,140.3 2 0
github.com/m11ano/avito-shop/internal/repository/shop_purchase.go:142.2,143.16 2 1
github.com/m11ano/avito-shop/internal/repository/shop_purchase.go:143.16,145.17 2 0
github.com/m11ano/avito-shop/internal/repository/shop_purchase.go:145.17,147.4 1 0
github.com/m11ano/avito-shop/internal/repository/shop_purchase.go:148.3,148.22 1 0
github.com/m11ano/avito-shop/internal/repository/shop_purchase.go:151.2,155.18 3 1
github.com/m11ano/avito-shop/internal/repository/shop_purchase.go:155.18,157.54 2 1
github.com/m11ano/avito-shop/internal/repository/shop_purchase.go:157.54,159.18 2 0
github.com/m11ano/avito-shop/internal/repository/shop_purchase.go:159.18,161.5 1 0
github.com/m11ano/avito-shop/internal/repository/shop_purchase.go:162.4,162.23 1 0
github.com/m11ano/avito-shop/internal/repository/shop_purchase.go:164.3,167.5 1 1
github.com/m11ano/avito-shop/internal/repository/shop_purchase.go:169.2,169.35 1 1
github.com/m11ano/avito-shop/internal/repository/shop_purchase.go:169.35,171.17 2 0
github.com/m11ano/avito-shop/internal/repository/shop_purchase.go:171.17,173.4 1 0
github.com/m11ano/avito-shop/internal/repository/shop_purchase.go:174.3,174.22 1 0
github.com/m11ano/avito-shop/internal/repository/shop_purchase.go:177.2,177.20 1 1
github.com/m11ano/avito-shop/internal/usecase/account.go:34.129,42.2 2 1
github.com/m11ano/avito-shop/internal/usecase/account.go:44.105,46.2 1 1
github.com/m11ano/avito-shop/internal/usecase/account.go:48.114,50.2 1 1
github.com/m11ano/avito-shop/internal/usecase/account.go:52.80,54.2 1 1
github.com/m11ano/avito-shop/internal/usecase/auth.go:32.151,41.2 2 1
github.com/m11ano/avito-shop/internal/usecase/auth.go:43.100,50.2 2 1
github.com/m11ano/avito-shop/internal/usecase/auth.go:52.107,56.61 3 1
github.com/m11ano/avito-shop/internal/usecase/auth.go:56.61,58.50 2 1
github.com/m11ano/avito-shop/internal/usecase/auth.go:58.50,60.18 2 1
github.com/m11ano/avito-shop/internal/usecase/auth.go:60.18,62.5 1 0
github.com/m11ano/avito-shop/internal/usecase/auth.go:64.4,65.18 2 1
github.com/m11ano/avito-shop/internal/usecase/auth.go:65.18,67.5 1 0
github.com/m11ano/avito-shop/internal/usecase/auth.go:69.4,69.43 1 1
github.com/m11ano/avito-shop/internal/usecase/auth.go:69.43,72.19 3 1
github.com/m11ano/avito-shop/internal/usecase/auth.go:72.19,74.6 1 0
github.com/m11ano/avito-shop/internal/usecase/auth.go:76.9,76.24 1 1
github.com/m11ano/avito-shop/internal/usecase/auth.go:76.24,78.4 1 0
github.com/m11ano/avito-shop/internal/usecase/auth.go:80.3,80.13 1 1
github.com/m11ano/avito-shop/internal/usecase/auth.go:82.2,82.16 1 1
github.com/m11ano/avito-shop/internal/usecase/auth.go:82.16,83.25 1 0
github.com/m11ano/avito-shop/internal/usecase/auth.go:83.25,85.4 1 0
github.com/m11ano/avito-shop/internal/usecase/auth.go:86.3,86.17 1 0
github.com/m11ano/avito-shop/internal/usecase/auth.go:89.2,90.12 2 1
github.com/m11ano/avito-shop/internal/usecase/auth.go:90.12,92.3 1 1
github.com/m11ano/avito-shop/internal/usecase/auth.go:94.2,94.42 1 1
github.com/m11ano/avito-shop/internal/usecase/auth.go:97.92,99.94 2 1
github.com/m11ano/avito-shop/internal/usecase/auth.go:99.94,101.3 1 1
github.com/m11ano/avito-shop/internal/usecase/auth.go:102.2,102.32 1 1
github.com/m11ano/avito-shop/internal/usecase/auth.go:102.32,104.3 1 0
github.com/m11ano/avito-shop/internal/usecase/auth.go:106.2,111.58 5 1
github.com/m11ano/avito-shop/internal/usecase/auth.go:111.58,113.3 1 0
github.com/m11ano/avito-shop/internal/usecase/auth.go:115.2,115.58 1 1
github.com/m11ano/avito-shop/internal/usecase/auth.go:115.58,117.3 1 0
github.com/m11ano/avito-shop/internal/usecase/auth.go:119.2,120.16 2 1
github.com/m11ano/avito-shop/internal/usecase/auth.go:120.16,122.3 1 0
github.com/m11ano/avito-shop/internal/usecase/auth.go:124.2,125.16 2 1
github.com/m11ano/avito-shop/internal/usecase/auth.go:125.16,127.3 1 0
github.com/m11ano/avito-shop/internal/usecase/auth.go:129.2,129.62 1 1
github.com/m11ano/avito-shop/internal/usecase/auth.go:129.62,131.3 1 0
github.com/m11ano/avito-shop/internal/usecase/auth.go:133.2,133.24 1 1
github.com/m11ano/avito-shop/internal/usecase/coin_transfer.go:48.196,58.2 2 1
github.com/m11ano/avito-shop/internal/usecase/coin_transfer.go:61.219,66.17 4 1
github.com/m11ano/avito-shop/internal/usecase/coin_transfer.go:66.17,68.3 1 0
github.com/m11ano/avito-shop/internal/usecase/coin_transfer.go:70.2,70.61 1 1
github.com/m11ano/avito-shop/internal/usecase/coin_transfer.go:70.61,71.25 1 1
github.com/m11ano/avito-shop/internal/usecase/coin_transfer.go:71.25,73.18 2 1
github.com/m11ano/avito-shop/internal/usecase/coin_transfer.go:73.18,75.5 1 0
github.com/m11ano/avito-shop/internal/usecase/coin_transfer.go:77.4,77.24 1 1
github.com/m11ano/avito-shop/internal/usecase/coin_transfer.go:77.24,79.5 1 0
github.com/m11ano/avito-shop/internal/usecase/coin_transfer.go:82.3,83.17 2 1
github.com/m11ano/avito-shop/internal/usecase/coin_transfer.go:83.17,85.4 1 0
github.com/m11ano/avito-shop/internal/usecase/coin_transfer.go:87.3,87.41 1 1
github.com/m11ano/avito-shop/internal/usecase/coin_transfer.go:87.41,89.4 1 0
github.com/m11ano/avito-shop/internal/usecase/coin_transfer.go:91.3,98.17 6 1
github.com/m11ano/avito-shop/internal/usecase/coin_transfer.go:98.17,100.4 1 1
github.com/m11ano/avito-shop/internal/usecase/coin_transfer.go:102.3,103.17 2 1
github.com/m11ano/avito-shop/internal/usecase/coin_transfer.go:103.17,105.4 1 0
github.com/m11ano/avito-shop/internal/usecase/coin_transfer.go:107.3,108.17 2 1
github.com/m11ano/avito-shop/internal/usecase/coin_transfer.go:108.17,110.4 1 0
github.com/m11ano/avito-shop/internal/usecase/coin_transfer.go:112.3,113.17 2 1
github.com/m11ano/avito-shop/internal/usecase/coin_transfer.go:113.17,115.4 1 0
github.com/m11ano/avito-shop/internal/usecase/coin_transfer.go:117.3,117.13 1 1
github.com/m11ano/avito-shop/internal/usecase/coin_transfer.go:119.2,119.16 1 1
github.com/m11ano/avito-shop/internal/usecase/coin_transfer.go:119.16,120.25 1 1
github.com/m11ano/avito-shop/internal/usecase/coin_transfer.go:120.25,122.4 1 0
github.com/m11ano/avito-shop/internal/usecase/coin_transfer.go:123.3,123.23 1 1
github.com/m11ano/avito-shop/internal/usecase/coin_transfer.go:126.2,126.49 1 1
github.com/m11ano/avito-shop/internal/usecase/coin_transfer.go:129.170,131.16 2 1
github.com/m11ano/avito-shop/internal/usecase/coin_transfer.go:131.16,133.3 1 0
github.com/m11ano/avito-shop/internal/usecase/coin_transfer.go:134.2,135.31 2 1
github.com/m11ano/avito-shop/internal/usecase/coin_transfer.go:135.31,137.3 1 1
github.com/m11ano/avito-shop/internal/usecase/coin_transfer.go:139.2,140.16 2 1
github.com/m11ano/avito-shop/internal/usecase/coin_transfer.go:140.16,142.3 1 0
github.com/m11ano/avito-shop/internal/usecase/coin_transfer.go:144.2,146.31 2 1
github.com/m11ano/avito-shop/internal/usecase/coin_transfer.go:146.31,150.58 2 1
github.com/m11ano/avito-shop/internal/usecase/coin_transfer.go:150.58,152.4 1 1
github.com/m11ano/avito-shop/internal/usecase/coin_transfer.go:154.3,154.38 1 1
github.com/m11ano/avito-shop/internal/usecase/coin_transfer.go:157.2,157.20 1 1
github.com/m11ano/avito-shop/internal/usecase/operation.go:35.135,43.2 2 1
github.com/m11ano/avito-shop/internal/usecase/operation.go:45.105,48.24 3 1
github.com/m11ano/avito-shop/internal/usecase/operation.go:49.36,51.62 1 1
github.com/m11ano/avito-shop/internal/usecase/operation.go:51.62,53.18 2 1
github.com/m11ano/avito-shop/internal/usecase/operation.go:53.18,55.5 1 0
github.com/m11ano/avito-shop/internal/usecase/operation.go:57.4,57.19 1 1
github.com/m11ano/avito-shop/internal/usecase/operation.go:57.19,59.5 1 1
github.com/m11ano/avito-shop/internal/usecase/operation.go:61.4,61.14 1 1
github.com/m11ano/avito-shop/internal/usecase/operation.go:63.3,63.17 1 1
github.com/m11ano/avito-shop/internal/usecase/operation.go:63.17,65.4 1 1
github.com/m11ano/avito-shop/internal/usecase/operation.go:66.36,69.17 2 1
github.com/m11ano/avito-shop/internal/usecase/operation.go:69.17,71.4 1 0
github.com/m11ano/avito-shop/internal/usecase/operation.go:74.2,74.21 1 1
github.com/m11ano/avito-shop/internal/usecase/operation.go:77.111,79.2 1 1
github.com/m11ano/avito-shop/internal/usecase/shop_item.go:28.61,33.2 2 1
github.com/m11ano/avito-shop/internal/usecase/shop_item.go:35.98,37.2 1 0
github.com/m11ano/avito-shop/internal/usecase/shop_item.go:39.99,41.2 1 1
github.com/m11ano/avito-shop/internal/usecase/shop_item.go:43.116,45.2 1 1
github.com/m11ano/avito-shop/internal/usecase/shop_purchase.go:47.222,58.2 2 1
github.com/m11ano/avito-shop/internal/usecase/shop_purchase.go:60.171,64.61 3 1
github.com/m11ano/avito-shop/internal/usecase/shop_purchase.go:64.61,65.25 1 1
github.com/m11ano/avito-shop/internal/usecase/shop_purchase.go:65.25,67.18 2 1
github.com/m11ano/avito-shop/internal/usecase/shop_purchase.go:67.18,69.5 1 0
github.com/m11ano/avito-shop/internal/usecase/shop_purchase.go:71.4,71.24 1 1
github.com/m11ano/avito-shop/internal/usecase/shop_purchase.go:71.24,73.5 1 0
github.com/m11ano/avito-shop/internal/usecase/shop_purchase.go:76.3,77.17 2 1
github.com/m11ano/avito-shop/internal/usecase/shop_purchase.go:77.17,79.4 1 1
github.com/m11ano/avito-shop/internal/usecase/shop_purchase.go:81.3,86.17 4 1
github.com/m11ano/avito-shop/internal/usecase/shop_purchase.go:86.17,88.4 1 1
github.com/m11ano/avito-shop/internal/usecase/shop_purchase.go:90.3,91.17 2 1
github.com/m11ano/avito-shop/internal/usecase/shop_purchase.go:91.17,93.4 1 0
github.com/m11ano/avito-shop/internal/usecase/shop_purchase.go:95.3,95.13 1 1
github.com/m11ano/avito-shop/internal/usecase/shop_purchase.go:97.2,97.16 1 1
github.com/m11ano/avito-shop/internal/usecase/shop_purchase.go:97.16,98.25 1 1
github.com/m11ano/avito-shop/internal/usecase/shop_purchase.go:98.25,100.4 1 0
github.com/m11ano/avito-shop/internal/usecase/shop_purchase.go:101.3,101.18 1 1
github.com/m11ano/avito-shop/internal/usecase/shop_purchase.go:104.2,104.26 1 1
github.com/m11ano/avito-shop/internal/usecase/shop_purchase.go:107.124,109.16 2 1
github.com/m11ano/avito-shop/internal/usecase/shop_purchase.go:109.16,111.3 1 0
github.com/m11ano/avito-shop/internal/usecase/shop_purchase.go:113.2,114.33 2 1
github.com/m11ano/avito-shop/internal/usecase/shop_purchase.go:114.33,116.3 1 1
github.com/m11ano/avito-shop/internal/usecase/shop_purchase.go:118.2,119.16 2 1
github.com/m11ano/avito-shop/internal/usecase/shop_purchase.go:119.16,121.3 1 0
github.com/m11ano/avito-shop/internal/usecase/shop_purchase.go:123.2,125.33 2 1
github.com/m11ano/avito-shop/internal/usecase/shop_purchase.go:125.33,129.53 2 1
github.com/m11ano/avito-shop/internal/usecase/shop_purchase.go:129.53,131.4 1 1
github.com/m11ano/avito-shop/internal/usecase/shop_purchase.go:133.3,133.38 1 1
github.com/m11ano/avito-shop/internal/usecase/shop_purchase.go:136.2,136.20 1 1
